{"C:\\Users\\User\\Desktop\\workspace\\ai_stock_screener\\frontend\\jest.config.ts": {"path":"C:\\Users\\User\\Desktop\\workspace\\ai_stock_screener\\frontend\\jest.config.ts","all":true,"statementMap":{"0":{"start":{"line":1,"column":0},"end":{"line":1,"column":35}},"1":{"start":{"line":2,"column":0},"end":{"line":2,"column":36}},"2":{"start":{"line":3,"column":0},"end":{"line":3,"column":0}},"3":{"start":{"line":4,"column":0},"end":{"line":4,"column":35}},"4":{"start":{"line":5,"column":0},"end":{"line":5,"column":14}},"5":{"start":{"line":6,"column":0},"end":{"line":6,"column":3}},"6":{"start":{"line":7,"column":0},"end":{"line":7,"column":0}},"7":{"start":{"line":8,"column":0},"end":{"line":8,"column":24}},"8":{"start":{"line":9,"column":0},"end":{"line":9,"column":27}},"9":{"start":{"line":10,"column":0},"end":{"line":10,"column":29}},"10":{"start":{"line":11,"column":0},"end":{"line":11,"column":52}},"11":{"start":{"line":12,"column":0},"end":{"line":12,"column":81}},"12":{"start":{"line":13,"column":0},"end":{"line":13,"column":23}},"13":{"start":{"line":14,"column":0},"end":{"line":14,"column":35}},"14":{"start":{"line":15,"column":0},"end":{"line":15,"column":6}},"15":{"start":{"line":16,"column":0},"end":{"line":16,"column":26}},"16":{"start":{"line":17,"column":0},"end":{"line":17,"column":31}},"17":{"start":{"line":18,"column":0},"end":{"line":18,"column":21}},"18":{"start":{"line":19,"column":0},"end":{"line":19,"column":30}},"19":{"start":{"line":20,"column":0},"end":{"line":20,"column":23}},"20":{"start":{"line":21,"column":0},"end":{"line":21,"column":26}},"21":{"start":{"line":22,"column":0},"end":{"line":22,"column":6}},"22":{"start":{"line":23,"column":0},"end":{"line":23,"column":24}},"23":{"start":{"line":24,"column":0},"end":{"line":24,"column":17}},"24":{"start":{"line":25,"column":0},"end":{"line":25,"column":24}},"25":{"start":{"line":26,"column":0},"end":{"line":26,"column":25}},"26":{"start":{"line":27,"column":0},"end":{"line":27,"column":21}},"27":{"start":{"line":28,"column":0},"end":{"line":28,"column":26}},"28":{"start":{"line":29,"column":0},"end":{"line":29,"column":10}},"29":{"start":{"line":30,"column":0},"end":{"line":30,"column":6}},"30":{"start":{"line":31,"column":0},"end":{"line":31,"column":2}},"31":{"start":{"line":32,"column":0},"end":{"line":32,"column":0}},"32":{"start":{"line":33,"column":0},"end":{"line":33,"column":40}}},"s":{"0":0,"1":0,"2":0,"3":0,"4":0,"5":0,"6":0,"7":0,"8":0,"9":0,"10":0,"11":0,"12":0,"13":0,"14":0,"15":0,"16":0,"17":0,"18":0,"19":0,"20":0,"21":0,"22":0,"23":0,"24":0,"25":0,"26":0,"27":0,"28":0,"29":0,"30":0,"31":0,"32":0},"branchMap":{"0":{"type":"branch","line":1,"loc":{"start":{"line":1,"column":0},"end":{"line":33,"column":40}},"locations":[{"start":{"line":1,"column":0},"end":{"line":33,"column":40}}]}},"b":{"0":[0]},"fnMap":{"0":{"name":"(empty-report)","decl":{"start":{"line":1,"column":0},"end":{"line":33,"column":40}},"loc":{"start":{"line":1,"column":0},"end":{"line":33,"column":40}},"line":1}},"f":{"0":0}}
,"C:\\Users\\User\\Desktop\\workspace\\ai_stock_screener\\frontend\\middleware.ts": {"path":"C:\\Users\\User\\Desktop\\workspace\\ai_stock_screener\\frontend\\middleware.ts","all":true,"statementMap":{"0":{"start":{"line":1,"column":0},"end":{"line":1,"column":43}},"1":{"start":{"line":2,"column":0},"end":{"line":2,"column":47}},"2":{"start":{"line":3,"column":0},"end":{"line":3,"column":0}},"3":{"start":{"line":4,"column":0},"end":{"line":4,"column":54}},"4":{"start":{"line":5,"column":0},"end":{"line":5,"column":129}},"5":{"start":{"line":6,"column":0},"end":{"line":6,"column":35}},"6":{"start":{"line":7,"column":0},"end":{"line":7,"column":5}},"7":{"start":{"line":8,"column":0},"end":{"line":8,"column":0}},"8":{"start":{"line":9,"column":0},"end":{"line":9,"column":31}},"9":{"start":{"line":10,"column":0},"end":{"line":10,"column":1}},"10":{"start":{"line":11,"column":0},"end":{"line":11,"column":0}},"11":{"start":{"line":12,"column":0},"end":{"line":12,"column":23}},"12":{"start":{"line":13,"column":0},"end":{"line":13,"column":76}},"13":{"start":{"line":14,"column":0},"end":{"line":14,"column":2}}},"s":{"0":0,"1":0,"2":0,"3":0,"4":0,"5":0,"6":0,"7":0,"8":0,"9":0,"10":0,"11":0,"12":0,"13":0},"branchMap":{"0":{"type":"branch","line":1,"loc":{"start":{"line":1,"column":0},"end":{"line":14,"column":2}},"locations":[{"start":{"line":1,"column":0},"end":{"line":14,"column":2}}]}},"b":{"0":[0]},"fnMap":{"0":{"name":"(empty-report)","decl":{"start":{"line":1,"column":0},"end":{"line":14,"column":2}},"loc":{"start":{"line":1,"column":0},"end":{"line":14,"column":2}},"line":1}},"f":{"0":0}}
,"C:\\Users\\User\\Desktop\\workspace\\ai_stock_screener\\frontend\\next.config.ts": {"path":"C:\\Users\\User\\Desktop\\workspace\\ai_stock_screener\\frontend\\next.config.ts","all":true,"statementMap":{"0":{"start":{"line":1,"column":0},"end":{"line":1,"column":39}},"1":{"start":{"line":2,"column":0},"end":{"line":2,"column":0}},"2":{"start":{"line":3,"column":0},"end":{"line":3,"column":32}},"3":{"start":{"line":4,"column":0},"end":{"line":4,"column":26}},"4":{"start":{"line":5,"column":0},"end":{"line":5,"column":2}},"5":{"start":{"line":6,"column":0},"end":{"line":6,"column":0}},"6":{"start":{"line":7,"column":0},"end":{"line":7,"column":26}}},"s":{"0":0,"1":0,"2":0,"3":0,"4":0,"5":0,"6":0},"branchMap":{"0":{"type":"branch","line":1,"loc":{"start":{"line":1,"column":0},"end":{"line":7,"column":26}},"locations":[{"start":{"line":1,"column":0},"end":{"line":7,"column":26}}]}},"b":{"0":[0]},"fnMap":{"0":{"name":"(empty-report)","decl":{"start":{"line":1,"column":0},"end":{"line":7,"column":26}},"loc":{"start":{"line":1,"column":0},"end":{"line":7,"column":26}},"line":1}},"f":{"0":0}}
,"C:\\Users\\User\\Desktop\\workspace\\ai_stock_screener\\frontend\\postcss.config.js": {"path":"C:\\Users\\User\\Desktop\\workspace\\ai_stock_screener\\frontend\\postcss.config.js","all":true,"statementMap":{"0":{"start":{"line":1,"column":0},"end":{"line":1,"column":18}},"1":{"start":{"line":2,"column":0},"end":{"line":2,"column":14}},"2":{"start":{"line":3,"column":0},"end":{"line":3,"column":24}},"3":{"start":{"line":4,"column":0},"end":{"line":4,"column":25}},"4":{"start":{"line":5,"column":0},"end":{"line":5,"column":6}},"5":{"start":{"line":6,"column":0},"end":{"line":6,"column":2}}},"s":{"0":0,"1":0,"2":0,"3":0,"4":0,"5":0},"branchMap":{"0":{"type":"branch","line":1,"loc":{"start":{"line":1,"column":0},"end":{"line":6,"column":2}},"locations":[{"start":{"line":1,"column":0},"end":{"line":6,"column":2}}]}},"b":{"0":[0]},"fnMap":{"0":{"name":"(empty-report)","decl":{"start":{"line":1,"column":0},"end":{"line":6,"column":2}},"loc":{"start":{"line":1,"column":0},"end":{"line":6,"column":2}},"line":1}},"f":{"0":0}}
,"C:\\Users\\User\\Desktop\\workspace\\ai_stock_screener\\frontend\\tailwind.config.ts": {"path":"C:\\Users\\User\\Desktop\\workspace\\ai_stock_screener\\frontend\\tailwind.config.ts","all":true,"statementMap":{"0":{"start":{"line":1,"column":0},"end":{"line":1,"column":42}},"1":{"start":{"line":2,"column":0},"end":{"line":2,"column":0}},"2":{"start":{"line":3,"column":0},"end":{"line":3,"column":16}},"3":{"start":{"line":4,"column":0},"end":{"line":4,"column":89}},"4":{"start":{"line":5,"column":0},"end":{"line":5,"column":12}},"5":{"start":{"line":6,"column":0},"end":{"line":6,"column":19}},"6":{"start":{"line":7,"column":0},"end":{"line":7,"column":6}},"7":{"start":{"line":8,"column":0},"end":{"line":8,"column":16}},"8":{"start":{"line":9,"column":0},"end":{"line":9,"column":19}}},"s":{"0":0,"1":0,"2":0,"3":0,"4":0,"5":0,"6":0,"7":0,"8":0},"branchMap":{"0":{"type":"branch","line":1,"loc":{"start":{"line":1,"column":0},"end":{"line":9,"column":19}},"locations":[{"start":{"line":1,"column":0},"end":{"line":9,"column":19}}]}},"b":{"0":[0]},"fnMap":{"0":{"name":"(empty-report)","decl":{"start":{"line":1,"column":0},"end":{"line":9,"column":19}},"loc":{"start":{"line":1,"column":0},"end":{"line":9,"column":19}},"line":1}},"f":{"0":0}}
,"C:\\Users\\User\\Desktop\\workspace\\ai_stock_screener\\frontend\\app\\layout.tsx": {"path":"C:\\Users\\User\\Desktop\\workspace\\ai_stock_screener\\frontend\\app\\layout.tsx","all":true,"statementMap":{"0":{"start":{"line":1,"column":0},"end":{"line":1,"column":37}},"1":{"start":{"line":2,"column":0},"end":{"line":2,"column":23}},"2":{"start":{"line":3,"column":0},"end":{"line":3,"column":40}},"3":{"start":{"line":4,"column":0},"end":{"line":4,"column":0}},"4":{"start":{"line":5,"column":0},"end":{"line":5,"column":35}},"5":{"start":{"line":6,"column":0},"end":{"line":6,"column":31}},"6":{"start":{"line":7,"column":0},"end":{"line":7,"column":72}},"7":{"start":{"line":8,"column":0},"end":{"line":8,"column":2}},"8":{"start":{"line":9,"column":0},"end":{"line":9,"column":0}},"9":{"start":{"line":10,"column":0},"end":{"line":10,"column":81}},"10":{"start":{"line":11,"column":0},"end":{"line":11,"column":12}},"11":{"start":{"line":12,"column":0},"end":{"line":12,"column":24}},"12":{"start":{"line":13,"column":0},"end":{"line":13,"column":18}},"13":{"start":{"line":14,"column":0},"end":{"line":14,"column":49}},"14":{"start":{"line":15,"column":0},"end":{"line":15,"column":19}},"15":{"start":{"line":16,"column":0},"end":{"line":16,"column":15}},"16":{"start":{"line":17,"column":0},"end":{"line":17,"column":6}},"17":{"start":{"line":18,"column":0},"end":{"line":18,"column":1}}},"s":{"0":0,"1":0,"2":0,"3":0,"4":0,"5":0,"6":0,"7":0,"8":0,"9":0,"10":0,"11":0,"12":0,"13":0,"14":0,"15":0,"16":0,"17":0},"branchMap":{"0":{"type":"branch","line":1,"loc":{"start":{"line":1,"column":0},"end":{"line":18,"column":1}},"locations":[{"start":{"line":1,"column":0},"end":{"line":18,"column":1}}]}},"b":{"0":[0]},"fnMap":{"0":{"name":"(empty-report)","decl":{"start":{"line":1,"column":0},"end":{"line":18,"column":1}},"loc":{"start":{"line":1,"column":0},"end":{"line":18,"column":1}},"line":1}},"f":{"0":0}}
,"C:\\Users\\User\\Desktop\\workspace\\ai_stock_screener\\frontend\\app\\page.tsx": {"path":"C:\\Users\\User\\Desktop\\workspace\\ai_stock_screener\\frontend\\app\\page.tsx","all":true,"statementMap":{"0":{"start":{"line":1,"column":0},"end":{"line":1,"column":29}},"1":{"start":{"line":2,"column":0},"end":{"line":2,"column":64}},"2":{"start":{"line":3,"column":0},"end":{"line":3,"column":93}},"3":{"start":{"line":4,"column":0},"end":{"line":4,"column":48}},"4":{"start":{"line":5,"column":0},"end":{"line":5,"column":97}},"5":{"start":{"line":6,"column":0},"end":{"line":6,"column":105}},"6":{"start":{"line":7,"column":0},"end":{"line":7,"column":0}},"7":{"start":{"line":8,"column":0},"end":{"line":8,"column":18}},"8":{"start":{"line":9,"column":0},"end":{"line":9,"column":5}},"9":{"start":{"line":10,"column":0},"end":{"line":10,"column":34}},"10":{"start":{"line":11,"column":0},"end":{"line":11,"column":120}},"11":{"start":{"line":12,"column":0},"end":{"line":12,"column":23}},"12":{"start":{"line":13,"column":0},"end":{"line":13,"column":6}},"13":{"start":{"line":14,"column":0},"end":{"line":14,"column":5}},"14":{"start":{"line":15,"column":0},"end":{"line":15,"column":33}},"15":{"start":{"line":16,"column":0},"end":{"line":16,"column":115}},"16":{"start":{"line":17,"column":0},"end":{"line":17,"column":25}},"17":{"start":{"line":18,"column":0},"end":{"line":18,"column":6}},"18":{"start":{"line":19,"column":0},"end":{"line":19,"column":5}},"19":{"start":{"line":20,"column":0},"end":{"line":20,"column":34}},"20":{"start":{"line":21,"column":0},"end":{"line":21,"column":112}},"21":{"start":{"line":22,"column":0},"end":{"line":22,"column":26}},"22":{"start":{"line":23,"column":0},"end":{"line":23,"column":6}},"23":{"start":{"line":24,"column":0},"end":{"line":24,"column":2}},"24":{"start":{"line":25,"column":0},"end":{"line":25,"column":0}},"25":{"start":{"line":26,"column":0},"end":{"line":26,"column":14}},"26":{"start":{"line":27,"column":0},"end":{"line":27,"column":5}},"27":{"start":{"line":28,"column":0},"end":{"line":28,"column":43}},"28":{"start":{"line":29,"column":0},"end":{"line":29,"column":139}},"29":{"start":{"line":30,"column":0},"end":{"line":30,"column":6}},"30":{"start":{"line":31,"column":0},"end":{"line":31,"column":5}},"31":{"start":{"line":32,"column":0},"end":{"line":32,"column":57}},"32":{"start":{"line":33,"column":0},"end":{"line":33,"column":123}},"33":{"start":{"line":34,"column":0},"end":{"line":34,"column":6}},"34":{"start":{"line":35,"column":0},"end":{"line":35,"column":5}},"35":{"start":{"line":36,"column":0},"end":{"line":36,"column":43}},"36":{"start":{"line":37,"column":0},"end":{"line":37,"column":132}},"37":{"start":{"line":38,"column":0},"end":{"line":38,"column":6}},"38":{"start":{"line":39,"column":0},"end":{"line":39,"column":2}},"39":{"start":{"line":40,"column":0},"end":{"line":40,"column":0}},"40":{"start":{"line":41,"column":0},"end":{"line":41,"column":36}},"41":{"start":{"line":42,"column":0},"end":{"line":42,"column":12}},"42":{"start":{"line":43,"column":0},"end":{"line":43,"column":180}},"43":{"start":{"line":44,"column":0},"end":{"line":44,"column":100}},"44":{"start":{"line":45,"column":0},"end":{"line":45,"column":163}},"45":{"start":{"line":46,"column":0},"end":{"line":46,"column":77}},"46":{"start":{"line":47,"column":0},"end":{"line":47,"column":65}},"47":{"start":{"line":48,"column":0},"end":{"line":48,"column":130}},"48":{"start":{"line":49,"column":0},"end":{"line":49,"column":65}},"49":{"start":{"line":50,"column":0},"end":{"line":50,"column":34}},"50":{"start":{"line":51,"column":0},"end":{"line":51,"column":33}},"51":{"start":{"line":52,"column":0},"end":{"line":52,"column":122}},"52":{"start":{"line":53,"column":0},"end":{"line":53,"column":101}},"53":{"start":{"line":54,"column":0},"end":{"line":54,"column":34}},"54":{"start":{"line":55,"column":0},"end":{"line":55,"column":30}},"55":{"start":{"line":56,"column":0},"end":{"line":56,"column":98}},"56":{"start":{"line":57,"column":0},"end":{"line":57,"column":100}},"57":{"start":{"line":58,"column":0},"end":{"line":58,"column":90}},"58":{"start":{"line":59,"column":0},"end":{"line":59,"column":93}},"59":{"start":{"line":60,"column":0},"end":{"line":60,"column":30}},"60":{"start":{"line":61,"column":0},"end":{"line":61,"column":65}},"61":{"start":{"line":62,"column":0},"end":{"line":62,"column":39}},"62":{"start":{"line":63,"column":0},"end":{"line":63,"column":188}},"63":{"start":{"line":64,"column":0},"end":{"line":64,"column":43}},"64":{"start":{"line":65,"column":0},"end":{"line":65,"column":39}},"65":{"start":{"line":66,"column":0},"end":{"line":66,"column":40}},"66":{"start":{"line":67,"column":0},"end":{"line":67,"column":38}},"67":{"start":{"line":68,"column":0},"end":{"line":68,"column":66}},"68":{"start":{"line":69,"column":0},"end":{"line":69,"column":39}},"69":{"start":{"line":70,"column":0},"end":{"line":70,"column":129}},"70":{"start":{"line":71,"column":0},"end":{"line":71,"column":54}},"71":{"start":{"line":72,"column":0},"end":{"line":72,"column":84}},"72":{"start":{"line":73,"column":0},"end":{"line":73,"column":39}},"73":{"start":{"line":74,"column":0},"end":{"line":74,"column":37}},"74":{"start":{"line":75,"column":0},"end":{"line":75,"column":30}},"75":{"start":{"line":76,"column":0},"end":{"line":76,"column":26}},"76":{"start":{"line":77,"column":0},"end":{"line":77,"column":25}},"77":{"start":{"line":78,"column":0},"end":{"line":78,"column":0}},"78":{"start":{"line":79,"column":0},"end":{"line":79,"column":111}},"79":{"start":{"line":80,"column":0},"end":{"line":80,"column":47}},"80":{"start":{"line":81,"column":0},"end":{"line":81,"column":163}},"81":{"start":{"line":82,"column":0},"end":{"line":82,"column":55}},"82":{"start":{"line":83,"column":0},"end":{"line":83,"column":62}},"83":{"start":{"line":84,"column":0},"end":{"line":84,"column":30}},"84":{"start":{"line":85,"column":0},"end":{"line":85,"column":113}},"85":{"start":{"line":86,"column":0},"end":{"line":86,"column":82}},"86":{"start":{"line":87,"column":0},"end":{"line":87,"column":29}},"87":{"start":{"line":88,"column":0},"end":{"line":88,"column":86}},"88":{"start":{"line":89,"column":0},"end":{"line":89,"column":149}},"89":{"start":{"line":90,"column":0},"end":{"line":90,"column":28}},"90":{"start":{"line":91,"column":0},"end":{"line":91,"column":67}},"91":{"start":{"line":92,"column":0},"end":{"line":92,"column":129}},"92":{"start":{"line":93,"column":0},"end":{"line":93,"column":71}},"93":{"start":{"line":94,"column":0},"end":{"line":94,"column":37}},"94":{"start":{"line":95,"column":0},"end":{"line":95,"column":153}},"95":{"start":{"line":96,"column":0},"end":{"line":96,"column":78}},"96":{"start":{"line":97,"column":0},"end":{"line":97,"column":37}},"97":{"start":{"line":98,"column":0},"end":{"line":98,"column":30}},"98":{"start":{"line":99,"column":0},"end":{"line":99,"column":90}},"99":{"start":{"line":100,"column":0},"end":{"line":100,"column":142}},"100":{"start":{"line":101,"column":0},"end":{"line":101,"column":151}},"101":{"start":{"line":102,"column":0},"end":{"line":102,"column":30}},"102":{"start":{"line":103,"column":0},"end":{"line":103,"column":26}},"103":{"start":{"line":104,"column":0},"end":{"line":104,"column":0}},"104":{"start":{"line":105,"column":0},"end":{"line":105,"column":137}},"105":{"start":{"line":106,"column":0},"end":{"line":106,"column":97}},"106":{"start":{"line":107,"column":0},"end":{"line":107,"column":84}},"107":{"start":{"line":108,"column":0},"end":{"line":108,"column":37}},"108":{"start":{"line":109,"column":0},"end":{"line":109,"column":90}},"109":{"start":{"line":110,"column":0},"end":{"line":110,"column":97}},"110":{"start":{"line":111,"column":0},"end":{"line":111,"column":38}},"111":{"start":{"line":112,"column":0},"end":{"line":112,"column":157}},"112":{"start":{"line":113,"column":0},"end":{"line":113,"column":34}},"113":{"start":{"line":114,"column":0},"end":{"line":114,"column":55}},"114":{"start":{"line":115,"column":0},"end":{"line":115,"column":114}},"115":{"start":{"line":116,"column":0},"end":{"line":116,"column":182}},"116":{"start":{"line":117,"column":0},"end":{"line":117,"column":59}},"117":{"start":{"line":118,"column":0},"end":{"line":118,"column":97}},"118":{"start":{"line":119,"column":0},"end":{"line":119,"column":42}},"119":{"start":{"line":120,"column":0},"end":{"line":120,"column":35}},"120":{"start":{"line":121,"column":0},"end":{"line":121,"column":34}},"121":{"start":{"line":122,"column":0},"end":{"line":122,"column":30}},"122":{"start":{"line":123,"column":0},"end":{"line":123,"column":26}},"123":{"start":{"line":124,"column":0},"end":{"line":124,"column":26}},"124":{"start":{"line":125,"column":0},"end":{"line":125,"column":0}},"125":{"start":{"line":126,"column":0},"end":{"line":126,"column":83}},"126":{"start":{"line":127,"column":0},"end":{"line":127,"column":48}},"127":{"start":{"line":128,"column":0},"end":{"line":128,"column":50}},"128":{"start":{"line":129,"column":0},"end":{"line":129,"column":32}},"129":{"start":{"line":130,"column":0},"end":{"line":130,"column":136}},"130":{"start":{"line":131,"column":0},"end":{"line":131,"column":44}},"131":{"start":{"line":132,"column":0},"end":{"line":132,"column":143}},"132":{"start":{"line":133,"column":0},"end":{"line":133,"column":68}},"133":{"start":{"line":134,"column":0},"end":{"line":134,"column":42}},"134":{"start":{"line":135,"column":0},"end":{"line":135,"column":74}},"135":{"start":{"line":136,"column":0},"end":{"line":136,"column":45}},"136":{"start":{"line":137,"column":0},"end":{"line":137,"column":45}},"137":{"start":{"line":138,"column":0},"end":{"line":138,"column":92}},"138":{"start":{"line":139,"column":0},"end":{"line":139,"column":46}},"139":{"start":{"line":140,"column":0},"end":{"line":140,"column":35}},"140":{"start":{"line":141,"column":0},"end":{"line":141,"column":26}},"141":{"start":{"line":142,"column":0},"end":{"line":142,"column":23}},"142":{"start":{"line":143,"column":0},"end":{"line":143,"column":26}},"143":{"start":{"line":144,"column":0},"end":{"line":144,"column":0}},"144":{"start":{"line":145,"column":0},"end":{"line":145,"column":140}},"145":{"start":{"line":146,"column":0},"end":{"line":146,"column":104}},"146":{"start":{"line":147,"column":0},"end":{"line":147,"column":29}},"147":{"start":{"line":148,"column":0},"end":{"line":148,"column":117}},"148":{"start":{"line":149,"column":0},"end":{"line":149,"column":123}},"149":{"start":{"line":150,"column":0},"end":{"line":150,"column":30}},"150":{"start":{"line":151,"column":0},"end":{"line":151,"column":123}},"151":{"start":{"line":152,"column":0},"end":{"line":152,"column":71}},"152":{"start":{"line":153,"column":0},"end":{"line":153,"column":33}},"153":{"start":{"line":154,"column":0},"end":{"line":154,"column":26}},"154":{"start":{"line":155,"column":0},"end":{"line":155,"column":26}},"155":{"start":{"line":156,"column":0},"end":{"line":156,"column":0}},"156":{"start":{"line":157,"column":0},"end":{"line":157,"column":52}},"157":{"start":{"line":158,"column":0},"end":{"line":158,"column":141}},"158":{"start":{"line":159,"column":0},"end":{"line":159,"column":110}},"159":{"start":{"line":160,"column":0},"end":{"line":160,"column":80}},"160":{"start":{"line":161,"column":0},"end":{"line":161,"column":55}},"161":{"start":{"line":162,"column":0},"end":{"line":162,"column":90}},"162":{"start":{"line":163,"column":0},"end":{"line":163,"column":87}},"163":{"start":{"line":164,"column":0},"end":{"line":164,"column":85}},"164":{"start":{"line":165,"column":0},"end":{"line":165,"column":48}},"165":{"start":{"line":166,"column":0},"end":{"line":166,"column":31}},"166":{"start":{"line":167,"column":0},"end":{"line":167,"column":36}},"167":{"start":{"line":168,"column":0},"end":{"line":168,"column":26}},"168":{"start":{"line":169,"column":0},"end":{"line":169,"column":26}},"169":{"start":{"line":170,"column":0},"end":{"line":170,"column":18}},"170":{"start":{"line":171,"column":0},"end":{"line":171,"column":0}},"171":{"start":{"line":172,"column":0},"end":{"line":172,"column":79}},"172":{"start":{"line":173,"column":0},"end":{"line":173,"column":162}},"173":{"start":{"line":174,"column":0},"end":{"line":174,"column":51}},"174":{"start":{"line":175,"column":0},"end":{"line":175,"column":48}},"175":{"start":{"line":176,"column":0},"end":{"line":176,"column":96}},"176":{"start":{"line":177,"column":0},"end":{"line":177,"column":86}},"177":{"start":{"line":178,"column":0},"end":{"line":178,"column":94}},"178":{"start":{"line":179,"column":0},"end":{"line":179,"column":26}},"179":{"start":{"line":180,"column":0},"end":{"line":180,"column":22}},"180":{"start":{"line":181,"column":0},"end":{"line":181,"column":21}},"181":{"start":{"line":182,"column":0},"end":{"line":182,"column":15}},"182":{"start":{"line":183,"column":0},"end":{"line":183,"column":6}},"183":{"start":{"line":184,"column":0},"end":{"line":184,"column":1}}},"s":{"0":0,"1":0,"2":0,"3":0,"4":0,"5":0,"6":0,"7":0,"8":0,"9":0,"10":0,"11":0,"12":0,"13":0,"14":0,"15":0,"16":0,"17":0,"18":0,"19":0,"20":0,"21":0,"22":0,"23":0,"24":0,"25":0,"26":0,"27":0,"28":0,"29":0,"30":0,"31":0,"32":0,"33":0,"34":0,"35":0,"36":0,"37":0,"38":0,"39":0,"40":0,"41":0,"42":0,"43":0,"44":0,"45":0,"46":0,"47":0,"48":0,"49":0,"50":0,"51":0,"52":0,"53":0,"54":0,"55":0,"56":0,"57":0,"58":0,"59":0,"60":0,"61":0,"62":0,"63":0,"64":0,"65":0,"66":0,"67":0,"68":0,"69":0,"70":0,"71":0,"72":0,"73":0,"74":0,"75":0,"76":0,"77":0,"78":0,"79":0,"80":0,"81":0,"82":0,"83":0,"84":0,"85":0,"86":0,"87":0,"88":0,"89":0,"90":0,"91":0,"92":0,"93":0,"94":0,"95":0,"96":0,"97":0,"98":0,"99":0,"100":0,"101":0,"102":0,"103":0,"104":0,"105":0,"106":0,"107":0,"108":0,"109":0,"110":0,"111":0,"112":0,"113":0,"114":0,"115":0,"116":0,"117":0,"118":0,"119":0,"120":0,"121":0,"122":0,"123":0,"124":0,"125":0,"126":0,"127":0,"128":0,"129":0,"130":0,"131":0,"132":0,"133":0,"134":0,"135":0,"136":0,"137":0,"138":0,"139":0,"140":0,"141":0,"142":0,"143":0,"144":0,"145":0,"146":0,"147":0,"148":0,"149":0,"150":0,"151":0,"152":0,"153":0,"154":0,"155":0,"156":0,"157":0,"158":0,"159":0,"160":0,"161":0,"162":0,"163":0,"164":0,"165":0,"166":0,"167":0,"168":0,"169":0,"170":0,"171":0,"172":0,"173":0,"174":0,"175":0,"176":0,"177":0,"178":0,"179":0,"180":0,"181":0,"182":0,"183":0},"branchMap":{"0":{"type":"branch","line":1,"loc":{"start":{"line":1,"column":0},"end":{"line":184,"column":1}},"locations":[{"start":{"line":1,"column":0},"end":{"line":184,"column":1}}]}},"b":{"0":[0]},"fnMap":{"0":{"name":"(empty-report)","decl":{"start":{"line":1,"column":0},"end":{"line":184,"column":1}},"loc":{"start":{"line":1,"column":0},"end":{"line":184,"column":1}},"line":1}},"f":{"0":0}}
,"C:\\Users\\User\\Desktop\\workspace\\ai_stock_screener\\frontend\\app\\providers.tsx": {"path":"C:\\Users\\User\\Desktop\\workspace\\ai_stock_screener\\frontend\\app\\providers.tsx","all":true,"statementMap":{"0":{"start":{"line":1,"column":0},"end":{"line":1,"column":13}},"1":{"start":{"line":2,"column":0},"end":{"line":2,"column":0}},"2":{"start":{"line":3,"column":0},"end":{"line":3,"column":46}},"3":{"start":{"line":4,"column":0},"end":{"line":4,"column":34}},"4":{"start":{"line":5,"column":0},"end":{"line":5,"column":0}},"5":{"start":{"line":6,"column":0},"end":{"line":6,"column":66}},"6":{"start":{"line":7,"column":0},"end":{"line":7,"column":73}},"7":{"start":{"line":8,"column":0},"end":{"line":8,"column":0}},"8":{"start":{"line":9,"column":0},"end":{"line":9,"column":67}},"9":{"start":{"line":10,"column":0},"end":{"line":10,"column":31}},"10":{"start":{"line":11,"column":0},"end":{"line":11,"column":5}},"11":{"start":{"line":12,"column":0},"end":{"line":12,"column":0}},"12":{"start":{"line":13,"column":0},"end":{"line":13,"column":85}},"13":{"start":{"line":14,"column":0},"end":{"line":14,"column":1}}},"s":{"0":0,"1":0,"2":0,"3":0,"4":0,"5":0,"6":0,"7":0,"8":0,"9":0,"10":0,"11":0,"12":0,"13":0},"branchMap":{"0":{"type":"branch","line":1,"loc":{"start":{"line":1,"column":0},"end":{"line":14,"column":1}},"locations":[{"start":{"line":1,"column":0},"end":{"line":14,"column":1}}]}},"b":{"0":[0]},"fnMap":{"0":{"name":"(empty-report)","decl":{"start":{"line":1,"column":0},"end":{"line":14,"column":1}},"loc":{"start":{"line":1,"column":0},"end":{"line":14,"column":1}},"line":1}},"f":{"0":0}}
,"C:\\Users\\User\\Desktop\\workspace\\ai_stock_screener\\frontend\\app\\compare\\page.tsx": {"path":"C:\\Users\\User\\Desktop\\workspace\\ai_stock_screener\\frontend\\app\\compare\\page.tsx","all":true,"statementMap":{"0":{"start":{"line":1,"column":0},"end":{"line":1,"column":13}},"1":{"start":{"line":2,"column":0},"end":{"line":2,"column":0}},"2":{"start":{"line":3,"column":0},"end":{"line":3,"column":29}},"3":{"start":{"line":4,"column":0},"end":{"line":4,"column":74}},"4":{"start":{"line":5,"column":0},"end":{"line":5,"column":138}},"5":{"start":{"line":6,"column":0},"end":{"line":6,"column":48}},"6":{"start":{"line":7,"column":0},"end":{"line":7,"column":97}},"7":{"start":{"line":8,"column":0},"end":{"line":8,"column":54}},"8":{"start":{"line":9,"column":0},"end":{"line":9,"column":115}},"9":{"start":{"line":10,"column":0},"end":{"line":10,"column":114}},"10":{"start":{"line":11,"column":0},"end":{"line":11,"column":0}},"11":{"start":{"line":12,"column":0},"end":{"line":12,"column":18}},"12":{"start":{"line":13,"column":0},"end":{"line":13,"column":19}},"13":{"start":{"line":14,"column":0},"end":{"line":14,"column":23}},"14":{"start":{"line":15,"column":0},"end":{"line":15,"column":32}},"15":{"start":{"line":16,"column":0},"end":{"line":16,"column":40}},"16":{"start":{"line":17,"column":0},"end":{"line":17,"column":23}},"17":{"start":{"line":18,"column":0},"end":{"line":18,"column":24}},"18":{"start":{"line":19,"column":0},"end":{"line":19,"column":25}},"19":{"start":{"line":20,"column":0},"end":{"line":20,"column":27}},"20":{"start":{"line":21,"column":0},"end":{"line":21,"column":22}},"21":{"start":{"line":22,"column":0},"end":{"line":22,"column":2}},"22":{"start":{"line":23,"column":0},"end":{"line":23,"column":0}},"23":{"start":{"line":24,"column":0},"end":{"line":24,"column":20}},"24":{"start":{"line":25,"column":0},"end":{"line":25,"column":20}},"25":{"start":{"line":26,"column":0},"end":{"line":26,"column":22}},"26":{"start":{"line":27,"column":0},"end":{"line":27,"column":33}},"27":{"start":{"line":28,"column":0},"end":{"line":28,"column":2}},"28":{"start":{"line":29,"column":0},"end":{"line":29,"column":0}},"29":{"start":{"line":30,"column":0},"end":{"line":30,"column":19}},"30":{"start":{"line":31,"column":0},"end":{"line":31,"column":34}},"31":{"start":{"line":32,"column":0},"end":{"line":32,"column":36}},"32":{"start":{"line":33,"column":0},"end":{"line":33,"column":33}},"33":{"start":{"line":34,"column":0},"end":{"line":34,"column":32}},"34":{"start":{"line":35,"column":0},"end":{"line":35,"column":32}},"35":{"start":{"line":36,"column":0},"end":{"line":36,"column":33}},"36":{"start":{"line":37,"column":0},"end":{"line":37,"column":34}},"37":{"start":{"line":38,"column":0},"end":{"line":38,"column":32}},"38":{"start":{"line":39,"column":0},"end":{"line":39,"column":37}},"39":{"start":{"line":40,"column":0},"end":{"line":40,"column":32}},"40":{"start":{"line":41,"column":0},"end":{"line":41,"column":32}},"41":{"start":{"line":42,"column":0},"end":{"line":42,"column":2}},"42":{"start":{"line":43,"column":0},"end":{"line":43,"column":0}},"43":{"start":{"line":44,"column":0},"end":{"line":44,"column":19}},"44":{"start":{"line":45,"column":0},"end":{"line":45,"column":18}},"45":{"start":{"line":46,"column":0},"end":{"line":46,"column":19}},"46":{"start":{"line":47,"column":0},"end":{"line":47,"column":2}},"47":{"start":{"line":48,"column":0},"end":{"line":48,"column":0}},"48":{"start":{"line":49,"column":0},"end":{"line":49,"column":18}},"49":{"start":{"line":50,"column":0},"end":{"line":50,"column":19}},"50":{"start":{"line":51,"column":0},"end":{"line":51,"column":28}},"51":{"start":{"line":52,"column":0},"end":{"line":52,"column":32}},"52":{"start":{"line":53,"column":0},"end":{"line":53,"column":30}},"53":{"start":{"line":54,"column":0},"end":{"line":54,"column":26}},"54":{"start":{"line":55,"column":0},"end":{"line":55,"column":21}},"55":{"start":{"line":56,"column":0},"end":{"line":56,"column":25}},"56":{"start":{"line":57,"column":0},"end":{"line":57,"column":2}},"57":{"start":{"line":58,"column":0},"end":{"line":58,"column":0}},"58":{"start":{"line":59,"column":0},"end":{"line":59,"column":20}},"59":{"start":{"line":60,"column":0},"end":{"line":60,"column":15}},"60":{"start":{"line":61,"column":0},"end":{"line":61,"column":31}},"61":{"start":{"line":62,"column":0},"end":{"line":62,"column":20}},"62":{"start":{"line":63,"column":0},"end":{"line":63,"column":2}},"63":{"start":{"line":64,"column":0},"end":{"line":64,"column":0}},"64":{"start":{"line":65,"column":0},"end":{"line":65,"column":106}},"65":{"start":{"line":66,"column":0},"end":{"line":66,"column":0}},"66":{"start":{"line":67,"column":0},"end":{"line":67,"column":35}},"67":{"start":{"line":68,"column":0},"end":{"line":68,"column":78}},"68":{"start":{"line":69,"column":0},"end":{"line":69,"column":1}},"69":{"start":{"line":70,"column":0},"end":{"line":70,"column":0}},"70":{"start":{"line":71,"column":0},"end":{"line":71,"column":77}},"71":{"start":{"line":72,"column":0},"end":{"line":72,"column":57}},"72":{"start":{"line":73,"column":0},"end":{"line":73,"column":181}},"73":{"start":{"line":74,"column":0},"end":{"line":74,"column":1}},"74":{"start":{"line":75,"column":0},"end":{"line":75,"column":0}},"75":{"start":{"line":76,"column":0},"end":{"line":76,"column":58}},"76":{"start":{"line":77,"column":0},"end":{"line":77,"column":57}},"77":{"start":{"line":78,"column":0},"end":{"line":78,"column":42}},"78":{"start":{"line":79,"column":0},"end":{"line":79,"column":1}},"79":{"start":{"line":80,"column":0},"end":{"line":80,"column":0}},"80":{"start":{"line":81,"column":0},"end":{"line":81,"column":58}},"81":{"start":{"line":82,"column":0},"end":{"line":82,"column":57}},"82":{"start":{"line":83,"column":0},"end":{"line":83,"column":28}},"83":{"start":{"line":84,"column":0},"end":{"line":84,"column":1}},"84":{"start":{"line":85,"column":0},"end":{"line":85,"column":0}},"85":{"start":{"line":86,"column":0},"end":{"line":86,"column":62}},"86":{"start":{"line":87,"column":0},"end":{"line":87,"column":28}},"87":{"start":{"line":88,"column":0},"end":{"line":88,"column":33}},"88":{"start":{"line":89,"column":0},"end":{"line":89,"column":50}},"89":{"start":{"line":90,"column":0},"end":{"line":90,"column":43}},"90":{"start":{"line":91,"column":0},"end":{"line":91,"column":1}},"91":{"start":{"line":92,"column":0},"end":{"line":92,"column":0}},"92":{"start":{"line":93,"column":0},"end":{"line":93,"column":55}},"93":{"start":{"line":94,"column":0},"end":{"line":94,"column":0}},"94":{"start":{"line":95,"column":0},"end":{"line":95,"column":110}},"95":{"start":{"line":96,"column":0},"end":{"line":96,"column":61}},"96":{"start":{"line":97,"column":0},"end":{"line":97,"column":52}},"97":{"start":{"line":98,"column":0},"end":{"line":98,"column":0}},"98":{"start":{"line":99,"column":0},"end":{"line":99,"column":21}},"99":{"start":{"line":100,"column":0},"end":{"line":100,"column":47}},"100":{"start":{"line":101,"column":0},"end":{"line":101,"column":31}},"101":{"start":{"line":102,"column":0},"end":{"line":102,"column":0}},"102":{"start":{"line":103,"column":0},"end":{"line":103,"column":46}},"103":{"start":{"line":104,"column":0},"end":{"line":104,"column":27}},"104":{"start":{"line":105,"column":0},"end":{"line":105,"column":24}},"105":{"start":{"line":106,"column":0},"end":{"line":106,"column":21}},"106":{"start":{"line":107,"column":0},"end":{"line":107,"column":72}},"107":{"start":{"line":108,"column":0},"end":{"line":108,"column":37}},"108":{"start":{"line":109,"column":0},"end":{"line":109,"column":14}},"109":{"start":{"line":110,"column":0},"end":{"line":110,"column":19}},"110":{"start":{"line":111,"column":0},"end":{"line":111,"column":63}},"111":{"start":{"line":112,"column":0},"end":{"line":112,"column":63}},"112":{"start":{"line":113,"column":0},"end":{"line":113,"column":14}},"113":{"start":{"line":114,"column":0},"end":{"line":114,"column":56}},"114":{"start":{"line":115,"column":0},"end":{"line":115,"column":92}},"115":{"start":{"line":116,"column":0},"end":{"line":116,"column":35}},"116":{"start":{"line":117,"column":0},"end":{"line":117,"column":11}},"117":{"start":{"line":118,"column":0},"end":{"line":118,"column":0}},"118":{"start":{"line":119,"column":0},"end":{"line":119,"column":33}},"119":{"start":{"line":120,"column":0},"end":{"line":120,"column":0}},"120":{"start":{"line":121,"column":0},"end":{"line":121,"column":31}},"121":{"start":{"line":122,"column":0},"end":{"line":122,"column":36}},"122":{"start":{"line":123,"column":0},"end":{"line":123,"column":45}},"123":{"start":{"line":124,"column":0},"end":{"line":124,"column":35}},"124":{"start":{"line":125,"column":0},"end":{"line":125,"column":33}},"125":{"start":{"line":126,"column":0},"end":{"line":126,"column":44}},"126":{"start":{"line":127,"column":0},"end":{"line":127,"column":43}},"127":{"start":{"line":128,"column":0},"end":{"line":128,"column":36}},"128":{"start":{"line":129,"column":0},"end":{"line":129,"column":35}},"129":{"start":{"line":130,"column":0},"end":{"line":130,"column":13}},"130":{"start":{"line":131,"column":0},"end":{"line":131,"column":11}},"131":{"start":{"line":132,"column":0},"end":{"line":132,"column":0}},"132":{"start":{"line":133,"column":0},"end":{"line":133,"column":39}},"133":{"start":{"line":134,"column":0},"end":{"line":134,"column":0}},"134":{"start":{"line":135,"column":0},"end":{"line":135,"column":51}},"135":{"start":{"line":136,"column":0},"end":{"line":136,"column":67}},"136":{"start":{"line":137,"column":0},"end":{"line":137,"column":43}},"137":{"start":{"line":138,"column":0},"end":{"line":138,"column":11}},"138":{"start":{"line":139,"column":0},"end":{"line":139,"column":36}},"139":{"start":{"line":140,"column":0},"end":{"line":140,"column":0}},"140":{"start":{"line":141,"column":0},"end":{"line":141,"column":22}},"141":{"start":{"line":142,"column":0},"end":{"line":142,"column":34}},"142":{"start":{"line":143,"column":0},"end":{"line":143,"column":27}},"143":{"start":{"line":144,"column":0},"end":{"line":144,"column":36}},"144":{"start":{"line":145,"column":0},"end":{"line":145,"column":10}},"145":{"start":{"line":146,"column":0},"end":{"line":146,"column":17}},"146":{"start":{"line":147,"column":0},"end":{"line":147,"column":0}},"147":{"start":{"line":148,"column":0},"end":{"line":148,"column":58}},"148":{"start":{"line":149,"column":0},"end":{"line":149,"column":0}},"149":{"start":{"line":150,"column":0},"end":{"line":150,"column":12}},"150":{"start":{"line":151,"column":0},"end":{"line":151,"column":105}},"151":{"start":{"line":152,"column":0},"end":{"line":152,"column":146}},"152":{"start":{"line":153,"column":0},"end":{"line":153,"column":14}},"153":{"start":{"line":154,"column":0},"end":{"line":154,"column":6}},"154":{"start":{"line":155,"column":0},"end":{"line":155,"column":1}},"155":{"start":{"line":156,"column":0},"end":{"line":156,"column":0}},"156":{"start":{"line":157,"column":0},"end":{"line":157,"column":76}},"157":{"start":{"line":158,"column":0},"end":{"line":158,"column":12}},"158":{"start":{"line":159,"column":0},"end":{"line":159,"column":92}},"159":{"start":{"line":160,"column":0},"end":{"line":160,"column":69}},"160":{"start":{"line":161,"column":0},"end":{"line":161,"column":35}},"161":{"start":{"line":162,"column":0},"end":{"line":162,"column":158}},"162":{"start":{"line":163,"column":0},"end":{"line":163,"column":15}},"163":{"start":{"line":164,"column":0},"end":{"line":164,"column":14}},"164":{"start":{"line":165,"column":0},"end":{"line":165,"column":6}},"165":{"start":{"line":166,"column":0},"end":{"line":166,"column":1}},"166":{"start":{"line":167,"column":0},"end":{"line":167,"column":0}},"167":{"start":{"line":168,"column":0},"end":{"line":168,"column":47}},"168":{"start":{"line":169,"column":0},"end":{"line":169,"column":43}},"169":{"start":{"line":170,"column":0},"end":{"line":170,"column":173}},"170":{"start":{"line":171,"column":0},"end":{"line":171,"column":5}},"171":{"start":{"line":172,"column":0},"end":{"line":172,"column":23}},"172":{"start":{"line":173,"column":0},"end":{"line":173,"column":1}},"173":{"start":{"line":174,"column":0},"end":{"line":174,"column":0}},"174":{"start":{"line":175,"column":0},"end":{"line":175,"column":39}},"175":{"start":{"line":176,"column":0},"end":{"line":176,"column":79}},"176":{"start":{"line":177,"column":0},"end":{"line":177,"column":55}},"177":{"start":{"line":178,"column":0},"end":{"line":178,"column":110}},"178":{"start":{"line":179,"column":0},"end":{"line":179,"column":110}},"179":{"start":{"line":180,"column":0},"end":{"line":180,"column":110}},"180":{"start":{"line":181,"column":0},"end":{"line":181,"column":7}},"181":{"start":{"line":182,"column":0},"end":{"line":182,"column":49}},"182":{"start":{"line":183,"column":0},"end":{"line":183,"column":69}},"183":{"start":{"line":184,"column":0},"end":{"line":184,"column":129}},"184":{"start":{"line":185,"column":0},"end":{"line":185,"column":7}},"185":{"start":{"line":186,"column":0},"end":{"line":186,"column":51}},"186":{"start":{"line":187,"column":0},"end":{"line":187,"column":58}},"187":{"start":{"line":188,"column":0},"end":{"line":188,"column":68}},"188":{"start":{"line":189,"column":0},"end":{"line":189,"column":68}},"189":{"start":{"line":190,"column":0},"end":{"line":190,"column":0}},"190":{"start":{"line":191,"column":0},"end":{"line":191,"column":77}},"191":{"start":{"line":192,"column":0},"end":{"line":192,"column":104}},"192":{"start":{"line":193,"column":0},"end":{"line":193,"column":13}},"193":{"start":{"line":194,"column":0},"end":{"line":194,"column":85}},"194":{"start":{"line":195,"column":0},"end":{"line":195,"column":38}},"195":{"start":{"line":196,"column":0},"end":{"line":196,"column":44}},"196":{"start":{"line":197,"column":0},"end":{"line":197,"column":48}},"197":{"start":{"line":198,"column":0},"end":{"line":198,"column":45}},"198":{"start":{"line":199,"column":0},"end":{"line":199,"column":15}},"199":{"start":{"line":200,"column":0},"end":{"line":200,"column":66}},"200":{"start":{"line":201,"column":0},"end":{"line":201,"column":72}},"201":{"start":{"line":202,"column":0},"end":{"line":202,"column":85}},"202":{"start":{"line":203,"column":0},"end":{"line":203,"column":98}},"203":{"start":{"line":204,"column":0},"end":{"line":204,"column":90}},"204":{"start":{"line":205,"column":0},"end":{"line":205,"column":0}},"205":{"start":{"line":206,"column":0},"end":{"line":206,"column":40}},"206":{"start":{"line":207,"column":0},"end":{"line":207,"column":72}},"207":{"start":{"line":208,"column":0},"end":{"line":208,"column":76}},"208":{"start":{"line":209,"column":0},"end":{"line":209,"column":70}},"209":{"start":{"line":210,"column":0},"end":{"line":210,"column":68}},"210":{"start":{"line":211,"column":0},"end":{"line":211,"column":68}},"211":{"start":{"line":212,"column":0},"end":{"line":212,"column":70}},"212":{"start":{"line":213,"column":0},"end":{"line":213,"column":72}},"213":{"start":{"line":214,"column":0},"end":{"line":214,"column":68}},"214":{"start":{"line":215,"column":0},"end":{"line":215,"column":78}},"215":{"start":{"line":216,"column":0},"end":{"line":216,"column":68}},"216":{"start":{"line":217,"column":0},"end":{"line":217,"column":68}},"217":{"start":{"line":218,"column":0},"end":{"line":218,"column":14}},"218":{"start":{"line":219,"column":0},"end":{"line":219,"column":0}},"219":{"start":{"line":220,"column":0},"end":{"line":220,"column":89}},"220":{"start":{"line":221,"column":0},"end":{"line":221,"column":0}},"221":{"start":{"line":222,"column":0},"end":{"line":222,"column":50}},"222":{"start":{"line":223,"column":0},"end":{"line":223,"column":166}},"223":{"start":{"line":224,"column":0},"end":{"line":224,"column":15}},"224":{"start":{"line":225,"column":0},"end":{"line":225,"column":23}},"225":{"start":{"line":226,"column":0},"end":{"line":226,"column":50}},"226":{"start":{"line":227,"column":0},"end":{"line":227,"column":120}},"227":{"start":{"line":228,"column":0},"end":{"line":228,"column":15}},"228":{"start":{"line":229,"column":0},"end":{"line":229,"column":9}},"229":{"start":{"line":230,"column":0},"end":{"line":230,"column":11}},"230":{"start":{"line":231,"column":0},"end":{"line":231,"column":0}},"231":{"start":{"line":232,"column":0},"end":{"line":232,"column":21}},"232":{"start":{"line":233,"column":0},"end":{"line":233,"column":25}},"233":{"start":{"line":234,"column":0},"end":{"line":234,"column":103}},"234":{"start":{"line":235,"column":0},"end":{"line":235,"column":11}},"235":{"start":{"line":236,"column":0},"end":{"line":236,"column":0}},"236":{"start":{"line":237,"column":0},"end":{"line":237,"column":39}},"237":{"start":{"line":238,"column":0},"end":{"line":238,"column":41}},"238":{"start":{"line":239,"column":0},"end":{"line":239,"column":50}},"239":{"start":{"line":240,"column":0},"end":{"line":240,"column":29}},"240":{"start":{"line":241,"column":0},"end":{"line":241,"column":53}},"241":{"start":{"line":242,"column":0},"end":{"line":242,"column":52}},"242":{"start":{"line":243,"column":0},"end":{"line":243,"column":60}},"243":{"start":{"line":244,"column":0},"end":{"line":244,"column":50}},"244":{"start":{"line":245,"column":0},"end":{"line":245,"column":18}},"245":{"start":{"line":246,"column":0},"end":{"line":246,"column":56}},"246":{"start":{"line":247,"column":0},"end":{"line":247,"column":78}},"247":{"start":{"line":248,"column":0},"end":{"line":248,"column":0}},"248":{"start":{"line":249,"column":0},"end":{"line":249,"column":62}},"249":{"start":{"line":250,"column":0},"end":{"line":250,"column":34}},"250":{"start":{"line":251,"column":0},"end":{"line":251,"column":49}},"251":{"start":{"line":252,"column":0},"end":{"line":252,"column":37}},"252":{"start":{"line":253,"column":0},"end":{"line":253,"column":28}},"253":{"start":{"line":254,"column":0},"end":{"line":254,"column":45}},"254":{"start":{"line":255,"column":0},"end":{"line":255,"column":69}},"255":{"start":{"line":256,"column":0},"end":{"line":256,"column":118}},"256":{"start":{"line":257,"column":0},"end":{"line":257,"column":22}},"257":{"start":{"line":258,"column":0},"end":{"line":258,"column":17}},"258":{"start":{"line":259,"column":0},"end":{"line":259,"column":13}},"259":{"start":{"line":260,"column":0},"end":{"line":260,"column":100}},"260":{"start":{"line":261,"column":0},"end":{"line":261,"column":11}},"261":{"start":{"line":262,"column":0},"end":{"line":262,"column":17}},"262":{"start":{"line":263,"column":0},"end":{"line":263,"column":0}},"263":{"start":{"line":264,"column":0},"end":{"line":264,"column":85}},"264":{"start":{"line":265,"column":0},"end":{"line":265,"column":0}},"265":{"start":{"line":266,"column":0},"end":{"line":266,"column":38}},"266":{"start":{"line":267,"column":0},"end":{"line":267,"column":23}},"267":{"start":{"line":268,"column":0},"end":{"line":268,"column":100}},"268":{"start":{"line":269,"column":0},"end":{"line":269,"column":146}},"269":{"start":{"line":270,"column":0},"end":{"line":270,"column":114}},"270":{"start":{"line":271,"column":0},"end":{"line":271,"column":93}},"271":{"start":{"line":272,"column":0},"end":{"line":272,"column":15}},"272":{"start":{"line":273,"column":0},"end":{"line":273,"column":10}},"273":{"start":{"line":274,"column":0},"end":{"line":274,"column":35}},"274":{"start":{"line":275,"column":0},"end":{"line":275,"column":36}},"275":{"start":{"line":276,"column":0},"end":{"line":276,"column":50}},"276":{"start":{"line":277,"column":0},"end":{"line":277,"column":77}},"277":{"start":{"line":278,"column":0},"end":{"line":278,"column":68}},"278":{"start":{"line":279,"column":0},"end":{"line":279,"column":72}},"279":{"start":{"line":280,"column":0},"end":{"line":280,"column":77}},"280":{"start":{"line":281,"column":0},"end":{"line":281,"column":73}},"281":{"start":{"line":282,"column":0},"end":{"line":282,"column":67}},"282":{"start":{"line":283,"column":0},"end":{"line":283,"column":68}},"283":{"start":{"line":284,"column":0},"end":{"line":284,"column":124}},"284":{"start":{"line":285,"column":0},"end":{"line":285,"column":141}},"285":{"start":{"line":286,"column":0},"end":{"line":286,"column":133}},"286":{"start":{"line":287,"column":0},"end":{"line":287,"column":132}},"287":{"start":{"line":288,"column":0},"end":{"line":288,"column":98}},"288":{"start":{"line":289,"column":0},"end":{"line":289,"column":27}},"289":{"start":{"line":290,"column":0},"end":{"line":290,"column":11}},"290":{"start":{"line":291,"column":0},"end":{"line":291,"column":111}},"291":{"start":{"line":292,"column":0},"end":{"line":292,"column":32}},"292":{"start":{"line":293,"column":0},"end":{"line":293,"column":6}},"293":{"start":{"line":294,"column":0},"end":{"line":294,"column":0}},"294":{"start":{"line":295,"column":0},"end":{"line":295,"column":28}},"295":{"start":{"line":296,"column":0},"end":{"line":296,"column":41}},"296":{"start":{"line":297,"column":0},"end":{"line":297,"column":47}},"297":{"start":{"line":298,"column":0},"end":{"line":298,"column":46}},"298":{"start":{"line":299,"column":0},"end":{"line":299,"column":34}},"299":{"start":{"line":300,"column":0},"end":{"line":300,"column":9}},"300":{"start":{"line":301,"column":0},"end":{"line":301,"column":6}},"301":{"start":{"line":302,"column":0},"end":{"line":302,"column":0}},"302":{"start":{"line":303,"column":0},"end":{"line":303,"column":57}},"303":{"start":{"line":304,"column":0},"end":{"line":304,"column":40}},"304":{"start":{"line":305,"column":0},"end":{"line":305,"column":44}},"305":{"start":{"line":306,"column":0},"end":{"line":306,"column":0}},"306":{"start":{"line":307,"column":0},"end":{"line":307,"column":102}},"307":{"start":{"line":308,"column":0},"end":{"line":308,"column":58}},"308":{"start":{"line":309,"column":0},"end":{"line":309,"column":25}},"309":{"start":{"line":310,"column":0},"end":{"line":310,"column":29}},"310":{"start":{"line":311,"column":0},"end":{"line":311,"column":27}},"311":{"start":{"line":312,"column":0},"end":{"line":312,"column":0}},"312":{"start":{"line":313,"column":0},"end":{"line":313,"column":59}},"313":{"start":{"line":314,"column":0},"end":{"line":314,"column":0}},"314":{"start":{"line":315,"column":0},"end":{"line":315,"column":13}},"315":{"start":{"line":316,"column":0},"end":{"line":316,"column":28}},"316":{"start":{"line":317,"column":0},"end":{"line":317,"column":37}},"317":{"start":{"line":318,"column":0},"end":{"line":318,"column":44}},"318":{"start":{"line":319,"column":0},"end":{"line":319,"column":25}},"319":{"start":{"line":320,"column":0},"end":{"line":320,"column":0}},"320":{"start":{"line":321,"column":0},"end":{"line":321,"column":98}},"321":{"start":{"line":322,"column":0},"end":{"line":322,"column":46}},"322":{"start":{"line":323,"column":0},"end":{"line":323,"column":77}},"323":{"start":{"line":324,"column":0},"end":{"line":324,"column":23}},"324":{"start":{"line":325,"column":0},"end":{"line":325,"column":13}},"325":{"start":{"line":326,"column":0},"end":{"line":326,"column":136}},"326":{"start":{"line":327,"column":0},"end":{"line":327,"column":120}},"327":{"start":{"line":328,"column":0},"end":{"line":328,"column":23}},"328":{"start":{"line":329,"column":0},"end":{"line":329,"column":55}},"329":{"start":{"line":330,"column":0},"end":{"line":330,"column":139}},"330":{"start":{"line":331,"column":0},"end":{"line":331,"column":23}},"331":{"start":{"line":332,"column":0},"end":{"line":332,"column":13}},"332":{"start":{"line":333,"column":0},"end":{"line":333,"column":96}},"333":{"start":{"line":334,"column":0},"end":{"line":334,"column":19}},"334":{"start":{"line":335,"column":0},"end":{"line":335,"column":46}},"335":{"start":{"line":336,"column":0},"end":{"line":336,"column":34}},"336":{"start":{"line":337,"column":0},"end":{"line":337,"column":9}},"337":{"start":{"line":338,"column":0},"end":{"line":338,"column":6}},"338":{"start":{"line":339,"column":0},"end":{"line":339,"column":0}},"339":{"start":{"line":340,"column":0},"end":{"line":340,"column":60}},"340":{"start":{"line":341,"column":0},"end":{"line":341,"column":44}},"341":{"start":{"line":342,"column":0},"end":{"line":342,"column":47}},"342":{"start":{"line":343,"column":0},"end":{"line":343,"column":35}},"343":{"start":{"line":344,"column":0},"end":{"line":344,"column":6}},"344":{"start":{"line":345,"column":0},"end":{"line":345,"column":0}},"345":{"start":{"line":346,"column":0},"end":{"line":346,"column":45}},"346":{"start":{"line":347,"column":0},"end":{"line":347,"column":61}},"347":{"start":{"line":348,"column":0},"end":{"line":348,"column":40}},"348":{"start":{"line":349,"column":0},"end":{"line":349,"column":6}},"349":{"start":{"line":350,"column":0},"end":{"line":350,"column":0}},"350":{"start":{"line":351,"column":0},"end":{"line":351,"column":12}},"351":{"start":{"line":352,"column":0},"end":{"line":352,"column":219}},"352":{"start":{"line":353,"column":0},"end":{"line":353,"column":47}},"353":{"start":{"line":354,"column":0},"end":{"line":354,"column":139}},"354":{"start":{"line":355,"column":0},"end":{"line":355,"column":25}},"355":{"start":{"line":356,"column":0},"end":{"line":356,"column":110}},"356":{"start":{"line":357,"column":0},"end":{"line":357,"column":110}},"357":{"start":{"line":358,"column":0},"end":{"line":358,"column":26}},"358":{"start":{"line":359,"column":0},"end":{"line":359,"column":134}},"359":{"start":{"line":360,"column":0},"end":{"line":360,"column":84}},"360":{"start":{"line":361,"column":0},"end":{"line":361,"column":71}},"361":{"start":{"line":362,"column":0},"end":{"line":362,"column":31}},"362":{"start":{"line":363,"column":0},"end":{"line":363,"column":29}},"363":{"start":{"line":364,"column":0},"end":{"line":364,"column":25}},"364":{"start":{"line":365,"column":0},"end":{"line":365,"column":0}},"365":{"start":{"line":366,"column":0},"end":{"line":366,"column":37}},"366":{"start":{"line":367,"column":0},"end":{"line":367,"column":68}},"367":{"start":{"line":368,"column":0},"end":{"line":368,"column":43}},"368":{"start":{"line":369,"column":0},"end":{"line":369,"column":135}},"369":{"start":{"line":370,"column":0},"end":{"line":370,"column":148}},"370":{"start":{"line":371,"column":0},"end":{"line":371,"column":39}},"371":{"start":{"line":372,"column":0},"end":{"line":372,"column":34}},"372":{"start":{"line":373,"column":0},"end":{"line":373,"column":34}},"373":{"start":{"line":374,"column":0},"end":{"line":374,"column":55}},"374":{"start":{"line":375,"column":0},"end":{"line":375,"column":81}},"375":{"start":{"line":376,"column":0},"end":{"line":376,"column":69}},"376":{"start":{"line":377,"column":0},"end":{"line":377,"column":144}},"377":{"start":{"line":378,"column":0},"end":{"line":378,"column":30}},"378":{"start":{"line":379,"column":0},"end":{"line":379,"column":35}},"379":{"start":{"line":380,"column":0},"end":{"line":380,"column":63}},"380":{"start":{"line":381,"column":0},"end":{"line":381,"column":66}},"381":{"start":{"line":382,"column":0},"end":{"line":382,"column":129}},"382":{"start":{"line":383,"column":0},"end":{"line":383,"column":47}},"383":{"start":{"line":384,"column":0},"end":{"line":384,"column":29}},"384":{"start":{"line":385,"column":0},"end":{"line":385,"column":65}},"385":{"start":{"line":386,"column":0},"end":{"line":386,"column":37}},"386":{"start":{"line":387,"column":0},"end":{"line":387,"column":30}},"387":{"start":{"line":388,"column":0},"end":{"line":388,"column":23}},"388":{"start":{"line":389,"column":0},"end":{"line":389,"column":26}},"389":{"start":{"line":390,"column":0},"end":{"line":390,"column":0}},"390":{"start":{"line":391,"column":0},"end":{"line":391,"column":40}},"391":{"start":{"line":392,"column":0},"end":{"line":392,"column":42}},"392":{"start":{"line":393,"column":0},"end":{"line":393,"column":74}},"393":{"start":{"line":394,"column":0},"end":{"line":394,"column":36}},"394":{"start":{"line":395,"column":0},"end":{"line":395,"column":69}},"395":{"start":{"line":396,"column":0},"end":{"line":396,"column":80}},"396":{"start":{"line":397,"column":0},"end":{"line":397,"column":85}},"397":{"start":{"line":398,"column":0},"end":{"line":398,"column":34}},"398":{"start":{"line":399,"column":0},"end":{"line":399,"column":151}},"399":{"start":{"line":400,"column":0},"end":{"line":400,"column":37}},"400":{"start":{"line":401,"column":0},"end":{"line":401,"column":37}},"401":{"start":{"line":402,"column":0},"end":{"line":402,"column":71}},"402":{"start":{"line":403,"column":0},"end":{"line":403,"column":59}},"403":{"start":{"line":404,"column":0},"end":{"line":404,"column":104}},"404":{"start":{"line":405,"column":0},"end":{"line":405,"column":148}},"405":{"start":{"line":406,"column":0},"end":{"line":406,"column":94}},"406":{"start":{"line":407,"column":0},"end":{"line":407,"column":85}},"407":{"start":{"line":408,"column":0},"end":{"line":408,"column":138}},"408":{"start":{"line":409,"column":0},"end":{"line":409,"column":42}},"409":{"start":{"line":410,"column":0},"end":{"line":410,"column":42}},"410":{"start":{"line":411,"column":0},"end":{"line":411,"column":35}},"411":{"start":{"line":412,"column":0},"end":{"line":412,"column":34}},"412":{"start":{"line":413,"column":0},"end":{"line":413,"column":68}},"413":{"start":{"line":414,"column":0},"end":{"line":414,"column":38}},"414":{"start":{"line":415,"column":0},"end":{"line":415,"column":27}},"415":{"start":{"line":416,"column":0},"end":{"line":416,"column":26}},"416":{"start":{"line":417,"column":0},"end":{"line":417,"column":0}},"417":{"start":{"line":418,"column":0},"end":{"line":418,"column":50}},"418":{"start":{"line":419,"column":0},"end":{"line":419,"column":42}},"419":{"start":{"line":420,"column":0},"end":{"line":420,"column":74}},"420":{"start":{"line":421,"column":0},"end":{"line":421,"column":36}},"421":{"start":{"line":422,"column":0},"end":{"line":422,"column":69}},"422":{"start":{"line":423,"column":0},"end":{"line":423,"column":80}},"423":{"start":{"line":424,"column":0},"end":{"line":424,"column":78}},"424":{"start":{"line":425,"column":0},"end":{"line":425,"column":34}},"425":{"start":{"line":426,"column":0},"end":{"line":426,"column":135}},"426":{"start":{"line":427,"column":0},"end":{"line":427,"column":37}},"427":{"start":{"line":428,"column":0},"end":{"line":428,"column":37}},"428":{"start":{"line":429,"column":0},"end":{"line":429,"column":97}},"429":{"start":{"line":430,"column":0},"end":{"line":430,"column":133}},"430":{"start":{"line":431,"column":0},"end":{"line":431,"column":53}},"431":{"start":{"line":432,"column":0},"end":{"line":432,"column":56}},"432":{"start":{"line":433,"column":0},"end":{"line":433,"column":99}},"433":{"start":{"line":434,"column":0},"end":{"line":434,"column":39}},"434":{"start":{"line":435,"column":0},"end":{"line":435,"column":38}},"435":{"start":{"line":436,"column":0},"end":{"line":436,"column":0}},"436":{"start":{"line":437,"column":0},"end":{"line":437,"column":222}},"437":{"start":{"line":438,"column":0},"end":{"line":438,"column":209}},"438":{"start":{"line":439,"column":0},"end":{"line":439,"column":193}},"439":{"start":{"line":440,"column":0},"end":{"line":440,"column":195}},"440":{"start":{"line":441,"column":0},"end":{"line":441,"column":210}},"441":{"start":{"line":442,"column":0},"end":{"line":442,"column":203}},"442":{"start":{"line":443,"column":0},"end":{"line":443,"column":220}},"443":{"start":{"line":444,"column":0},"end":{"line":444,"column":211}},"444":{"start":{"line":445,"column":0},"end":{"line":445,"column":212}},"445":{"start":{"line":446,"column":0},"end":{"line":446,"column":215}},"446":{"start":{"line":447,"column":0},"end":{"line":447,"column":209}},"447":{"start":{"line":448,"column":0},"end":{"line":448,"column":221}},"448":{"start":{"line":449,"column":0},"end":{"line":449,"column":153}},"449":{"start":{"line":450,"column":0},"end":{"line":450,"column":157}},"450":{"start":{"line":451,"column":0},"end":{"line":451,"column":34}},"451":{"start":{"line":452,"column":0},"end":{"line":452,"column":38}},"452":{"start":{"line":453,"column":0},"end":{"line":453,"column":27}},"453":{"start":{"line":454,"column":0},"end":{"line":454,"column":26}},"454":{"start":{"line":455,"column":0},"end":{"line":455,"column":0}},"455":{"start":{"line":456,"column":0},"end":{"line":456,"column":39}},"456":{"start":{"line":457,"column":0},"end":{"line":457,"column":42}},"457":{"start":{"line":458,"column":0},"end":{"line":458,"column":74}},"458":{"start":{"line":459,"column":0},"end":{"line":459,"column":36}},"459":{"start":{"line":460,"column":0},"end":{"line":460,"column":69}},"460":{"start":{"line":461,"column":0},"end":{"line":461,"column":79}},"461":{"start":{"line":462,"column":0},"end":{"line":462,"column":76}},"462":{"start":{"line":463,"column":0},"end":{"line":463,"column":34}},"463":{"start":{"line":464,"column":0},"end":{"line":464,"column":151}},"464":{"start":{"line":465,"column":0},"end":{"line":465,"column":37}},"465":{"start":{"line":466,"column":0},"end":{"line":466,"column":37}},"466":{"start":{"line":467,"column":0},"end":{"line":467,"column":71}},"467":{"start":{"line":468,"column":0},"end":{"line":468,"column":266}},"468":{"start":{"line":469,"column":0},"end":{"line":469,"column":84}},"469":{"start":{"line":470,"column":0},"end":{"line":470,"column":41}},"470":{"start":{"line":471,"column":0},"end":{"line":471,"column":263}},"471":{"start":{"line":472,"column":0},"end":{"line":472,"column":45}},"472":{"start":{"line":473,"column":0},"end":{"line":473,"column":41}},"473":{"start":{"line":474,"column":0},"end":{"line":474,"column":267}},"474":{"start":{"line":475,"column":0},"end":{"line":475,"column":49}},"475":{"start":{"line":476,"column":0},"end":{"line":476,"column":41}},"476":{"start":{"line":477,"column":0},"end":{"line":477,"column":263}},"477":{"start":{"line":478,"column":0},"end":{"line":478,"column":42}},"478":{"start":{"line":479,"column":0},"end":{"line":479,"column":41}},"479":{"start":{"line":480,"column":0},"end":{"line":480,"column":277}},"480":{"start":{"line":481,"column":0},"end":{"line":481,"column":50}},"481":{"start":{"line":482,"column":0},"end":{"line":482,"column":41}},"482":{"start":{"line":483,"column":0},"end":{"line":483,"column":49}},"483":{"start":{"line":484,"column":0},"end":{"line":484,"column":172}},"484":{"start":{"line":485,"column":0},"end":{"line":485,"column":80}},"485":{"start":{"line":486,"column":0},"end":{"line":486,"column":45}},"486":{"start":{"line":487,"column":0},"end":{"line":487,"column":34}},"487":{"start":{"line":488,"column":0},"end":{"line":488,"column":34}},"488":{"start":{"line":489,"column":0},"end":{"line":489,"column":0}},"489":{"start":{"line":490,"column":0},"end":{"line":490,"column":141}},"490":{"start":{"line":491,"column":0},"end":{"line":491,"column":64}},"491":{"start":{"line":492,"column":0},"end":{"line":492,"column":138}},"492":{"start":{"line":493,"column":0},"end":{"line":493,"column":134}},"493":{"start":{"line":494,"column":0},"end":{"line":494,"column":78}},"494":{"start":{"line":495,"column":0},"end":{"line":495,"column":78}},"495":{"start":{"line":496,"column":0},"end":{"line":496,"column":48}},"496":{"start":{"line":497,"column":0},"end":{"line":497,"column":61}},"497":{"start":{"line":498,"column":0},"end":{"line":498,"column":46}},"498":{"start":{"line":499,"column":0},"end":{"line":499,"column":42}},"499":{"start":{"line":500,"column":0},"end":{"line":500,"column":35}},"500":{"start":{"line":501,"column":0},"end":{"line":501,"column":49}},"501":{"start":{"line":502,"column":0},"end":{"line":502,"column":72}},"502":{"start":{"line":503,"column":0},"end":{"line":503,"column":154}},"503":{"start":{"line":504,"column":0},"end":{"line":504,"column":42}},"504":{"start":{"line":505,"column":0},"end":{"line":505,"column":34}},"505":{"start":{"line":506,"column":0},"end":{"line":506,"column":34}},"506":{"start":{"line":507,"column":0},"end":{"line":507,"column":0}},"507":{"start":{"line":508,"column":0},"end":{"line":508,"column":43}},"508":{"start":{"line":509,"column":0},"end":{"line":509,"column":158}},"509":{"start":{"line":510,"column":0},"end":{"line":510,"column":30}},"510":{"start":{"line":511,"column":0},"end":{"line":511,"column":0}},"511":{"start":{"line":512,"column":0},"end":{"line":512,"column":127}},"512":{"start":{"line":513,"column":0},"end":{"line":513,"column":38}},"513":{"start":{"line":514,"column":0},"end":{"line":514,"column":53}},"514":{"start":{"line":515,"column":0},"end":{"line":515,"column":82}},"515":{"start":{"line":516,"column":0},"end":{"line":516,"column":77}},"516":{"start":{"line":517,"column":0},"end":{"line":517,"column":58}},"517":{"start":{"line":518,"column":0},"end":{"line":518,"column":198}},"518":{"start":{"line":519,"column":0},"end":{"line":519,"column":34}},"519":{"start":{"line":520,"column":0},"end":{"line":520,"column":189}},"520":{"start":{"line":521,"column":0},"end":{"line":521,"column":64}},"521":{"start":{"line":522,"column":0},"end":{"line":522,"column":41}},"522":{"start":{"line":523,"column":0},"end":{"line":523,"column":35}},"523":{"start":{"line":524,"column":0},"end":{"line":524,"column":38}},"524":{"start":{"line":525,"column":0},"end":{"line":525,"column":27}},"525":{"start":{"line":526,"column":0},"end":{"line":526,"column":26}},"526":{"start":{"line":527,"column":0},"end":{"line":527,"column":18}},"527":{"start":{"line":528,"column":0},"end":{"line":528,"column":15}},"528":{"start":{"line":529,"column":0},"end":{"line":529,"column":6}},"529":{"start":{"line":530,"column":0},"end":{"line":530,"column":1}}},"s":{"0":0,"1":0,"2":0,"3":0,"4":0,"5":0,"6":0,"7":0,"8":0,"9":0,"10":0,"11":0,"12":0,"13":0,"14":0,"15":0,"16":0,"17":0,"18":0,"19":0,"20":0,"21":0,"22":0,"23":0,"24":0,"25":0,"26":0,"27":0,"28":0,"29":0,"30":0,"31":0,"32":0,"33":0,"34":0,"35":0,"36":0,"37":0,"38":0,"39":0,"40":0,"41":0,"42":0,"43":0,"44":0,"45":0,"46":0,"47":0,"48":0,"49":0,"50":0,"51":0,"52":0,"53":0,"54":0,"55":0,"56":0,"57":0,"58":0,"59":0,"60":0,"61":0,"62":0,"63":0,"64":0,"65":0,"66":0,"67":0,"68":0,"69":0,"70":0,"71":0,"72":0,"73":0,"74":0,"75":0,"76":0,"77":0,"78":0,"79":0,"80":0,"81":0,"82":0,"83":0,"84":0,"85":0,"86":0,"87":0,"88":0,"89":0,"90":0,"91":0,"92":0,"93":0,"94":0,"95":0,"96":0,"97":0,"98":0,"99":0,"100":0,"101":0,"102":0,"103":0,"104":0,"105":0,"106":0,"107":0,"108":0,"109":0,"110":0,"111":0,"112":0,"113":0,"114":0,"115":0,"116":0,"117":0,"118":0,"119":0,"120":0,"121":0,"122":0,"123":0,"124":0,"125":0,"126":0,"127":0,"128":0,"129":0,"130":0,"131":0,"132":0,"133":0,"134":0,"135":0,"136":0,"137":0,"138":0,"139":0,"140":0,"141":0,"142":0,"143":0,"144":0,"145":0,"146":0,"147":0,"148":0,"149":0,"150":0,"151":0,"152":0,"153":0,"154":0,"155":0,"156":0,"157":0,"158":0,"159":0,"160":0,"161":0,"162":0,"163":0,"164":0,"165":0,"166":0,"167":0,"168":0,"169":0,"170":0,"171":0,"172":0,"173":0,"174":0,"175":0,"176":0,"177":0,"178":0,"179":0,"180":0,"181":0,"182":0,"183":0,"184":0,"185":0,"186":0,"187":0,"188":0,"189":0,"190":0,"191":0,"192":0,"193":0,"194":0,"195":0,"196":0,"197":0,"198":0,"199":0,"200":0,"201":0,"202":0,"203":0,"204":0,"205":0,"206":0,"207":0,"208":0,"209":0,"210":0,"211":0,"212":0,"213":0,"214":0,"215":0,"216":0,"217":0,"218":0,"219":0,"220":0,"221":0,"222":0,"223":0,"224":0,"225":0,"226":0,"227":0,"228":0,"229":0,"230":0,"231":0,"232":0,"233":0,"234":0,"235":0,"236":0,"237":0,"238":0,"239":0,"240":0,"241":0,"242":0,"243":0,"244":0,"245":0,"246":0,"247":0,"248":0,"249":0,"250":0,"251":0,"252":0,"253":0,"254":0,"255":0,"256":0,"257":0,"258":0,"259":0,"260":0,"261":0,"262":0,"263":0,"264":0,"265":0,"266":0,"267":0,"268":0,"269":0,"270":0,"271":0,"272":0,"273":0,"274":0,"275":0,"276":0,"277":0,"278":0,"279":0,"280":0,"281":0,"282":0,"283":0,"284":0,"285":0,"286":0,"287":0,"288":0,"289":0,"290":0,"291":0,"292":0,"293":0,"294":0,"295":0,"296":0,"297":0,"298":0,"299":0,"300":0,"301":0,"302":0,"303":0,"304":0,"305":0,"306":0,"307":0,"308":0,"309":0,"310":0,"311":0,"312":0,"313":0,"314":0,"315":0,"316":0,"317":0,"318":0,"319":0,"320":0,"321":0,"322":0,"323":0,"324":0,"325":0,"326":0,"327":0,"328":0,"329":0,"330":0,"331":0,"332":0,"333":0,"334":0,"335":0,"336":0,"337":0,"338":0,"339":0,"340":0,"341":0,"342":0,"343":0,"344":0,"345":0,"346":0,"347":0,"348":0,"349":0,"350":0,"351":0,"352":0,"353":0,"354":0,"355":0,"356":0,"357":0,"358":0,"359":0,"360":0,"361":0,"362":0,"363":0,"364":0,"365":0,"366":0,"367":0,"368":0,"369":0,"370":0,"371":0,"372":0,"373":0,"374":0,"375":0,"376":0,"377":0,"378":0,"379":0,"380":0,"381":0,"382":0,"383":0,"384":0,"385":0,"386":0,"387":0,"388":0,"389":0,"390":0,"391":0,"392":0,"393":0,"394":0,"395":0,"396":0,"397":0,"398":0,"399":0,"400":0,"401":0,"402":0,"403":0,"404":0,"405":0,"406":0,"407":0,"408":0,"409":0,"410":0,"411":0,"412":0,"413":0,"414":0,"415":0,"416":0,"417":0,"418":0,"419":0,"420":0,"421":0,"422":0,"423":0,"424":0,"425":0,"426":0,"427":0,"428":0,"429":0,"430":0,"431":0,"432":0,"433":0,"434":0,"435":0,"436":0,"437":0,"438":0,"439":0,"440":0,"441":0,"442":0,"443":0,"444":0,"445":0,"446":0,"447":0,"448":0,"449":0,"450":0,"451":0,"452":0,"453":0,"454":0,"455":0,"456":0,"457":0,"458":0,"459":0,"460":0,"461":0,"462":0,"463":0,"464":0,"465":0,"466":0,"467":0,"468":0,"469":0,"470":0,"471":0,"472":0,"473":0,"474":0,"475":0,"476":0,"477":0,"478":0,"479":0,"480":0,"481":0,"482":0,"483":0,"484":0,"485":0,"486":0,"487":0,"488":0,"489":0,"490":0,"491":0,"492":0,"493":0,"494":0,"495":0,"496":0,"497":0,"498":0,"499":0,"500":0,"501":0,"502":0,"503":0,"504":0,"505":0,"506":0,"507":0,"508":0,"509":0,"510":0,"511":0,"512":0,"513":0,"514":0,"515":0,"516":0,"517":0,"518":0,"519":0,"520":0,"521":0,"522":0,"523":0,"524":0,"525":0,"526":0,"527":0,"528":0,"529":0},"branchMap":{"0":{"type":"branch","line":1,"loc":{"start":{"line":1,"column":0},"end":{"line":530,"column":1}},"locations":[{"start":{"line":1,"column":0},"end":{"line":530,"column":1}}]}},"b":{"0":[0]},"fnMap":{"0":{"name":"(empty-report)","decl":{"start":{"line":1,"column":0},"end":{"line":530,"column":1}},"loc":{"start":{"line":1,"column":0},"end":{"line":530,"column":1}},"line":1}},"f":{"0":0}}
,"C:\\Users\\User\\Desktop\\workspace\\ai_stock_screener\\frontend\\app\\dashboard\\page.tsx": {"path":"C:\\Users\\User\\Desktop\\workspace\\ai_stock_screener\\frontend\\app\\dashboard\\page.tsx","all":true,"statementMap":{"0":{"start":{"line":1,"column":0},"end":{"line":1,"column":13}},"1":{"start":{"line":2,"column":0},"end":{"line":2,"column":0}},"2":{"start":{"line":3,"column":0},"end":{"line":3,"column":29}},"3":{"start":{"line":4,"column":0},"end":{"line":4,"column":53}},"4":{"start":{"line":5,"column":0},"end":{"line":5,"column":177}},"5":{"start":{"line":6,"column":0},"end":{"line":6,"column":48}},"6":{"start":{"line":7,"column":0},"end":{"line":7,"column":97}},"7":{"start":{"line":8,"column":0},"end":{"line":8,"column":107}},"8":{"start":{"line":9,"column":0},"end":{"line":9,"column":51}},"9":{"start":{"line":10,"column":0},"end":{"line":10,"column":0}},"10":{"start":{"line":11,"column":0},"end":{"line":11,"column":24}},"11":{"start":{"line":12,"column":0},"end":{"line":12,"column":71}},"12":{"start":{"line":13,"column":0},"end":{"line":13,"column":69}},"13":{"start":{"line":14,"column":0},"end":{"line":14,"column":65}},"14":{"start":{"line":15,"column":0},"end":{"line":15,"column":2}},"15":{"start":{"line":16,"column":0},"end":{"line":16,"column":0}},"16":{"start":{"line":17,"column":0},"end":{"line":17,"column":20}},"17":{"start":{"line":18,"column":0},"end":{"line":18,"column":60}},"18":{"start":{"line":19,"column":0},"end":{"line":19,"column":59}},"19":{"start":{"line":20,"column":0},"end":{"line":20,"column":63}},"20":{"start":{"line":21,"column":0},"end":{"line":21,"column":2}},"21":{"start":{"line":22,"column":0},"end":{"line":22,"column":0}},"22":{"start":{"line":23,"column":0},"end":{"line":23,"column":19}},"23":{"start":{"line":24,"column":0},"end":{"line":24,"column":62}},"24":{"start":{"line":25,"column":0},"end":{"line":25,"column":66}},"25":{"start":{"line":26,"column":0},"end":{"line":26,"column":58}},"26":{"start":{"line":27,"column":0},"end":{"line":27,"column":2}},"27":{"start":{"line":28,"column":0},"end":{"line":28,"column":0}},"28":{"start":{"line":29,"column":0},"end":{"line":29,"column":24}},"29":{"start":{"line":30,"column":0},"end":{"line":30,"column":66}},"30":{"start":{"line":31,"column":0},"end":{"line":31,"column":2}},"31":{"start":{"line":32,"column":0},"end":{"line":32,"column":0}},"32":{"start":{"line":33,"column":0},"end":{"line":33,"column":19}},"33":{"start":{"line":34,"column":0},"end":{"line":34,"column":65}},"34":{"start":{"line":35,"column":0},"end":{"line":35,"column":66}},"35":{"start":{"line":36,"column":0},"end":{"line":36,"column":67}},"36":{"start":{"line":37,"column":0},"end":{"line":37,"column":2}},"37":{"start":{"line":38,"column":0},"end":{"line":38,"column":0}},"38":{"start":{"line":39,"column":0},"end":{"line":39,"column":26}},"39":{"start":{"line":40,"column":0},"end":{"line":40,"column":54}},"40":{"start":{"line":41,"column":0},"end":{"line":41,"column":47}},"41":{"start":{"line":42,"column":0},"end":{"line":42,"column":40}},"42":{"start":{"line":43,"column":0},"end":{"line":43,"column":2}},"43":{"start":{"line":44,"column":0},"end":{"line":44,"column":0}},"44":{"start":{"line":45,"column":0},"end":{"line":45,"column":19}},"45":{"start":{"line":46,"column":0},"end":{"line":46,"column":59}},"46":{"start":{"line":47,"column":0},"end":{"line":47,"column":59}},"47":{"start":{"line":48,"column":0},"end":{"line":48,"column":59}},"48":{"start":{"line":49,"column":0},"end":{"line":49,"column":2}},"49":{"start":{"line":50,"column":0},"end":{"line":50,"column":0}},"50":{"start":{"line":51,"column":0},"end":{"line":51,"column":58}},"51":{"start":{"line":52,"column":0},"end":{"line":52,"column":93}},"52":{"start":{"line":53,"column":0},"end":{"line":53,"column":1}},"53":{"start":{"line":54,"column":0},"end":{"line":54,"column":0}},"54":{"start":{"line":55,"column":0},"end":{"line":55,"column":41}},"55":{"start":{"line":56,"column":0},"end":{"line":56,"column":47}},"56":{"start":{"line":57,"column":0},"end":{"line":57,"column":132}},"57":{"start":{"line":58,"column":0},"end":{"line":58,"column":65}},"58":{"start":{"line":59,"column":0},"end":{"line":59,"column":50}},"59":{"start":{"line":60,"column":0},"end":{"line":60,"column":62}},"60":{"start":{"line":61,"column":0},"end":{"line":61,"column":70}},"61":{"start":{"line":62,"column":0},"end":{"line":62,"column":59}},"62":{"start":{"line":63,"column":0},"end":{"line":63,"column":53}},"63":{"start":{"line":64,"column":0},"end":{"line":64,"column":60}},"64":{"start":{"line":65,"column":0},"end":{"line":65,"column":0}},"65":{"start":{"line":66,"column":0},"end":{"line":66,"column":21}},"66":{"start":{"line":67,"column":0},"end":{"line":67,"column":29}},"67":{"start":{"line":68,"column":0},"end":{"line":68,"column":38}},"68":{"start":{"line":69,"column":0},"end":{"line":69,"column":31}},"69":{"start":{"line":70,"column":0},"end":{"line":70,"column":27}},"70":{"start":{"line":71,"column":0},"end":{"line":71,"column":17}},"71":{"start":{"line":72,"column":0},"end":{"line":72,"column":124}},"72":{"start":{"line":73,"column":0},"end":{"line":73,"column":50}},"73":{"start":{"line":74,"column":0},"end":{"line":74,"column":60}},"74":{"start":{"line":75,"column":0},"end":{"line":75,"column":66}},"75":{"start":{"line":76,"column":0},"end":{"line":76,"column":70}},"76":{"start":{"line":77,"column":0},"end":{"line":77,"column":120}},"77":{"start":{"line":78,"column":0},"end":{"line":78,"column":19}},"78":{"start":{"line":79,"column":0},"end":{"line":79,"column":33}},"79":{"start":{"line":80,"column":0},"end":{"line":80,"column":27}},"80":{"start":{"line":81,"column":0},"end":{"line":81,"column":17}},"81":{"start":{"line":82,"column":0},"end":{"line":82,"column":66}},"82":{"start":{"line":83,"column":0},"end":{"line":83,"column":45}},"83":{"start":{"line":84,"column":0},"end":{"line":84,"column":53}},"84":{"start":{"line":85,"column":0},"end":{"line":85,"column":56}},"85":{"start":{"line":86,"column":0},"end":{"line":86,"column":108}},"86":{"start":{"line":87,"column":0},"end":{"line":87,"column":27}},"87":{"start":{"line":88,"column":0},"end":{"line":88,"column":33}},"88":{"start":{"line":89,"column":0},"end":{"line":89,"column":27}},"89":{"start":{"line":90,"column":0},"end":{"line":90,"column":17}},"90":{"start":{"line":91,"column":0},"end":{"line":91,"column":92}},"91":{"start":{"line":92,"column":0},"end":{"line":92,"column":23}},"92":{"start":{"line":93,"column":0},"end":{"line":93,"column":32}},"93":{"start":{"line":94,"column":0},"end":{"line":94,"column":40}},"94":{"start":{"line":95,"column":0},"end":{"line":95,"column":17}},"95":{"start":{"line":96,"column":0},"end":{"line":96,"column":13}},"96":{"start":{"line":97,"column":0},"end":{"line":97,"column":10}},"97":{"start":{"line":98,"column":0},"end":{"line":98,"column":0}},"98":{"start":{"line":99,"column":0},"end":{"line":99,"column":19}},"99":{"start":{"line":100,"column":0},"end":{"line":100,"column":22}},"100":{"start":{"line":101,"column":0},"end":{"line":101,"column":30}},"101":{"start":{"line":102,"column":0},"end":{"line":102,"column":10}},"102":{"start":{"line":103,"column":0},"end":{"line":103,"column":32}},"103":{"start":{"line":104,"column":0},"end":{"line":104,"column":0}},"104":{"start":{"line":105,"column":0},"end":{"line":105,"column":41}},"105":{"start":{"line":106,"column":0},"end":{"line":106,"column":62}},"106":{"start":{"line":107,"column":0},"end":{"line":107,"column":123}},"107":{"start":{"line":108,"column":0},"end":{"line":108,"column":330}},"108":{"start":{"line":109,"column":0},"end":{"line":109,"column":32}},"109":{"start":{"line":110,"column":0},"end":{"line":110,"column":0}},"110":{"start":{"line":111,"column":0},"end":{"line":111,"column":12}},"111":{"start":{"line":112,"column":0},"end":{"line":112,"column":206}},"112":{"start":{"line":113,"column":0},"end":{"line":113,"column":47}},"113":{"start":{"line":114,"column":0},"end":{"line":114,"column":214}},"114":{"start":{"line":115,"column":0},"end":{"line":115,"column":25}},"115":{"start":{"line":116,"column":0},"end":{"line":116,"column":102}},"116":{"start":{"line":117,"column":0},"end":{"line":117,"column":108}},"117":{"start":{"line":118,"column":0},"end":{"line":118,"column":26}},"118":{"start":{"line":119,"column":0},"end":{"line":119,"column":71}},"119":{"start":{"line":120,"column":0},"end":{"line":120,"column":134}},"120":{"start":{"line":121,"column":0},"end":{"line":121,"column":59}},"121":{"start":{"line":122,"column":0},"end":{"line":122,"column":33}},"122":{"start":{"line":123,"column":0},"end":{"line":123,"column":110}},"123":{"start":{"line":124,"column":0},"end":{"line":124,"column":87}},"124":{"start":{"line":125,"column":0},"end":{"line":125,"column":87}},"125":{"start":{"line":126,"column":0},"end":{"line":126,"column":35}},"126":{"start":{"line":127,"column":0},"end":{"line":127,"column":33}},"127":{"start":{"line":128,"column":0},"end":{"line":128,"column":134}},"128":{"start":{"line":129,"column":0},"end":{"line":129,"column":86}},"129":{"start":{"line":130,"column":0},"end":{"line":130,"column":73}},"130":{"start":{"line":131,"column":0},"end":{"line":131,"column":35}},"131":{"start":{"line":132,"column":0},"end":{"line":132,"column":33}},"132":{"start":{"line":133,"column":0},"end":{"line":133,"column":134}},"133":{"start":{"line":134,"column":0},"end":{"line":134,"column":88}},"134":{"start":{"line":135,"column":0},"end":{"line":135,"column":74}},"135":{"start":{"line":136,"column":0},"end":{"line":136,"column":35}},"136":{"start":{"line":137,"column":0},"end":{"line":137,"column":33}},"137":{"start":{"line":138,"column":0},"end":{"line":138,"column":134}},"138":{"start":{"line":139,"column":0},"end":{"line":139,"column":69}},"139":{"start":{"line":140,"column":0},"end":{"line":140,"column":33}},"140":{"start":{"line":141,"column":0},"end":{"line":141,"column":26}},"141":{"start":{"line":142,"column":0},"end":{"line":142,"column":25}},"142":{"start":{"line":143,"column":0},"end":{"line":143,"column":0}},"143":{"start":{"line":144,"column":0},"end":{"line":144,"column":128}},"144":{"start":{"line":145,"column":0},"end":{"line":145,"column":104}},"145":{"start":{"line":146,"column":0},"end":{"line":146,"column":110}},"146":{"start":{"line":147,"column":0},"end":{"line":147,"column":92}},"147":{"start":{"line":148,"column":0},"end":{"line":148,"column":76}},"148":{"start":{"line":149,"column":0},"end":{"line":149,"column":57}},"149":{"start":{"line":150,"column":0},"end":{"line":150,"column":34}},"150":{"start":{"line":151,"column":0},"end":{"line":151,"column":82}},"151":{"start":{"line":152,"column":0},"end":{"line":152,"column":38}},"152":{"start":{"line":153,"column":0},"end":{"line":153,"column":49}},"153":{"start":{"line":154,"column":0},"end":{"line":154,"column":86}},"154":{"start":{"line":155,"column":0},"end":{"line":155,"column":74}},"155":{"start":{"line":156,"column":0},"end":{"line":156,"column":155}},"156":{"start":{"line":157,"column":0},"end":{"line":157,"column":34}},"157":{"start":{"line":158,"column":0},"end":{"line":158,"column":182}},"158":{"start":{"line":159,"column":0},"end":{"line":159,"column":42}},"159":{"start":{"line":160,"column":0},"end":{"line":160,"column":41}},"160":{"start":{"line":161,"column":0},"end":{"line":161,"column":34}},"161":{"start":{"line":162,"column":0},"end":{"line":162,"column":30}},"162":{"start":{"line":163,"column":0},"end":{"line":163,"column":62}},"163":{"start":{"line":164,"column":0},"end":{"line":164,"column":72}},"164":{"start":{"line":165,"column":0},"end":{"line":165,"column":39}},"165":{"start":{"line":166,"
[...]
:{"line":6,"column":3}},"6":{"start":{"line":7,"column":0},"end":{"line":7,"column":26}},"7":{"start":{"line":8,"column":0},"end":{"line":8,"column":0}},"8":{"start":{"line":9,"column":0},"end":{"line":9,"column":125}},"9":{"start":{"line":10,"column":0},"end":{"line":10,"column":91}},"10":{"start":{"line":11,"column":0},"end":{"line":11,"column":3}},"11":{"start":{"line":12,"column":0},"end":{"line":12,"column":38}},"12":{"start":{"line":13,"column":0},"end":{"line":13,"column":0}},"13":{"start":{"line":14,"column":0},"end":{"line":14,"column":132}},"14":{"start":{"line":15,"column":0},"end":{"line":15,"column":121}},"15":{"start":{"line":16,"column":0},"end":{"line":16,"column":3}},"16":{"start":{"line":17,"column":0},"end":{"line":17,"column":36}},"17":{"start":{"line":18,"column":0},"end":{"line":18,"column":0}},"18":{"start":{"line":19,"column":0},"end":{"line":19,"column":142}},"19":{"start":{"line":20,"column":0},"end":{"line":20,"column":82}},"20":{"start":{"line":21,"column":0},"end":{"line":21,"column":3}},"21":{"start":{"line":22,"column":0},"end":{"line":22,"column":48}},"22":{"start":{"line":23,"column":0},"end":{"line":23,"column":0}},"23":{"start":{"line":24,"column":0},"end":{"line":24,"column":126}},"24":{"start":{"line":25,"column":0},"end":{"line":25,"column":70}},"25":{"start":{"line":26,"column":0},"end":{"line":26,"column":3}},"26":{"start":{"line":27,"column":0},"end":{"line":27,"column":40}},"27":{"start":{"line":28,"column":0},"end":{"line":28,"column":0}},"28":{"start":{"line":29,"column":0},"end":{"line":29,"column":69}}},"s":{"0":0,"1":0,"2":0,"3":0,"4":0,"5":0,"6":0,"7":0,"8":0,"9":0,"10":0,"11":0,"12":0,"13":0,"14":0,"15":0,"16":0,"17":0,"18":0,"19":0,"20":0,"21":0,"22":0,"23":0,"24":0,"25":0,"26":0,"27":0,"28":0},"branchMap":{"0":{"type":"branch","line":1,"loc":{"start":{"line":1,"column":0},"end":{"line":29,"column":69}},"locations":[{"start":{"line":1,"column":0},"end":{"line":29,"column":69}}]}},"b":{"0":[0]},"fnMap":{"0":{"name":"(empty-report)","decl":{"start":{"line":1,"column":0},"end":{"line":29,"column":69}},"loc":{"start":{"line":1,"column":0},"end":{"line":29,"column":69}},"line":1}},"f":{"0":0}}
,"C:\\Users\\User\\Desktop\\workspace\\ai_stock_screener\\frontend\\lib\\favoritesApi.ts": {"path":"C:\\Users\\User\\Desktop\\workspace\\ai_stock_screener\\frontend\\lib\\favoritesApi.ts","all":true,"statementMap":{"0":{"start":{"line":1,"column":0},"end":{"line":1,"column":80}},"1":{"start":{"line":2,"column":0},"end":{"line":2,"column":0}},"2":{"start":{"line":3,"column":0},"end":{"line":3,"column":77}},"3":{"start":{"line":4,"column":0},"end":{"line":4,"column":60}},"4":{"start":{"line":5,"column":0},"end":{"line":5,"column":16}},"5":{"start":{"line":6,"column":0},"end":{"line":6,"column":18}},"6":{"start":{"line":7,"column":0},"end":{"line":7,"column":47}},"7":{"start":{"line":8,"column":0},"end":{"line":8,"column":37}},"8":{"start":{"line":9,"column":0},"end":{"line":9,"column":10}},"9":{"start":{"line":10,"column":0},"end":{"line":10,"column":7}},"10":{"start":{"line":11,"column":0},"end":{"line":11,"column":0}},"11":{"start":{"line":12,"column":0},"end":{"line":12,"column":23}},"12":{"start":{"line":13,"column":0},"end":{"line":13,"column":48}},"13":{"start":{"line":14,"column":0},"end":{"line":14,"column":90}},"14":{"start":{"line":15,"column":0},"end":{"line":15,"column":5}},"15":{"start":{"line":16,"column":0},"end":{"line":16,"column":0}},"16":{"start":{"line":17,"column":0},"end":{"line":17,"column":41}},"17":{"start":{"line":18,"column":0},"end":{"line":18,"column":1}},"18":{"start":{"line":19,"column":0},"end":{"line":19,"column":0}},"19":{"start":{"line":20,"column":0},"end":{"line":20,"column":33}},"20":{"start":{"line":21,"column":0},"end":{"line":21,"column":15}},"21":{"start":{"line":22,"column":0},"end":{"line":22,"column":19}},"22":{"start":{"line":23,"column":0},"end":{"line":23,"column":17}},"23":{"start":{"line":24,"column":0},"end":{"line":24,"column":20}},"24":{"start":{"line":25,"column":0},"end":{"line":25,"column":2}},"25":{"start":{"line":26,"column":0},"end":{"line":26,"column":0}},"26":{"start":{"line":27,"column":0},"end":{"line":27,"column":96}},"27":{"start":{"line":28,"column":0},"end":{"line":28,"column":41}},"28":{"start":{"line":29,"column":0},"end":{"line":29,"column":1}},"29":{"start":{"line":30,"column":0},"end":{"line":30,"column":0}},"30":{"start":{"line":31,"column":0},"end":{"line":31,"column":140}},"31":{"start":{"line":32,"column":0},"end":{"line":32,"column":42}},"32":{"start":{"line":33,"column":0},"end":{"line":33,"column":23}},"33":{"start":{"line":34,"column":0},"end":{"line":34,"column":47}},"34":{"start":{"line":35,"column":0},"end":{"line":35,"column":7}},"35":{"start":{"line":36,"column":0},"end":{"line":36,"column":1}},"36":{"start":{"line":37,"column":0},"end":{"line":37,"column":0}},"37":{"start":{"line":38,"column":0},"end":{"line":38,"column":103}},"38":{"start":{"line":39,"column":0},"end":{"line":39,"column":72}},"39":{"start":{"line":40,"column":0},"end":{"line":40,"column":25}},"40":{"start":{"line":41,"column":0},"end":{"line":41,"column":7}},"41":{"start":{"line":42,"column":0},"end":{"line":42,"column":1}}},"s":{"0":0,"1":0,"2":0,"3":0,"4":0,"5":0,"6":0,"7":0,"8":0,"9":0,"10":0,"11":0,"12":0,"13":0,"14":0,"15":0,"16":0,"17":0,"18":0,"19":0,"20":0,"21":0,"22":0,"23":0,"24":0,"25":0,"26":0,"27":0,"28":0,"29":0,"30":0,"31":0,"32":0,"33":0,"34":0,"35":0,"36":0,"37":0,"38":0,"39":0,"40":0,"41":0},"branchMap":{"0":{"type":"branch","line":1,"loc":{"start":{"line":1,"column":0},"end":{"line":42,"column":1}},"locations":[{"start":{"line":1,"column":0},"end":{"line":42,"column":1}}]}},"b":{"0":[0]},"fnMap":{"0":{"name":"(empty-report)","decl":{"start":{"line":1,"column":0},"end":{"line":42,"column":1}},"loc":{"start":{"line":1,"column":0},"end":{"line":42,"column":1}},"line":1}},"f":{"0":0}}
,"C:\\Users\\User\\Desktop\\workspace\\ai_stock_screener\\frontend\\lib\\geminiApi.ts": {"path":"C:\\Users\\User\\Desktop\\workspace\\ai_stock_screener\\frontend\\lib\\geminiApi.ts","all":true,"statementMap":{"0":{"start":{"line":1,"column":0},"end":{"line":1,"column":80}},"1":{"start":{"line":2,"column":0},"end":{"line":2,"column":0}},"2":{"start":{"line":3,"column":0},"end":{"line":3,"column":56}},"3":{"start":{"line":4,"column":0},"end":{"line":4,"column":108}},"4":{"start":{"line":5,"column":0},"end":{"line":5,"column":23}},"5":{"start":{"line":6,"column":0},"end":{"line":6,"column":58}},"6":{"start":{"line":7,"column":0},"end":{"line":7,"column":5}},"7":{"start":{"line":8,"column":0},"end":{"line":8,"column":27}},"8":{"start":{"line":9,"column":0},"end":{"line":9,"column":1}},"9":{"start":{"line":10,"column":0},"end":{"line":10,"column":0}},"10":{"start":{"line":11,"column":0},"end":{"line":11,"column":81}},"11":{"start":{"line":12,"column":0},"end":{"line":12,"column":72}},"12":{"start":{"line":13,"column":0},"end":{"line":13,"column":23}},"13":{"start":{"line":14,"column":0},"end":{"line":14,"column":18}},"14":{"start":{"line":15,"column":0},"end":{"line":15,"column":47}},"15":{"start":{"line":16,"column":0},"end":{"line":16,"column":10}},"16":{"start":{"line":17,"column":0},"end":{"line":17,"column":41}},"17":{"start":{"line":18,"column":0},"end":{"line":18,"column":15}},"18":{"start":{"line":19,"column":0},"end":{"line":19,"column":7}},"19":{"start":{"line":20,"column":0},"end":{"line":20,"column":23}},"20":{"start":{"line":21,"column":0},"end":{"line":21,"column":58}},"21":{"start":{"line":22,"column":0},"end":{"line":22,"column":5}},"22":{"start":{"line":23,"column":0},"end":{"line":23,"column":27}},"23":{"start":{"line":24,"column":0},"end":{"line":24,"column":1}}},"s":{"0":0,"1":0,"2":0,"3":0,"4":0,"5":0,"6":0,"7":0,"8":0,"9":0,"10":0,"11":0,"12":0,"13":0,"14":0,"15":0,"16":0,"17":0,"18":0,"19":0,"20":0,"21":0,"22":0,"23":0},"branchMap":{"0":{"type":"branch","line":1,"loc":{"start":{"line":1,"column":0},"end":{"line":24,"column":1}},"locations":[{"start":{"line":1,"column":0},"end":{"line":24,"column":1}}]}},"b":{"0":[0]},"fnMap":{"0":{"name":"(empty-report)","decl":{"start":{"line":1,"column":0},"end":{"line":24,"column":1}},"loc":{"start":{"line":1,"column":0},"end":{"line":24,"column":1}},"line":1}},"f":{"0":0}}
,"C:\\Users\\User\\Desktop\\workspace\\ai_stock_screener\\frontend\\lib\\portfolioApi.ts": {"path":"C:\\Users\\User\\Desktop\\workspace\\ai_stock_screener\\frontend\\lib\\portfolioApi.ts","all":true,"statementMap":{"0":{"start":{"line":1,"column":0},"end":{"line":1,"column":80}},"1":{"start":{"line":2,"column":0},"end":{"line":2,"column":0}},"2":{"start":{"line":3,"column":0},"end":{"line":3,"column":77}},"3":{"start":{"line":4,"column":0},"end":{"line":4,"column":60}},"4":{"start":{"line":5,"column":0},"end":{"line":5,"column":16}},"5":{"start":{"line":6,"column":0},"end":{"line":6,"column":18}},"6":{"start":{"line":7,"column":0},"end":{"line":7,"column":47}},"7":{"start":{"line":8,"column":0},"end":{"line":8,"column":37}},"8":{"start":{"line":9,"column":0},"end":{"line":9,"column":10}},"9":{"start":{"line":10,"column":0},"end":{"line":10,"column":7}},"10":{"start":{"line":11,"column":0},"end":{"line":11,"column":0}},"11":{"start":{"line":12,"column":0},"end":{"line":12,"column":23}},"12":{"start":{"line":13,"column":0},"end":{"line":13,"column":48}},"13":{"start":{"line":14,"column":0},"end":{"line":14,"column":90}},"14":{"start":{"line":15,"column":0},"end":{"line":15,"column":5}},"15":{"start":{"line":16,"column":0},"end":{"line":16,"column":0}},"16":{"start":{"line":17,"column":0},"end":{"line":17,"column":41}},"17":{"start":{"line":18,"column":0},"end":{"line":18,"column":1}},"18":{"start":{"line":19,"column":0},"end":{"line":19,"column":0}},"19":{"start":{"line":20,"column":0},"end":{"line":20,"column":32}},"20":{"start":{"line":21,"column":0},"end":{"line":21,"column":15}},"21":{"start":{"line":22,"column":0},"end":{"line":22,"column":19}},"22":{"start":{"line":23,"column":0},"end":{"line":23,"column":21}},"23":{"start":{"line":24,"column":0},"end":{"line":24,"column":21}},"24":{"start":{"line":25,"column":0},"end":{"line":25,"column":25}},"25":{"start":{"line":26,"column":0},"end":{"line":26,"column":27}},"26":{"start":{"line":27,"column":0},"end":{"line":27,"column":32}},"27":{"start":{"line":28,"column":0},"end":{"line":28,"column":22}},"28":{"start":{"line":29,"column":0},"end":{"line":29,"column":2}},"29":{"start":{"line":30,"column":0},"end":{"line":30,"column":0}},"30":{"start":{"line":31,"column":0},"end":{"line":31,"column":25}},"31":{"start":{"line":32,"column":0},"end":{"line":32,"column":15}},"32":{"start":{"line":33,"column":0},"end":{"line":33,"column":17}},"33":{"start":{"line":34,"column":0},"end":{"line":34,"column":31}},"34":{"start":{"line":35,"column":0},"end":{"line":35,"column":22}},"35":{"start":{"line":36,"column":0},"end":{"line":36,"column":33}},"36":{"start":{"line":37,"column":0},"end":{"line":37,"column":2}},"37":{"start":{"line":38,"column":0},"end":{"line":38,"column":0}},"38":{"start":{"line":39,"column":0},"end":{"line":39,"column":89}},"39":{"start":{"line":40,"column":0},"end":{"line":40,"column":41}},"40":{"start":{"line":41,"column":0},"end":{"line":41,"column":1}},"41":{"start":{"line":42,"column":0},"end":{"line":42,"column":0}},"42":{"start":{"line":43,"column":0},"end":{"line":43,"column":123}},"43":{"start":{"line":44,"column":0},"end":{"line":44,"column":42}},"44":{"start":{"line":45,"column":0},"end":{"line":45,"column":23}},"45":{"start":{"line":46,"column":0},"end":{"line":46,"column":52}},"46":{"start":{"line":47,"column":0},"end":{"line":47,"column":7}},"47":{"start":{"line":48,"column":0},"end":{"line":48,"column":1}},"48":{"start":{"line":49,"column":0},"end":{"line":49,"column":0}},"49":{"start":{"line":50,"column":0},"end":{"line":50,"column":33}},"50":{"start":{"line":51,"column":0},"end":{"line":51,"column":24}},"51":{"start":{"line":52,"column":0},"end":{"line":52,"column":19}},"52":{"start":{"line":53,"column":0},"end":{"line":53,"column":21}},"53":{"start":{"line":54,"column":0},"end":{"line":54,"column":25}},"54":{"start":{"line":55,"column":0},"end":{"line":55,"column":22}},"55":{"start":{"line":56,"column":0},"end":{"line":56,"column":58}},"56":{"start":{"line":57,"column":0},"end":{"line":57,"column":50}},"57":{"start":{"line":58,"column":0},"end":{"line":58,"column":23}},"58":{"start":{"line":59,"column":0},"end":{"line":59,"column":88}},"59":{"start":{"line":60,"column":0},"end":{"line":60,"column":7}},"60":{"start":{"line":61,"column":0},"end":{"line":61,"column":1}},"61":{"start":{"line":62,"column":0},"end":{"line":62,"column":0}},"62":{"start":{"line":63,"column":0},"end":{"line":63,"column":36}},"63":{"start":{"line":64,"column":0},"end":{"line":64,"column":15}},"64":{"start":{"line":65,"column":0},"end":{"line":65,"column":21}},"65":{"start":{"line":66,"column":0},"end":{"line":66,"column":25}},"66":{"start":{"line":67,"column":0},"end":{"line":67,"column":58}},"67":{"start":{"line":68,"column":0},"end":{"line":68,"column":56}},"68":{"start":{"line":69,"column":0},"end":{"line":69,"column":22}},"69":{"start":{"line":70,"column":0},"end":{"line":70,"column":57}},"70":{"start":{"line":71,"column":0},"end":{"line":71,"column":7}},"71":{"start":{"line":72,"column":0},"end":{"line":72,"column":1}},"72":{"start":{"line":73,"column":0},"end":{"line":73,"column":0}},"73":{"start":{"line":74,"column":0},"end":{"line":74,"column":98}},"74":{"start":{"line":75,"column":0},"end":{"line":75,"column":56}},"75":{"start":{"line":76,"column":0},"end":{"line":76,"column":25}},"76":{"start":{"line":77,"column":0},"end":{"line":77,"column":7}},"77":{"start":{"line":78,"column":0},"end":{"line":78,"column":1}}},"s":{"0":0,"1":0,"2":0,"3":0,"4":0,"5":0,"6":0,"7":0,"8":0,"9":0,"10":0,"11":0,"12":0,"13":0,"14":0,"15":0,"16":0,"17":0,"18":0,"19":0,"20":0,"21":0,"22":0,"23":0,"24":0,"25":0,"26":0,"27":0,"28":0,"29":0,"30":0,"31":0,"32":0,"33":0,"34":0,"35":0,"36":0,"37":0,"38":0,"39":0,"40":0,"41":0,"42":0,"43":0,"44":0,"45":0,"46":0,"47":0,"48":0,"49":0,"50":0,"51":0,"52":0,"53":0,"54":0,"55":0,"56":0,"57":0,"58":0,"59":0,"60":0,"61":0,"62":0,"63":0,"64":0,"65":0,"66":0,"67":0,"68":0,"69":0,"70":0,"71":0,"72":0,"73":0,"74":0,"75":0,"76":0,"77":0},"branchMap":{"0":{"type":"branch","line":1,"loc":{"start":{"line":1,"column":0},"end":{"line":78,"column":1}},"locations":[{"start":{"line":1,"column":0},"end":{"line":78,"column":1}}]}},"b":{"0":[0]},"fnMap":{"0":{"name":"(empty-report)","decl":{"start":{"line":1,"column":0},"end":{"line":78,"column":1}},"loc":{"start":{"line":1,"column":0},"end":{"line":78,"column":1}},"line":1}},"f":{"0":0}}
,"C:\\Users\\User\\Desktop\\workspace\\ai_stock_screener\\frontend\\lib\\stockApi.ts": {"path":"C:\\Users\\User\\Desktop\\workspace\\ai_stock_screener\\frontend\\lib\\stockApi.ts","all":true,"statementMap":{"0":{"start":{"line":1,"column":0},"end":{"line":1,"column":80}},"1":{"start":{"line":2,"column":0},"end":{"line":2,"column":0}},"2":{"start":{"line":3,"column":0},"end":{"line":3,"column":77}},"3":{"start":{"line":4,"column":0},"end":{"line":4,"column":60}},"4":{"start":{"line":5,"column":0},"end":{"line":5,"column":16}},"5":{"start":{"line":6,"column":0},"end":{"line":6,"column":18}},"6":{"start":{"line":7,"column":0},"end":{"line":7,"column":47}},"7":{"start":{"line":8,"column":0},"end":{"line":8,"column":37}},"8":{"start":{"line":9,"column":0},"end":{"line":9,"column":10}},"9":{"start":{"line":10,"column":0},"end":{"line":10,"column":7}},"10":{"start":{"line":11,"column":0},"end":{"line":11,"column":0}},"11":{"start":{"line":12,"column":0},"end":{"line":12,"column":23}},"12":{"start":{"line":13,"column":0},"end":{"line":13,"column":48}},"13":{"start":{"line":14,"column":0},"end":{"line":14,"column":90}},"14":{"start":{"line":15,"column":0},"end":{"line":15,"column":5}},"15":{"start":{"line":16,"column":0},"end":{"line":16,"column":0}},"16":{"start":{"line":17,"column":0},"end":{"line":17,"column":41}},"17":{"start":{"line":18,"column":0},"end":{"line":18,"column":1}},"18":{"start":{"line":19,"column":0},"end":{"line":19,"column":0}},"19":{"start":{"line":20,"column":0},"end":{"line":20,"column":51}},"20":{"start":{"line":21,"column":0},"end":{"line":21,"column":188}},"21":{"start":{"line":22,"column":0},"end":{"line":22,"column":1}},"22":{"start":{"line":23,"column":0},"end":{"line":23,"column":0}},"23":{"start":{"line":24,"column":0},"end":{"line":24,"column":53}},"24":{"start":{"line":25,"column":0},"end":{"line":25,"column":111}},"25":{"start":{"line":26,"column":0},"end":{"line":26,"column":1}},"26":{"start":{"line":27,"column":0},"end":{"line":27,"column":0}},"27":{"start":{"line":28,"column":0},"end":{"line":28,"column":59}},"28":{"start":{"line":29,"column":0},"end":{"line":29,"column":113}},"29":{"start":{"line":30,"column":0},"end":{"line":30,"column":1}},"30":{"start":{"line":31,"column":0},"end":{"line":31,"column":0}},"31":{"start":{"line":32,"column":0},"end":{"line":32,"column":63}},"32":{"start":{"line":33,"column":0},"end":{"line":33,"column":112}},"33":{"start":{"line":34,"column":0},"end":{"line":34,"column":1}},"34":{"start":{"line":35,"column":0},"end":{"line":35,"column":0}},"35":{"start":{"line":36,"column":0},"end":{"line":36,"column":67}},"36":{"start":{"line":37,"column":0},"end":{"line":37,"column":116}},"37":{"start":{"line":38,"column":0},"end":{"line":38,"column":1}},"38":{"start":{"line":39,"column":0},"end":{"line":39,"column":0}},"39":{"start":{"line":40,"column":0},"end":{"line":40,"column":60}},"40":{"start":{"line":41,"column":0},"end":{"line":41,"column":113}},"41":{"start":{"line":42,"column":0},"end":{"line":42,"column":1}},"42":{"start":{"line":43,"column":0},"end":{"line":43,"column":0}},"43":{"start":{"line":44,"column":0},"end":{"line":44,"column":52}},"44":{"start":{"line":45,"column":0},"end":{"line":45,"column":194}},"45":{"start":{"line":46,"column":0},"end":{"line":46,"column":1}},"46":{"start":{"line":47,"column":0},"end":{"line":47,"column":0}},"47":{"start":{"line":48,"column":0},"end":{"line":48,"column":56}},"48":{"start":{"line":49,"column":0},"end":{"line":49,"column":163}},"49":{"start":{"line":50,"column":0},"end":{"line":50,"column":1}}},"s":{"0":0,"1":0,"2":0,"3":0,"4":0,"5":0,"6":0,"7":0,"8":0,"9":0,"10":0,"11":0,"12":0,"13":0,"14":0,"15":0,"16":0,"17":0,"18":0,"19":0,"20":0,"21":0,"22":0,"23":0,"24":0,"25":0,"26":0,"27":0,"28":0,"29":0,"30":0,"31":0,"32":0,"33":0,"34":0,"35":0,"36":0,"37":0,"38":0,"39":0,"40":0,"41":0,"42":0,"43":0,"44":0,"45":0,"46":0,"47":0,"48":0,"49":0},"branchMap":{"0":{"type":"branch","line":1,"loc":{"start":{"line":1,"column":0},"end":{"line":50,"column":1}},"locations":[{"start":{"line":1,"column":0},"end":{"line":50,"column":1}}]}},"b":{"0":[0]},"fnMap":{"0":{"name":"(empty-report)","decl":{"start":{"line":1,"column":0},"end":{"line":50,"column":1}},"loc":{"start":{"line":1,"column":0},"end":{"line":50,"column":1}},"line":1}},"f":{"0":0}}
,"C:\\Users\\User\\Desktop\\workspace\\ai_stock_screener\\frontend\\lib\\utils.ts": {"path":"C:\\Users\\User\\Desktop\\workspace\\ai_stock_screener\\frontend\\lib\\utils.ts","all":false,"statementMap":{"0":{"start":{"line":1,"column":0},"end":{"line":1,"column":45}},"1":{"start":{"line":2,"column":0},"end":{"line":2,"column":41}},"2":{"start":{"line":3,"column":0},"end":{"line":3,"column":0}},"3":{"start":{"line":4,"column":0},"end":{"line":4,"column":45}},"4":{"start":{"line":5,"column":0},"end":{"line":5,"column":33}},"5":{"start":{"line":6,"column":0},"end":{"line":6,"column":1}}},"s":{"0":1,"1":1,"2":1,"3":1,"4":5,"5":5},"branchMap":{"0":{"type":"branch","line":4,"loc":{"start":{"line":4,"column":7},"end":{"line":6,"column":1}},"locations":[{"start":{"line":4,"column":7},"end":{"line":6,"column":1}}]}},"b":{"0":[5]},"fnMap":{"0":{"name":"cn","decl":{"start":{"line":4,"column":7},"end":{"line":6,"column":1}},"loc":{"start":{"line":4,"column":7},"end":{"line":6,"column":1}},"line":4}},"f":{"0":5}}
}
