{"C:\\Users\\User\\Desktop\\workspace\\ai_stock_screener\\backend\\src\\app.ts": {"path":"C:\\Users\\User\\Desktop\\workspace\\ai_stock_screener\\backend\\src\\app.ts","statementMap":{"0":{"start":{"line":1,"column":0},"end":{"line":1,"column":30}},"1":{"start":{"line":2,"column":0},"end":{"line":2,"column":24}},"2":{"start":{"line":3,"column":0},"end":{"line":3,"column":28}},"3":{"start":{"line":4,"column":0},"end":{"line":4,"column":28}},"4":{"start":{"line":5,"column":0},"end":{"line":5,"column":38}},"5":{"start":{"line":6,"column":0},"end":{"line":6,"column":50}},"6":{"start":{"line":7,"column":0},"end":{"line":7,"column":52}},"7":{"start":{"line":8,"column":0},"end":{"line":8,"column":48}},"8":{"start":{"line":9,"column":0},"end":{"line":9,"column":50}},"9":{"start":{"line":10,"column":0},"end":{"line":10,"column":56}},"10":{"start":{"line":11,"column":0},"end":{"line":11,"column":56}},"11":{"start":{"line":12,"column":0},"end":{"line":12,"column":57}},"12":{"start":{"line":13,"column":0},"end":{"line":13,"column":58}},"13":{"start":{"line":14,"column":0},"end":{"line":14,"column":40}},"14":{"start":{"line":16,"column":25},"end":{"line":36,"column":1}},"15":{"start":{"line":17,"column":16},"end":{"line":17,"column":25}},"16":{"start":{"line":19,"column":4},"end":{"line":19,"column":22}},"17":{"start":{"line":20,"column":4},"end":{"line":20,"column":20}},"18":{"start":{"line":21,"column":4},"end":{"line":21,"column":27}},"19":{"start":{"line":22,"column":4},"end":{"line":22,"column":27}},"20":{"start":{"line":23,"column":4},"end":{"line":23,"column":28}},"21":{"start":{"line":25,"column":4},"end":{"line":25,"column":34}},"22":{"start":{"line":26,"column":4},"end":{"line":26,"column":35}},"23":{"start":{"line":27,"column":4},"end":{"line":27,"column":33}},"24":{"start":{"line":28,"column":4},"end":{"line":28,"column":34}},"25":{"start":{"line":29,"column":4},"end":{"line":29,"column":37}},"26":{"start":{"line":30,"column":4},"end":{"line":30,"column":37}},"27":{"start":{"line":32,"column":4},"end":{"line":32,"column":29}},"28":{"start":{"line":33,"column":4},"end":{"line":33,"column":26}},"29":{"start":{"line":35,"column":4},"end":{"line":35,"column":15}},"30":{"start":{"line":16,"column":13},"end":{"line":16,"column":25}},"31":{"start":{"line":38,"column":38},"end":{"line":40,"column":1}},"32":{"start":{"line":39,"column":4},"end":{"line":39,"column":62}},"33":{"start":{"line":38,"column":13},"end":{"line":38,"column":38}}},"fnMap":{"0":{"name":"(anonymous_1)","decl":{"start":{"line":16,"column":25},"end":{"line":16,"column":28}},"loc":{"start":{"line":16,"column":30},"end":{"line":36,"column":1}}},"1":{"name":"(anonymous_2)","decl":{"start":{"line":38,"column":38},"end":{"line":38,"column":39}},"loc":{"start":{"line":38,"column":55},"end":{"line":40,"column":1}}}},"branchMap":{},"s":{"0":1,"1":1,"2":1,"3":1,"4":1,"5":1,"6":1,"7":1,"8":1,"9":1,"10":1,"11":1,"12":1,"13":1,"14":1,"15":1,"16":1,"17":1,"18":1,"19":1,"20":1,"21":1,"22":1,"23":1,"24":1,"25":1,"26":1,"27":1,"28":1,"29":1,"30":1,"31":1,"32":0,"33":1},"f":{"0":1,"1":0},"b":{}}
,"C:\\Users\\User\\Desktop\\workspace\\ai_stock_screener\\backend\\src\\config\\env.ts": {"path":"C:\\Users\\User\\Desktop\\workspace\\ai_stock_screener\\backend\\src\\config\\env.ts","statementMap":{"0":{"start":{"line":1,"column":0},"end":{"line":1,"column":28}},"1":{"start":{"line":3,"column":0},"end":{"line":3,"column":16}},"2":{"start":{"line":5,"column":13},"end":{"line":9,"column":2}}},"fnMap":{},"branchMap":{"0":{"loc":{"start":{"line":6,"column":17},"end":{"line":6,"column":41}},"type":"binary-expr","locations":[{"start":{"line":6,"column":17},"end":{"line":6,"column":33}},{"start":{"line":6,"column":37},"end":{"line":6,"column":41}}]},"1":{"loc":{"start":{"line":7,"column":13},"end":{"line":7,"column":50}},"type":"binary-expr","locations":[{"start":{"line":7,"column":13},"end":{"line":7,"column":33}},{"start":{"line":7,"column":37},"end":{"line":7,"column":50}}]},"2":{"loc":{"start":{"line":8,"column":18},"end":{"line":8,"column":50}},"type":"binary-expr","locations":[{"start":{"line":8,"column":18},"end":{"line":8,"column":44}},{"start":{"line":8,"column":48},"end":{"line":8,"column":50}}]}},"s":{"0":1,"1":1,"2":1},"f":{},"b":{"0":[1,0],"1":[1,0],"2":[1,0]}}
,"C:\\Users\\User\\Desktop\\workspace\\ai_stock_screener\\backend\\src\\controllers\\favorites.controller.ts": {"path":"C:\\Users\\User\\Desktop\\workspace\\ai_stock_screener\\backend\\src\\controllers\\favorites.controller.ts","statementMap":{"0":{"start":{"line":2,"column":0},"end":{"line":2,"column":53}},"1":{"start":{"line":3,"column":0},"end":{"line":3,"column":52}},"2":{"start":{"line":5,"column":13},"end":{"line":89,"column":2}},"3":{"start":{"line":7,"column":22},"end":{"line":7,"column":75}},"4":{"start":{"line":8,"column":23},"end":{"line":8,"column":35}},"5":{"start":{"line":9,"column":8},"end":{"line":12,"column":9}},"6":{"start":{"line":10,"column":12},"end":{"line":10,"column":78}},"7":{"start":{"line":11,"column":12},"end":{"line":11,"column":19}},"8":{"start":{"line":14,"column":26},"end":{"line":17,"column":10}},"9":{"start":{"line":19,"column":8},"end":{"line":19,"column":65}},"10":{"start":{"line":23,"column":22},"end":{"line":23,"column":75}},"11":{"start":{"line":24,"column":23},"end":{"line":24,"column":35}},"12":{"start":{"line":25,"column":8},"end":{"line":28,"column":9}},"13":{"start":{"line":26,"column":12},"end":{"line":26,"column":78}},"14":{"start":{"line":27,"column":12},"end":{"line":27,"column":19}},"15":{"start":{"line":30,"column":33},"end":{"line":30,"column":41}},"16":{"start":{"line":31,"column":8},"end":{"line":34,"column":9}},"17":{"start":{"line":32,"column":12},"end":{"line":32,"column":85}},"18":{"start":{"line":33,"column":12},"end":{"line":33,"column":19}},"19":{"start":{"line":36,"column":33},"end":{"line":36,"column":60}},"20":{"start":{"line":38,"column":25},"end":{"line":40,"column":10}},"21":{"start":{"line":42,"column":8},"end":{"line":45,"column":9}},"22":{"start":{"line":43,"column":12},"end":{"line":43,"column":102}},"23":{"start":{"line":44,"column":12},"end":{"line":44,"column":19}},"24":{"start":{"line":47,"column":25},"end":{"line":53,"column":10}},"25":{"start":{"line":55,"column":8},"end":{"line":55,"column":64}},"26":{"start":{"line":59,"column":22},"end":{"line":59,"column":75}},"27":{"start":{"line":60,"column":23},"end":{"line":60,"column":35}},"28":{"start":{"line":61,"column":8},"end":{"line":64,"column":9}},"29":{"start":{"line":62,"column":12},"end":{"line":62,"column":78}},"30":{"start":{"line":63,"column":12},"end":{"line":63,"column":19}},"31":{"start":{"line":66,"column":26},"end":{"line":66,"column":43}},"32":{"start":{"line":67,"column":8},"end":{"line":70,"column":9}},"33":{"start":{"line":68,"column":12},"end":{"line":68,"column":85}},"34":{"start":{"line":69,"column":12},"end":{"line":69,"column":19}},"35":{"start":{"line":72,"column":33},"end":{"line":72,"column":63}},"36":{"start":{"line":74,"column":25},"end":{"line":76,"column":10}},"37":{"start":{"line":78,"column":8},"end":{"line":81,"column":9}},"38":{"start":{"line":79,"column":12},"end":{"line":79,"column":85}},"39":{"start":{"line":80,"column":12},"end":{"line":80,"column":19}},"40":{"start":{"line":83,"column":8},"end":{"line":85,"column":11}},"41":{"start":{"line":87,"column":8},"end":{"line":87,"column":84}}},"fnMap":{"0":{"name":"(anonymous_0)","decl":{"start":{"line":6,"column":23},"end":{"line":6,"column":28}},"loc":{"start":{"line":6,"column":82},"end":{"line":20,"column":5}}},"1":{"name":"(anonymous_1)","decl":{"start":{"line":22,"column":22},"end":{"line":22,"column":27}},"loc":{"start":{"line":22,"column":81},"end":{"line":56,"column":5}}},"2":{"name":"(anonymous_2)","decl":{"start":{"line":58,"column":25},"end":{"line":58,"column":30}},"loc":{"start":{"line":58,"column":84},"end":{"line":88,"column":5}}}},"branchMap":{"0":{"loc":{"start":{"line":9,"column":8},"end":{"line":12,"column":9}},"type":"if","locations":[{"start":{"line":9,"column":8},"end":{"line":12,"column":9}},{"start":{},"end":{}}]},"1":{"loc":{"start":{"line":25,"column":8},"end":{"line":28,"column":9}},"type":"if","locations":[{"start":{"line":25,"column":8},"end":{"line":28,"column":9}},{"start":{},"end":{}}]},"2":{"loc":{"start":{"line":31,"column":8},"end":{"line":34,"column":9}},"type":"if","locations":[{"start":{"line":31,"column":8},"end":{"line":34,"column":9}},{"start":{},"end":{}}]},"3":{"loc":{"start":{"line":31,"column":12},"end":{"line":31,"column":49}},"type":"binary-expr","locations":[{"start":{"line":31,"column":12},"end":{"line":31,"column":19}},{"start":{"line":31,"column":23},"end":{"line":31,"column":49}}]},"4":{"loc":{"start":{"line":42,"column":8},"end":{"line":45,"column":9}},"type":"if","locations":[{"start":{"line":42,"column":8},"end":{"line":45,"column":9}},{"start":{},"end":{}}]},"5":{"loc":{"start":{"line":50,"column":22},"end":{"line":50,"column":79}},"type":"cond-expr","locations":[{"start":{"line":50,"column":49},"end":{"line":50,"column":60}},{"start":{"line":50,"column":63},"end":{"line":50,"column":79}}]},"6":{"loc":{"start":{"line":61,"column":8},"end":{"line":64,"column":9}},"type":"if","locations":[{"start":{"line":61,"column":8},"end":{"line":64,"column":9}},{"start":{},"end":{}}]},"7":{"loc":{"start":{"line":67,"column":8},"end":{"line":70,"column":9}},"type":"if","locations":[{"start":{"line":67,"column":8},"end":{"line":70,"column":9}},{"start":{},"end":{}}]},"8":{"loc":{"start":{"line":67,"column":12},"end":{"line":67,"column":55}},"type":"binary-expr","locations":[{"start":{"line":67,"column":12},"end":{"line":67,"column":22}},{"start":{"line":67,"column":26},"end":{"line":67,"column":55}}]},"9":{"loc":{"start":{"line":78,"column":8},"end":{"line":81,"column":9}},"type":"if","locations":[{"start":{"line":78,"column":8},"end":{"line":81,"column":9}},{"start":{},"end":{}}]}},"s":{"0":1,"1":1,"2":1,"3":0,"4":0,"5":0,"6":0,"7":0,"8":0,"9":0,"10":0,"11":0,"12":0,"13":0,"14":0,"15":0,"16":0,"17":0,"18":0,"19":0,"20":0,"21":0,"22":0,"23":0,"24":0,"25":0,"26":0,"27":0,"28":0,"29":0,"30":0,"31":0,"32":0,"33":0,"34":0,"35":0,"36":0,"37":0,"38":0,"39":0,"40":0,"41":0},"f":{"0":0,"1":0,"2":0},"b":{"0":[0,0],"1":[0,0],"2":[0,0],"3":[0,0],"4":[0,0],"5":[0,0],"6":[0,0],"7":[0,0],"8":[0,0],"9":[0,0]}}
,"C:\\Users\\User\\Desktop\\workspace\\ai_stock_screener\\backend\\src\\controllers\\gemini.controller.ts": {"path":"C:\\Users\\User\\Desktop\\workspace\\ai_stock_screener\\backend\\src\\controllers\\gemini.controller.ts","statementMap":{"0":{"start":{"line":2,"column":0},"end":{"line":2,"column":53}},"1":{"start":{"line":3,"column":0},"end":{"line":3,"column":59}},"2":{"start":{"line":5,"column":13},"end":{"line":27,"column":2}},"3":{"start":{"line":7,"column":23},"end":{"line":7,"column":83}},"4":{"start":{"line":8,"column":8},"end":{"line":11,"column":9}},"5":{"start":{"line":9,"column":12},"end":{"line":9,"column":85}},"6":{"start":{"line":10,"column":12},"end":{"line":10,"column":19}},"7":{"start":{"line":13,"column":23},"end":{"line":13,"column":61}},"8":{"start":{"line":14,"column":8},"end":{"line":14,"column":37}},"9":{"start":{"line":18,"column":23},"end":{"line":18,"column":82}},"10":{"start":{"line":19,"column":8},"end":{"line":22,"column":9}},"11":{"start":{"line":20,"column":12},"end":{"line":20,"column":85}},"12":{"start":{"line":21,"column":12},"end":{"line":21,"column":19}},"13":{"start":{"line":24,"column":23},"end":{"line":24,"column":61}},"14":{"start":{"line":25,"column":8},"end":{"line":25,"column":37}}},"fnMap":{"0":{"name":"(anonymous_0)","decl":{"start":{"line":6,"column":29},"end":{"line":6,"column":34}},"loc":{"start":{"line":6,"column":88},"end":{"line":15,"column":5}}},"1":{"name":"(anonymous_1)","decl":{"start":{"line":17,"column":32},"end":{"line":17,"column":37}},"loc":{"start":{"line":17,"column":91},"end":{"line":26,"column":5}}}},"branchMap":{"0":{"loc":{"start":{"line":7,"column":23},"end":{"line":7,"column":83}},"type":"cond-expr","locations":[{"start":{"line":7,"column":62},"end":{"line":7,"column":78}},{"start":{"line":7,"column":81},"end":{"line":7,"column":83}}]},"1":{"loc":{"start":{"line":8,"column":8},"end":{"line":11,"column":9}},"type":"if","locations":[{"start":{"line":8,"column":8},"end":{"line":11,"column":9}},{"start":{},"end":{}}]},"2":{"loc":{"start":{"line":18,"column":23},"end":{"line":18,"column":82}},"type":"cond-expr","locations":[{"start":{"line":18,"column":62},"end":{"line":18,"column":77}},{"start":{"line":18,"column":80},"end":{"line":18,"column":82}}]},"3":{"loc":{"start":{"line":19,"column":8},"end":{"line":22,"column":9}},"type":"if","locations":[{"start":{"line":19,"column":8},"end":{"line":22,"column":9}},{"start":{},"end":{}}]}},"s":{"0":1,"1":1,"2":1,"3":0,"4":0,"5":0,"6":0,"7":0,"8":0,"9":0,"10":0,"11":0,"12":0,"13":0,"14":0},"f":{"0":0,"1":0},"b":{"0":[0,0],"1":[0,0],"2":[0,0],"3":[0,0]}}
,"C:\\Users\\User\\Desktop\\workspace\\ai_stock_screener\\backend\\src\\controllers\\health.controller.ts": {"path":"C:\\Users\\User\\Desktop\\workspace\\ai_stock_screener\\backend\\src\\controllers\\health.controller.ts","statementMap":{"0":{"start":{"line":2,"column":0},"end":{"line":2,"column":53}},"1":{"start":{"line":3,"column":0},"end":{"line":3,"column":69}},"2":{"start":{"line":4,"column":0},"end":{"line":4,"column":59}},"3":{"start":{"line":6,"column":13},"end":{"line":12,"column":2}},"4":{"start":{"line":8,"column":8},"end":{"line":8,"column":66}},"5":{"start":{"line":9,"column":24},"end":{"line":9,"column":55}},"6":{"start":{"line":10,"column":8},"end":{"line":10,"column":38}}},"fnMap":{"0":{"name":"(anonymous_0)","decl":{"start":{"line":7,"column":28},"end":{"line":7,"column":33}},"loc":{"start":{"line":7,"column":87},"end":{"line":11,"column":5}}}},"branchMap":{},"s":{"0":1,"1":1,"2":1,"3":1,"4":2,"5":2,"6":2},"f":{"0":2},"b":{}}
,"C:\\Users\\User\\Desktop\\workspace\\ai_stock_screener\\backend\\src\\controllers\\portfolio.controller.ts": {"path":"C:\\Users\\User\\Desktop\\workspace\\ai_stock_screener\\backend\\src\\controllers\\portfolio.controller.ts","statementMap":{"0":{"start":{"line":2,"column":0},"end":{"line":2,"column":53}},"1":{"start":{"line":3,"column":0},"end":{"line":3,"column":52}},"2":{"start":{"line":5,"column":13},"end":{"line":147,"column":2}},"3":{"start":{"line":7,"column":22},"end":{"line":7,"column":75}},"4":{"start":{"line":8,"column":23},"end":{"line":8,"column":35}},"5":{"start":{"line":9,"column":8},"end":{"line":12,"column":9}},"6":{"start":{"line":10,"column":12},"end":{"line":10,"column":78}},"7":{"start":{"line":11,"column":12},"end":{"line":11,"column":19}},"8":{"start":{"line":14,"column":27},"end":{"line":18,"column":10}},"9":{"start":{"line":20,"column":8},"end":{"line":20,"column":66}},"10":{"start":{"line":24,"column":22},"end":{"line":24,"column":75}},"11":{"start":{"line":25,"column":23},"end":{"line":25,"column":35}},"12":{"start":{"line":26,"column":8},"end":{"line":29,"column":9}},"13":{"start":{"line":27,"column":12},"end":{"line":27,"column":78}},"14":{"start":{"line":28,"column":12},"end":{"line":28,"column":19}},"15":{"start":{"line":31,"column":38},"end":{"line":31,"column":46}},"16":{"start":{"line":32,"column":8},"end":{"line":35,"column":9}},"17":{"start":{"line":33,"column":12},"end":{"line":33,"column":93}},"18":{"start":{"line":34,"column":12},"end":{"line":34,"column":19}},"19":{"start":{"line":37,"column":26},"end":{"line":43,"column":10}},"20":{"start":{"line":45,"column":8},"end":{"line":45,"column":65}},"21":{"start":{"line":49,"column":22},"end":{"line":49,"column":75}},"22":{"start":{"line":50,"column":23},"end":{"line":50,"column":35}},"23":{"start":{"line":51,"column":8},"end":{"line":54,"column":9}},"24":{"start":{"line":52,"column":12},"end":{"line":52,"column":78}},"25":{"start":{"line":53,"column":12},"end":{"line":53,"column":19}},"26":{"start":{"line":56,"column":74},"end":{"line":56,"column":82}},"27":{"start":{"line":57,"column":8},"end":{"line":60,"column":9}},"28":{"start":{"line":58,"column":12},"end":{"line":58,"column":85}},"29":{"start":{"line":59,"column":12},"end":{"line":59,"column":19}},"30":{"start":{"line":61,"column":8},"end":{"line":64,"column":9}},"31":{"start":{"line":62,"column":12},"end":{"line":62,"column":91}},"32":{"start":{"line":63,"column":12},"end":{"line":63,"column":19}},"33":{"start":{"line":66,"column":26},"end":{"line":68,"column":10}},"34":{"start":{"line":69,"column":8},"end":{"line":72,"column":9}},"35":{"start":{"line":70,"column":12},"end":{"line":70,"column":86}},"36":{"start":{"line":71,"column":12},"end":{"line":71,"column":19}},"37":{"start":{"line":74,"column":33},"end":{"line":74,"column":60}},"38":{"start":{"line":75,"column":20},"end":{"line":75,"column":63}},"39":{"start":{"line":76,"column":25},"end":{"line":76,"column":76}},"40":{"start":{"line":78,"column":24},"end":{"line":88,"column":10}},"41":{"start":{"line":90,"column":8},"end":{"line":90,"column":63}},"42":{"start":{"line":94,"column":22},"end":{"line":94,"column":75}},"43":{"start":{"line":95,"column":23},"end":{"line":95,"column":35}},"44":{"start":{"line":96,"column":8},"end":{"line":99,"column":9}},"45":{"start":{"line":97,"column":12},"end":{"line":97,"column":78}},"46":{"start":{"line":98,"column":12},"end":{"line":98,"column":19}},"47":{"start":{"line":101,"column":19},"end":{"line":101,"column":73}},"48":{"start":{"line":102,"column":43},"end":{"line":102,"column":51}},"49":{"start":{"line":104,"column":25},"end":{"line":106,"column":10}},"50":{"start":{"line":107,"column":8},"end":{"line":110,"column":9}},"51":{"start":{"line":108,"column":12},"end":{"line":108,"column":84}},"52":{"start":{"line":109,"column":12},"end":{"line":109,"column":19}},"53":{"start":{"line":112,"column":20},"end":{"line":112,"column":79}},"54":{"start":{"line":113,"column":25},"end":{"line":113,"column":96}},"55":{"start":{"line":115,"column":24},"end":{"line":122,"column":10}},"56":{"start":{"line":124,"column":8},"end":{"line":124,"column":63}},"57":{"start":{"line":128,"column":22},"end":{"line":128,"column":75}},"58":{"start":{"line":129,"column":23},"end":{"line":129,"column":35}},"59":{"start":{"line":130,"column":8},"end":{"line":133,"column":9}},"60":{"start":{"line":131,"column":12},"end":{"line":131,"column":78}},"61":{"start":{"line":132,"column":12},"end":{"line":132,"column":19}},"62":{"start":{"line":135,"column":19},"end":{"line":135,"column":73}},"63":{"start":{"line":136,"column":25},"end":{"line":138,"column":10}},"64":{"start":{"line":139,"column":8},"end":{"line":142,"column":9}},"65":{"start":{"line":140,"column":12},"end":{"line":140,"column":84}},"66":{"start":{"line":141,"column":12},"end":{"line":141,"column":19}},"67":{"start":{"line":144,"column":8},"end":{"line":144,"column":55}},"68":{"start":{"line":145,"column":8},"end":{"line":145,"column":77}}},"fnMap":{"0":{"name":"(anonymous_0)","decl":{"start":{"line":6,"column":32},"end":{"line":6,"column":37}},"loc":{"start":{"line":6,"column":91},"end":{"line":21,"column":5}}},"1":{"name":"(anonymous_1)","decl":{"start":{"line":23,"column":34},"end":{"line":23,"column":39}},"loc":{"start":{"line":23,"column":93},"end":{"line":46,"column":5}}},"2":{"name":"(anonymous_2)","decl":{"start":{"line":48,"column":29},"end":{"line":48,"column":34}},"loc":{"start":{"line":48,"column":88},"end":{"line":91,"column":5}}},"3":{"name":"(anonymous_3)","decl":{"start":{"line":93,"column":32},"end":{"line":93,"column":37}},"loc":{"start":{"line":93,"column":91},"end":{"line":125,"column":5}}},"4":{"name":"(anonymous_4)","decl":{"start":{"line":127,"column":32},"end":{"line":127,"column":37}},"loc":{"start":{"line":127,"column":91},"end":{"line":146,"column":5}}}},"branchMap":{"0":{"loc":{"start":{"line":9,"column":8},"end":{"line":12,"column":9}},"type":"if","locations":[{"start":{"line":9,"column":8},"end":{"line":12,"column":9}},{"start":{},"end":{}}]},"1":{"loc":{"start":{"line":26,"column":8},"end":{"line":29,"column":9}},"type":"if","locations":[{"start":{"line":26,"column":8},"end":{"line":29,"column":9}},{"start":{},"end":{}}]},"2":{"loc":{"start":{"line":32,"column":8},"end":{"line":35,"column":9}},"type":"if","locations":[{"start":{"line":32,"column":8},"end":{"line":35,"column":9}},{"start":{},"end":{}}]},"3":{"loc":{"start":{"line":32,"column":12},"end":{"line":32,"column":45}},"type":"binary-expr","locations":[{"start":{"line":32,"column":12},"end":{"line":32,"column":17}},{"start":{"line":32,"column":21},"end":{"line":32,"column":45}}]},"4":{"loc":{"start":{"line":40,"column":29},"end":{"line":40,"column":88}},"type":"cond-expr","locations":[{"start":{"line":40,"column":63},"end":{"line":40,"column":81}},{"start":{"line":40,"column":84},"end":{"line":40,"column":88}}]},"5":{"loc":{"start":{"line":51,"column":8},"end":{"line":54,"column":9}},"type":"if","locations":[{"start":{"line":51,"column":8},"end":{"line":54,"column":9}},{"start":{},"end":{}}]},"6":{"loc":{"start":{"line":57,"column":8},"end":{"line":60,"column":9}},"type":"if","locations":[{"start":{"line":57,"column":8},"end":{"line":60,"column":9}},{"start":{},"end":{}}]},"7":{"loc":{"start":{"line":57,"column":12},"end":{"line":57,"column":49}},"type":"binary-expr","locations":[{"start":{"line":57,"column":12},"end":{"line":57,"column":19}},{"start":{"line":57,"column":23},"end":{"line":57,"column":49}}]},"8":{"loc":{"start":{"line":61,"column":8},"end":{"line":64,"column":9}},"type":"if","locations":[{"start":{"line":61,"column":8},"end":{"line":64,"column":9}},{"start":{},"end":{}}]},"9":{"loc":{"start":{"line":61,"column":12},"end":{"line":61,"column":59}},"type":"binary-expr","locations":[{"start":{"line":61,"column":12},"end":{"line":61,"column":24}},{"start":{"line":61,"column":28},"end":{"line":61,"column":59}}]},"10":{"loc":{"start":{"line":69,"column":8},"end":{"line":72,"column":9}},"type":"if","locations":[{"start":{"line":69,"column":8},"end":{"line":72,"column":9}},{"start":{},"end":{}}]},"11":{"loc":{"start":{"line":75,"column":20},"end":{"line":75,"column":63}},"type":"cond-expr","locations":[{"start":{"line":75,"column":51},"end":{"line":75,"column":59}},{"start":{"line":75,"column":62},"end":{"line":75,"column":63}}]},"12":{"loc":{"start":{"line":76,"column":25},"end":{"line":76,"column":76}},"type":"cond-expr","locations":[{"start":{"line":76,"column":60},"end":{"line":76,"column":72}},{"start":{"line":76,"column":75},"end":{"line":76,"column":76}}]},"13":{"loc":{"start":{"line":81,"column":26},"end":{"line":81,"column":80}},"type":"cond-expr","locations":[{"start":{"line":81,"column":57},"end":{"line":81,"column":72}},{"start":{"line":81,"column":75},"end":{"line":81,"column":80}}]},"14":{"loc":{"start":{"line":96,"column":8},"end":{"line":99,"column":9}},"type":"if","locations":[{"start":{"line":96,"column":8},"end":{"line":99,"column":9}},{"start":{},"end":{}}]},"15":{"loc":{"start":{"line":101,"column":19},"end":{"line":101,"column":73}},"type":"cond-expr","locations":[{"start":{"line":101,"column":55},"end":{"line":101,"column":68}},{"start":{"line":101,"column":71},"end":{"line":101,"column":73}}]},"16":{"loc":{"start":{"line":107,"column":8},"end":{"line":110,"column":9}},"type":"if","locations":[{"start":{"line":107,"column":8},"end":{"line":110,"column":9}},{"start":{},"end":{}}]},"17":{"loc":{"start":{"line":112,"column":20},"end":{"line":112,"column":79}},"type":"cond-expr","locations":[{"start":{"line":112,"column":51},"end":{"line":112,"column":59}},{"start":{"line":112,"column":62},"end":{"line":112,"column":79}}]},"18":{"loc":{"start":{"line":113,"column":25},"end":{"line":113,"column":96}},"type":"cond-expr","locations":[{"start":{"line":113,"column":60},"end":{"line":113,"column":72}},{"start":{"line":113,"column":75},"end":{"line":113,"column":96}}]},"19":{"loc":{"start":{"line":130,"column":8},"end":{"line":133,"column":9}},"type":"if","locations":[{"start":{"line":130,"column":8},"end":{"line":133,"column":9}},{"start":{},"end":{}}]},"20":{"loc":{"start":{"line":135,"column":19},"end":{"line":135,"column":73}},"type":"cond-expr","locations":[{"start":{"line":135,"column":55},"end":{"line":135,"column":68}},{"start":{"line":135,"column":71},"end":{"line":135,"column":73}}]},"21":{"loc":{"start":{"line":139,"column":8},"end":{"line":142,"column":9}},"type":"if","locations":[{"start":{"line":139,"column":8},"end":{"line":142,"column":9}},{"start":{},"end":{}}]}},"s":{"0":1,"1":1,"2":1,"3":0,"4":0,"5":0,"6":0,"7":0,"8":0,"9":0,"10":0,"11":0,"12":0,"13":0,"14":0,"15":0,"16":0,"17":0,"18":0,"19":0,"20":0,"21":0,"22":0,"23":0,"24":0,"25":0,"26":0,"27":0,"28":0,"29":0,"30":0,"31":0,"32":0,"33":0,"34":0,"35":0,"36":0,"37":0,"38":0,"39":0,"40":0,"41":0,"42":0,"43":0,"44":0,"45":0,"46":0,"47":0,"48":0,"49":0,"50":0,"51":0,"52":0,"53":0,"54":0,"55":0,"56":0,"57":0,"58":0,"59":0,"60":0,"61":0,"62":0,"63":0,"64":0,"65":0,"66":0,"67":0,"68":0},"f":{"0":0,"1":0,"2":0,"3":0,"4":0},"b":{"0":[0,0],"1":[0,0],"2":[0,0],"3":[0,0],"4":[0,0],"5":[0,0],"6":[0,0],"7":[0,0],"8":[0,0],"9":[0,0],"10":[0,0],"11":[0,0],"12":[0,0],"13":[0,0],"14":[0,0],"15":[0,0],"16":[0,0],"17":[0,0],"18":[0,0],"19":[0,0],"20":[0,0],"21":[0,0]}}
,"C:\\Users\\User\\Desktop\\workspace\\ai_stock_screener\\backend\\src\\controllers\\profile.controller.ts": {"path":"C:\\Users\\User\\Desktop\\workspace\\ai_stock_screener\\backend\\src\\controllers\\profile.controller.ts","statementMap":{"0":{"start":{"line":2,"column":0},"end":{"line":2,"column":53}},"1":{"start":{"line":4,"column":13},"end":{"line":13,"column":2}},"2":{"start":{"line":6,"column":22},"end":{"line":6,"column":75}},"3":{"start":{"line":7,"column":8},"end":{"line":11,"column":11}}},"fnMap":{"0":{"name":"(anonymous_0)","decl":{"start":{"line":5,"column":29},"end":{"line":5,"column":34}},"loc":{"start":{"line":5,"column":88},"end":{"line":12,"column":5}}}},"branchMap":{"0":{"loc":{"start":{"line":10,"column":20},"end":{"line":10,"column":40}},"type":"binary-expr","locations":[{"start":{"line":10,"column":20},"end":{"line":10,"column":32}},{"start":{"line":10,"column":36},"end":{"line":10,"column":40}}]}},"s":{"0":1,"1":1,"2":0,"3":0},"f":{"0":0},"b":{"0":[0,0]}}
,"C:\\Users\\User\\Desktop\\workspace\\ai_stock_screener\\backend\\src\\controllers\\stock.controller.ts": {"path":"C:\\Users\\User\\Desktop\\workspace\\ai_stock_screener\\backend\\src\\controllers\\stock.controller.ts","statementMap":{"0":{"start":{"line":2,"column":0},"end":{"line":2,"column":53}},"1":{"start":{"line":3,"column":0},"end":{"line":3,"column":57}},"2":{"start":{"line":5,"column":13},"end":{"line":93,"column":2}},"3":{"start":{"line":7,"column":22},"end":{"line":7,"column":72}},"4":{"start":{"line":8,"column":8},"end":{"line":11,"column":9}},"5":{"start":{"line":9,"column":12},"end":{"line":9,"column":98}},"6":{"start":{"line":10,"column":12},"end":{"line":10,"column":19}},"7":{"start":{"line":13,"column":24},"end":{"line":13,"column":62}},"8":{"start":{"line":14,"column":8},"end":{"line":14,"column":63}},"9":{"start":{"line":18,"column":23},"end":{"line":18,"column":85}},"10":{"start":{"line":19,"column":8},"end":{"line":22,"column":9}},"11":{"start":{"line":20,"column":12},"end":{"line":20,"column":85}},"12":{"start":{"line":21,"column":12},"end":{"line":21,"column":19}},"13":{"start":{"line":24,"column":24},"end":{"line":24,"column":59}},"14":{"start":{"line":25,"column":8},"end":{"line":25,"column":63}},"15":{"start":{"line":29,"column":23},"end":{"line":29,"column":85}},"16":{"start":{"line":30,"column":8},"end":{"line":33,"column":9}},"17":{"start":{"line":31,"column":12},"end":{"line":31,"column":85}},"18":{"start":{"line":32,"column":12},"end":{"line":32,"column":19}},"19":{"start":{"line":35,"column":24},"end":{"line":35,"column":65}},"20":{"start":{"line":36,"column":8},"end":{"line":36,"column":63}},"21":{"start":{"line":40,"column":23},"end":{"line":40,"column":85}},"22":{"start":{"line":41,"column":8},"end":{"line":44,"column":9}},"23":{"start":{"line":42,"column":12},"end":{"line":42,"column":85}},"24":{"start":{"line":43,"column":12},"end":{"line":43,"column":19}},"25":{"start":{"line":46,"column":24},"end":{"line":46,"column":69}},"26":{"start":{"line":47,"column":8},"end":{"line":47,"column":63}},"27":{"start":{"line":51,"column":23},"end":{"line":51,"column":85}},"28":{"start":{"line":52,"column":8},"end":{"line":55,"column":9}},"29":{"start":{"line":53,"column":12},"end":{"line":53,"column":85}},"30":{"start":{"line":54,"column":12},"end":{"line":54,"column":19}},"31":{"start":{"line":57,"column":24},"end":{"line":57,"column":73}},"32":{"start":{"line":58,"column":8},"end":{"line":58,"column":63}},"33":{"start":{"line":62,"column":23},"end":{"line":62,"column":85}},"34":{"start":{"line":63,"column":8},"end":{"line":66,"column":9}},"35":{"start":{"line":64,"column":12},"end":{"line":64,"column":85}},"36":{"start":{"line":65,"column":12},"end":{"line":65,"column":19}},"37":{"start":{"line":68,"column":24},"end":{"line":68,"column":66}},"38":{"start":{"line":69,"column":8},"end":{"line":69,"column":63}},"39":{"start":{"line":73,"column":23},"end":{"line":73,"column":85}},"40":{"start":{"line":74,"column":8},"end":{"line":77,"column":9}},"41":{"start":{"line":75,"column":12},"end":{"line":75,"column":85}},"42":{"start":{"line":76,"column":12},"end":{"line":76,"column":19}},"43":{"start":{"line":79,"column":24},"end":{"line":79,"column":63}},"44":{"start":{"line":80,"column":8},"end":{"line":80,"column":63}},"45":{"start":{"line":84,"column":23},"end":{"line":84,"column":85}},"46":{"start":{"line":85,"column":8},"end":{"line":88,"column":9}},"47":{"start":{"line":86,"column":12},"end":{"line":86,"column":85}},"48":{"start":{"line":87,"column":12},"end":{"line":87,"column":19}},"49":{"start":{"line":90,"column":24},"end":{"line":90,"column":67}},"50":{"start":{"line":91,"column":8},"end":{"line":91,"column":63}}},"fnMap":{"0":{"name":"(anonymous_0)","decl":{"start":{"line":6,"column":31},"end":{"line":6,"column":36}},"loc":{"start":{"line":6,"column":90},"end":{"line":15,"column":5}}},"1":{"name":"(anonymous_1)","decl":{"start":{"line":17,"column":27},"end":{"line":17,"column":32}},"loc":{"start":{"line":17,"column":86},"end":{"line":26,"column":5}}},"2":{"name":"(anonymous_2)","decl":{"start":{"line":28,"column":33},"end":{"line":28,"column":38}},"loc":{"start":{"line":28,"column":92},"end":{"line":37,"column":5}}},"3":{"name":"(anonymous_3)","decl":{"start":{"line":39,"column":37},"end":{"line":39,"column":42}},"loc":{"start":{"line":39,"column":96},"end":{"line":48,"column":5}}},"4":{"name":"(anonymous_4)","decl":{"start":{"line":50,"column":41},"end":{"line":50,"column":46}},"loc":{"start":{"line":50,"column":100},"end":{"line":59,"column":5}}},"5":{"name":"(anonymous_5)","decl":{"start":{"line":61,"column":34},"end":{"line":61,"column":39}},"loc":{"start":{"line":61,"column":93},"end":{"line":70,"column":5}}},"6":{"name":"(anonymous_6)","decl":{"start":{"line":72,"column":31},"end":{"line":72,"column":36}},"loc":{"start":{"line":72,"column":90},"end":{"line":81,"column":5}}},"7":{"name":"(anonymous_7)","decl":{"start":{"line":83,"column":35},"end":{"line":83,"column":40}},"loc":{"start":{"line":83,"column":94},"end":{"line":92,"column":5}}}},"branchMap":{"0":{"loc":{"start":{"line":7,"column":22},"end":{"line":7,"column":72}},"type":"cond-expr","locations":[{"start":{"line":7,"column":56},"end":{"line":7,"column":67}},{"start":{"line":7,"column":70},"end":{"line":7,"column":72}}]},"1":{"loc":{"start":{"line":8,"column":8},"end":{"line":11,"column":9}},"type":"if","locations":[{"start":{"line":8,"column":8},"end":{"line":11,"column":9}},{"start":{},"end":{}}]},"2":{"loc":{"start":{"line":18,"column":23},"end":{"line":18,"column":85}},"type":"cond-expr","locations":[{"start":{"line":18,"column":63},"end":{"line":18,"column":80}},{"start":{"line":18,"column":83},"end":{"line":18,"column":85}}]},"3":{"loc":{"start":{"line":19,"column":8},"end":{"line":22,"column":9}},"type":"if","locations":[{"start":{"line":19,"column":8},"end":{"line":22,"column":9}},{"start":{},"end":{}}]},"4":{"loc":{"start":{"line":29,"column":23},"end":{"line":29,"column":85}},"type":"cond-expr","locations":[{"start":{"line":29,"column":63},"end":{"line":29,"column":80}},{"start":{"line":29,"column":83},"end":{"line":29,"column":85}}]},"5":{"loc":{"start":{"line":30,"column":8},"end":{"line":33,"column":9}},"type":"if","locations":[{"start":{"line":30,"column":8},"end":{"line":33,"column":9}},{"start":{},"end":{}}]},"6":{"loc":{"start":{"line":40,"column":23},"end":{"line":40,"column":85}},"type":"cond-expr","locations":[{"start":{"line":40,"column":63},"end":{"line":40,"column":80}},{"start":{"line":40,"column":83},"end":{"line":40,"column":85}}]},"7":{"loc":{"start":{"line":41,"column":8},"end":{"line":44,"column":9}},"type":"if","locations":[{"start":{"line":41,"column":8},"end":{"line":44,"column":9}},{"start":{},"end":{}}]},"8":{"loc":{"start":{"line":51,"column":23},"end":{"line":51,"column":85}},"type":"cond-expr","locations":[{"start":{"line":51,"column":63},"end":{"line":51,"column":80}},{"start":{"line":51,"column":83},"end":{"line":51,"column":85}}]},"9":{"loc":{"start":{"line":52,"column":8},"end":{"line":55,"column":9}},"type":"if","locations":[{"start":{"line":52,"column":8},"end":{"line":55,"column":9}},{"start":{},"end":{}}]},"10":{"loc":{"start":{"line":62,"column":23},"end":{"line":62,"column":85}},"type":"cond-expr","locations":[{"start":{"line":62,"column":63},"end":{"line":62,"column":80}},{"start":{"line":62,"column":83},"end":{"line":62,"column":85}}]},"11":{"loc":{"start":{"line":63,"column":8},"end":{"line":66,"column":9}},"type":"if","locations":[{"start":{"line":63,"column":8},"end":{"line":66,"column":9}},{"start":{},"end":{}}]},"12":{"loc":{"start":{"line":73,"column":23},"end":{"line":73,"column":85}},"type":"cond-expr","locations":[{"start":{"line":73,"column":63},"end":{"line":73,"column":80}},{"start":{"line":73,"column":83},"end":{"line":73,"column":85}}]},"13":{"loc":{"start":{"line":74,"column":8},"end":{"line":77,"column":9}},"type":"if","locations":[{"start":{"line":74,"column":8},"end":{"line":77,"column":9}},{"start":{},"end":{}}]},"14":{"loc":{"start":{"line":84,"column":23},"end":{"line":84,"column":85}},"type":"cond-expr","locations":[{"start":{"line":84,"column":63},"end":{"line":84,"column":80}},{"start":{"line":84,"column":83},"end":{"line":84,"column":85}}]},"15":{"loc":{"start":{"line":85,"column":8},"end":{"line":88,"column":9}},"type":"if","locations":[{"start":{"line":85,"column":8},"end":{"line":88,"column":9}},{"start":{},"end":{}}]}},"s":{"0":1,"1":1,"2":1,"3":0,"4":0,"5":0,"6":0,"7":0,"8":0,"9":0,"10":0,"11":0,"12":0,"13":0,"14":0,"15":0,"16":0,"17":0,"18":0,"19":0,"20":0,"21":0,"22":0,"23":0,"24":0,"25":0,"26":0,"27":0,"28":0,"29":0,"30":0,"31":0,"32":0,"33":0,"34":0,"35":0,"36":0,"37":0,"38":0,"39":0,"40":0,"41":0,"42":0,"43":0,"44":0,"45":0,"46":0,"47":0,"48":0,"49":0,"50":0},"f":{"0":0,"1":0,"2":0,"3":0,"4":0,"5":0,"6":0,"7":0},"b":{"0":[0,0],"1":[0,0],"2":[0,0],"3":[0,0],"4":[0,0],"5":[0,0],"6":[0,0],"7":[0,0],"8":[0,0],"9":[0,0],"10":[0,0],"11":[0,0],"12":[0,0],"13":[0,0],"14":[0,0],"15":[0,0]}}
,"C:\\Users\\User\\Desktop\\workspace\\ai_stock_screener\\backend\\src\\middlewares\\auth.middleware.ts": {"path":"C:\\Users\\User\\Desktop\\workspace\\ai_stock_screener\\backend\\src\\middlewares\\auth.middleware.ts","statementMap":{"0":{"start":{"line":3,"column":30},"end":{"line":18,"column":1}},"1":{"start":{"line":4,"column":23},"end":{"line":4,"column":48}},"2":{"start":{"line":5,"column":4},"end":{"line":8,"column":5}},"3":{"start":{"line":6,"column":8},"end":{"line":6,"column":82}},"4":{"start":{"line":7,"column":8},"end":{"line":7,"column":15}},"5":{"start":{"line":10,"column":18},"end":{"line":10,"column":48}},"6":{"start":{"line":11,"column":4},"end":{"line":14,"column":5}},"7":{"start":{"line":12,"column":8},"end":{"line":12,"column":88}},"8":{"start":{"line":13,"column":8},"end":{"line":13,"column":15}},"9":{"start":{"line":16,"column":5},"end":{"line":16,"column":89}},"10":{"start":{"line":17,"column":4},"end":{"line":17,"column":11}},"11":{"start":{"line":3,"column":13},"end":{"line":3,"column":30}}},"fnMap":{"0":{"name":"(anonymous_0)","decl":{"start":{"line":3,"column":30},"end":{"line":3,"column":35}},"loc":{"start":{"line":3,"column":88},"end":{"line":18,"column":1}}}},"branchMap":{"0":{"loc":{"start":{"line":5,"column":4},"end":{"line":8,"column":5}},"type":"if","locations":[{"start":{"line":5,"column":4},"end":{"line":8,"column":5}},{"start":{},"end":{}}]},"1":{"loc":{"start":{"line":11,"column":4},"end":{"line":14,"column":5}},"type":"if","locations":[{"start":{"line":11,"column":4},"end":{"line":14,"column":5}},{"start":{},"end":{}}]}},"s":{"0":1,"1":0,"2":0,"3":0,"4":0,"5":0,"6":0,"7":0,"8":0,"9":0,"10":0,"11":1},"f":{"0":0},"b":{"0":[0,0],"1":[0,0]}}
,"C:\\Users\\User\\Desktop\\workspace\\ai_stock_screener\\backend\\src\\middlewares\\errorHandler.ts": {"path":"C:\\Users\\User\\Desktop\\workspace\\ai_stock_screener\\backend\\src\\middlewares\\errorHandler.ts","statementMap":{"0":{"start":{"line":2,"column":0},"end":{"line":2,"column":41}},"1":{"start":{"line":4,"column":49},"end":{"line":14,"column":1}},"2":{"start":{"line":5,"column":24},"end":{"line":5,"column":73}},"3":{"start":{"line":6,"column":21},"end":{"line":6,"column":84}},"4":{"start":{"line":8,"column":4},"end":{"line":8,"column":61}},"5":{"start":{"line":10,"column":4},"end":{"line":13,"column":7}},"6":{"start":{"line":4,"column":13},"end":{"line":4,"column":49}}},"fnMap":{"0":{"name":"(anonymous_0)","decl":{"start":{"line":4,"column":49},"end":{"line":4,"column":50}},"loc":{"start":{"line":4,"column":117},"end":{"line":14,"column":1}}}},"branchMap":{"0":{"loc":{"start":{"line":5,"column":24},"end":{"line":5,"column":73}},"type":"binary-expr","locations":[{"start":{"line":5,"column":24},"end":{"line":5,"column":66}},{"start":{"line":5,"column":70},"end":{"line":5,"column":73}}]},"1":{"loc":{"start":{"line":6,"column":21},"end":{"line":6,"column":84}},"type":"binary-expr","locations":[{"start":{"line":6,"column":21},"end":{"line":6,"column":57}},{"start":{"line":6,"column":61},"end":{"line":6,"column":84}}]}},"s":{"0":1,"1":1,"2":0,"3":0,"4":0,"5":0,"6":1},"f":{"0":0},"b":{"0":[0,0],"1":[0,0]}}
,"C:\\Users\\User\\Desktop\\workspace\\ai_stock_screener\\backend\\src\\middlewares\\notFound.ts": {"path":"C:\\Users\\User\\Desktop\\workspace\\ai_stock_screener\\backend\\src\\middlewares\\notFound.ts","statementMap":{"0":{"start":{"line":3,"column":31},"end":{"line":8,"column":1}},"1":{"start":{"line":4,"column":4},"end":{"line":7,"column":7}},"2":{"start":{"line":3,"column":13},"end":{"line":3,"column":31}}},"fnMap":{"0":{"name":"(anonymous_0)","decl":{"start":{"line":3,"column":31},"end":{"line":3,"column":32}},"loc":{"start":{"line":3,"column":85},"end":{"line":8,"column":1}}}},"branchMap":{},"s":{"0":1,"1":0,"2":1},"f":{"0":0},"b":{}}
,"C:\\Users\\User\\Desktop\\workspace\\ai_stock_screener\\backend\\src\\routes\\favorites.routes.ts": {"path":"C:\\Users\\User\\Desktop\\workspace\\ai_stock_screener\\backend\\src\\routes\\favorites.routes.ts","statementMap":{"0":{"start":{"line":1,"column":0},"end":{"line":1,"column":33}},"1":{"start":{"line":2,"column":0},"end":{"line":2,"column":74}},"2":{"start":{"line":3,"column":0},"end":{"line":3,"column":64}},"3":{"start":{"line":5,"column":15},"end":{"line":5,"column":23}},"4":{"start":{"line":7,"column":0},"end":{"line":7,"column":67}},"5":{"start":{"line":8,"column":0},"end":{"line":8,"column":67}},"6":{"start":{"line":9,"column":0},"end":{"line":9,"column":80}},"7":{"start":{"line":11,"column":0},"end":{"line":11,"column":22}}},"fnMap":{},"branchMap":{},"s":{"0":1,"1":1,"2":1,"3":1,"4":1,"5":1,"6":1,"7":1},"f":{},"b":{}}
,"C:\\Users\\User\\Desktop\\workspace\\ai_stock_screener\\backend\\src\\routes\\gemini.routes.ts": {"path":"C:\\Users\\User\\Desktop\\workspace\\ai_stock_screener\\backend\\src\\routes\\gemini.routes.ts","statementMap":{"0":{"start":{"line":1,"column":0},"end":{"line":1,"column":33}},"1":{"start":{"line":2,"column":0},"end":{"line":2,"column":68}},"2":{"start":{"line":4,"column":15},"end":{"line":4,"column":23}},"3":{"start":{"line":6,"column":0},"end":{"line":6,"column":59}},"4":{"start":{"line":7,"column":0},"end":{"line":7,"column":63}},"5":{"start":{"line":9,"column":0},"end":{"line":9,"column":22}}},"fnMap":{},"branchMap":{},"s":{"0":1,"1":1,"2":1,"3":1,"4":1,"5":1},"f":{},"b":{}}
,"C:\\Users\\User\\Desktop\\workspace\\ai_stock_screener\\backend\\src\\routes\\health.routes.ts": {"path":"C:\\Users\\User\\Desktop\\workspace\\ai_stock_screener\\backend\\src\\routes\\health.routes.ts","statementMap":{"0":{"start":{"line":1,"column":0},"end":{"line":1,"column":33}},"1":{"start":{"line":2,"column":0},"end":{"line":2,"column":68}},"2":{"start":{"line":4,"column":15},"end":{"line":4,"column":23}},"3":{"start":{"line":6,"column":0},"end":{"line":6,"column":50}},"4":{"start":{"line":8,"column":0},"end":{"line":8,"column":22}}},"fnMap":{},"branchMap":{},"s":{"0":1,"1":1,"2":1,"3":1,"4":1},"f":{},"b":{}}
,"C:\\Users\\User\\Desktop\\workspace\\ai_stock_screener\\backend\\src\\routes\\portfolio.routes.ts": {"path":"C:\\Users\\User\\Desktop\\workspace\\ai_stock_screener\\backend\\src\\routes\\portfolio.routes.ts","statementMap":{"0":{"start":{"line":1,"column":0},"end":{"line":1,"column":33}},"1":{"start":{"line":2,"column":0},"end":{"line":2,"column":74}},"2":{"start":{"line":3,"column":0},"end":{"line":3,"column":64}},"3":{"start":{"line":5,"column":15},"end":{"line":5,"column":23}},"4":{"start":{"line":7,"column":0},"end":{"line":7,"column":76}},"5":{"start":{"line":8,"column":0},"end":{"line":8,"column":79}},"6":{"start":{"line":9,"column":0},"end":{"line":9,"column":82}},"7":{"start":{"line":10,"column":0},"end":{"line":10,"column":88}},"8":{"start":{"line":11,"column":0},"end":{"line":11,"column":91}},"9":{"start":{"line":13,"column":0},"end":{"line":13,"column":22}}},"fnMap":{},"branchMap":{},"s":{"0":1,"1":1,"2":1,"3":1,"4":1,"5":1,"6":1,"7":1,"8":1,"9":1},"f":{},"b":{}}
,"C:\\Users\\User\\Desktop\\workspace\\ai_stock_screener\\backend\\src\\routes\\profile.routes.ts": {"path":"C:\\Users\\User\\Desktop\\workspace\\ai_stock_screener\\backend\\src\\routes\\profile.routes.ts","statementMap":{"0":{"start":{"line":1,"column":0},"end":{"line":1,"column":33}},"1":{"start":{"line":2,"column":0},"end":{"line":2,"column":70}},"2":{"start":{"line":3,"column":0},"end":{"line":3,"column":64}},"3":{"start":{"line":5,"column":15},"end":{"line":5,"column":23}},"4":{"start":{"line":7,"column":0},"end":{"line":7,"column":69}},"5":{"start":{"line":9,"column":0},"end":{"line":9,"column":22}}},"fnMap":{},"branchMap":{},"s":{"0":1,"1":1,"2":1,"3":1,"4":1,"5":1},"f":{},"b":{}}
,"C:\\Users\\User\\Desktop\\workspace\\ai_stock_screener\\backend\\src\\routes\\stock.routes.ts": {"path":"C:\\Users\\User\\Desktop\\workspace\\ai_stock_screener\\backend\\src\\routes\\stock.routes.ts","statementMap":{"0":{"start":{"line":1,"column":0},"end":{"line":1,"column":33}},"1":{"start":{"line":2,"column":0},"end":{"line":2,"column":66}},"2":{"start":{"line":4,"column":15},"end":{"line":4,"column":23}},"3":{"start":{"line":6,"column":0},"end":{"line":6,"column":59}},"4":{"start":{"line":7,"column":0},"end":{"line":7,"column":62}},"5":{"start":{"line":8,"column":0},"end":{"line":8,"column":70}},"6":{"start":{"line":9,"column":0},"end":{"line":9,"column":73}},"7":{"start":{"line":10,"column":0},"end":{"line":10,"column":81}},"8":{"start":{"line":11,"column":0},"end":{"line":11,"column":71}},"9":{"start":{"line":12,"column":0},"end":{"line":12,"column":65}},"10":{"start":{"line":13,"column":0},"end":{"line":13,"column":72}},"11":{"start":{"line":15,"column":0},"end":{"line":15,"column":22}}},"fnMap":{},"branchMap":{},"s":{"0":1,"1":1,"2":1,"3":1,"4":1,"5":1,"6":1,"7":1,"8":1,"9":1,"10":1,"11":1},"f":{},"b":{}}
,"C:\\Users\\User\\Desktop\\workspace\\ai_stock_screener\\backend\\src\\services\\gemini.service.ts": {"path":"C:\\Users\\User\\Desktop\\workspace\\ai_stock_screener\\backend\\src\\services\\gemini.service.ts","statementMap":{"0":{"start":{"line":1,"column":0},"end":{"line":1,"column":36}},"1":{"start":{"line":2,"column":0},"end":{"line":2,"column":41}},"2":{"start":{"line":4,"column":13},"end":{"line":51,"column":2}},"3":{"start":{"line":6,"column":8},"end":{"line":11,"column":9}},"4":{"start":{"line":7,"column":12},"end":{"line":10,"column":14}},"5":{"start":{"line":13,"column":8},"end":{"line":49,"column":9}},"6":{"start":{"line":14,"column":29},"end":{"line":20,"column":14}},"7":{"start":{"line":22,"column":12},"end":{"line":30,"column":13}},"8":{"start":{"line":23,"column":34},"end":{"line":23,"column":55}},"9":{"start":{"line":24,"column":16},"end":{"line":24,"column":69}},"10":{"start":{"line":25,"column":16},"end":{"line":29,"column":18}},"11":{"start":{"line":32,"column":25},"end":{"line":32,"column":73}},"12":{"start":{"line":33,"column":31},"end":{"line":33,"column":176}},"13":{"start":{"line":34,"column":35},"end":{"line":34,"column":87}},"14":{"start":{"line":35,"column":28},"end":{"line":35,"column":90}},"15":{"start":{"line":36,"column":26},"end":{"line":36,"column":113}},"16":{"start":{"line":37,"column":30},"end":{"line":37,"column":77}},"17":{"start":{"line":38,"column":25},"end":{"line":38,"column":102}},"18":{"start":{"line":39,"column":12},"end":{"line":42,"column":14}},"19":{"start":{"line":44,"column":12},"end":{"line":44,"column":60}},"20":{"start":{"line":45,"column":12},"end":{"line":48,"column":14}}},"fnMap":{"0":{"name":"(anonymous_0)","decl":{"start":{"line":5,"column":4},"end":{"line":5,"column":9}},"loc":{"start":{"line":5,"column":35},"end":{"line":50,"column":5}}}},"branchMap":{"0":{"loc":{"start":{"line":6,"column":8},"end":{"line":11,"column":9}},"type":"if","locations":[{"start":{"line":6,"column":8},"end":{"line":11,"column":9}},{"start":{},"end":{}}]},"1":{"loc":{"start":{"line":22,"column":12},"end":{"line":30,"column":13}},"type":"if","locations":[{"start":{"line":22,"column":12},"end":{"line":30,"column":13}},{"start":{},"end":{}}]},"2":{"loc":{"start":{"line":33,"column":31},"end":{"line":33,"column":176}},"type":"cond-expr","locations":[{"start":{"line":33,"column":94},"end":{"line":33,"column":171}},{"start":{"line":33,"column":174},"end":{"line":33,"column":176}}]},"3":{"loc":{"start":{"line":36,"column":26},"end":{"line":36,"column":113}},"type":"cond-expr","locations":[{"start":{"line":36,"column":59},"end":{"line":36,"column":108}},{"start":{"line":36,"column":111},"end":{"line":36,"column":113}}]},"4":{"loc":{"start":{"line":38,"column":25},"end":{"line":38,"column":102}},"type":"cond-expr","locations":[{"start":{"line":38,"column":63},"end":{"line":38,"column":77}},{"start":{"line":38,"column":80},"end":{"line":38,"column":102}}]}},"s":{"0":1,"1":1,"2":1,"3":0,"4":0,"5":0,"6":0,"7":0,"8":0,"9":0,"10":0,"11":0,"12":0,"13":0,"14":0,"15":0,"16":0,"17":0,"18":0,"19":0,"20":0},"f":{"0":0},"b":{"0":[0,0],"1":[0,0],"2":[0,0],"3":[0,0],"4":[0,0]}}
,"C:\\Users\\User\\Desktop\\workspace\\ai_stock_screener\\backend\\src\\services\\health.service.ts": {"path":"C:\\Users\\User\\Desktop\\workspace\\ai_stock_screener\\backend\\src\\services\\health.service.ts","statementMap":{"0":{"start":{"line":1,"column":13},"end":{"line":8,"column":2}},"1":{"start":{"line":2,"column":28},"end":{"line":7,"column":6}}},"fnMap":{"0":{"name":"(anonymous_0)","decl":{"start":{"line":2,"column":21},"end":{"line":2,"column":24}},"loc":{"start":{"line":2,"column":28},"end":{"line":7,"column":6}}}},"branchMap":{},"s":{"0":1,"1":2},"f":{"0":2},"b":{}}
,"C:\\Users\\User\\Desktop\\workspace\\ai_stock_screener\\backend\\src\\services\\prisma.service.ts": {"path":"C:\\Users\\User\\Desktop\\workspace\\ai_stock_screener\\backend\\src\\services\\prisma.service.ts","statementMap":{"0":{"start":{"line":1,"column":0},"end":{"line":1,"column":46}},"1":{"start":{"line":3,"column":13},"end":{"line":3,"column":41}}},"fnMap":{},"branchMap":{},"s":{"0":1,"1":1},"f":{},"b":{}}
,"C:\\Users\\User\\Desktop\\workspace\\ai_stock_screener\\backend\\src\\services\\stock.service.ts": {"path":"C:\\Users\\User\\Desktop\\workspace\\ai_stock_screener\\backend\\src\\services\\stock.service.ts","statementMap":{"0":{"start":{"line":1,"column":0},"end":{"line":1,"column":42}},"1":{"start":{"line":3,"column":21},"end":{"line":3,"column":39}},"2":{"start":{"line":29,"column":18},"end":{"line":29,"column":34}},"3":{"start":{"line":30,"column":4},"end":{"line":30,"column":45}},"4":{"start":{"line":34,"column":20},"end":{"line":34,"column":58}},"5":{"start":{"line":37,"column":8},"end":{"line":37,"column":51}},"6":{"start":{"line":41,"column":22},"end":{"line":41,"column":41}},"7":{"start":{"line":42,"column":8},"end":{"line":44,"column":9}},"8":{"start":{"line":43,"column":12},"end":{"line":43,"column":24}},"9":{"start":{"line":45,"column":8},"end":{"line":48,"column":9}},"10":{"start":{"line":46,"column":12},"end":{"line":46,"column":35}},"11":{"start":{"line":47,"column":12},"end":{"line":47,"column":24}},"12":{"start":{"line":49,"column":8},"end":{"line":49,"column":32}},"13":{"start":{"line":53,"column":8},"end":{"line":53,"column":70}},"14":{"start":{"line":57,"column":27},"end":{"line":57,"column":53}},"15":{"start":{"line":58,"column":25},"end":{"line":58,"column":63}},"16":{"start":{"line":59,"column":23},"end":{"line":59,"column":131}},"17":{"start":{"line":60,"column":8},"end":{"line":62,"column":9}},"18":{"start":{"line":61,"column":12},"end":{"line":61,"column":26}},"19":{"start":{"line":64,"column":24},"end":{"line":64,"column":137}},"20":{"start":{"line":65,"column":23},"end":{"line":72,"column":15}},"21":{"start":{"line":67,"column":53},"end":{"line":72,"column":14}},"22":{"start":{"line":74,"column":23},"end":{"line":74,"column":32}},"23":{"start":{"line":75,"column":8},"end":{"line":75,"column":40}},"24":{"start":{"line":76,"column":8},"end":{"line":76,"column":22}},"25":{"start":{"line":80,"column":27},"end":{"line":80,"column":54}},"26":{"start":{"line":81,"column":25},"end":{"line":81,"column":62}},"27":{"start":{"line":82,"column":23},"end":{"line":82,"column":56}},"28":{"start":{"line":83,"column":8},"end":{"line":85,"column":9}},"29":{"start":{"line":84,"column":12},"end":{"line":84,"column":26}},"30":{"start":{"line":87,"column":24},"end":{"line":87,"column":87}},"31":{"start":{"line":88,"column":30},"end":{"line":104,"column":10}},"32":{"start":{"line":105,"column":8},"end":{"line":105,"column":47}},"33":{"start":{"line":106,"column":8},"end":{"line":106,"column":29}},"34":{"start":{"line":110,"column":27},"end":{"line":110,"column":54}},"35":{"start":{"line":111,"column":25},"end":{"line":111,"column":64}},"36":{"start":{"line":112,"column":23},"end":{"line":112,"column":56}},"37":{"start":{"line":113,"column":8},"end":{"line":115,"column":9}},"38":{"start":{"line":114,"column":12},"end":{"line":114,"column":26}},"39":{"start":{"line":117,"column":24},"end":{"line":119,"column":37}},"40":{"start":{"line":120,"column":29},"end":{"line":120,"column":88}},"41":{"start":{"line":121,"column":22},"end":{"line":121,"column":74}},"42":{"start":{"line":122,"column":37},"end":{"line":122,"column":104}},"43":{"start":{"line":124,"column":28},"end":{"line":138,"column":10}},"44":{"start":{"line":139,"column":8},"end":{"line":139,"column":45}},"45":{"start":{"line":140,"column":8},"end":{"line":140,"column":27}},"46":{"start":{"line":144,"column":27},"end":{"line":144,"column":54}},"47":{"start":{"line":145,"column":25},"end":{"line":145,"column":63}},"48":{"start":{"line":146,"column":23},"end":{"line":146,"column":56}},"49":{"start":{"line":147,"column":8},"end":{"line":149,"column":9}},"50":{"start":{"line":148,"column":12},"end":{"line":148,"column":26}},"51":{"start":{"line":151,"column":24},"end":{"line":153,"column":37}},"52":{"start":{"line":154,"column":37},"end":{"line":154,"column":104}},"53":{"start":{"line":155,"column":30},"end":{"line":155,"column":90}},"54":{"start":{"line":156,"column":30},"end":{"line":156,"column":90}},"55":{"start":{"line":158,"column":23},"end":{"line":163,"column":10}},"56":{"start":{"line":164,"column":8},"end":{"line":164,"column":40}},"57":{"start":{"line":165,"column":8},"end":{"line":165,"column":22}},"58":{"start":{"line":169,"column":27},"end":{"line":169,"column":54}},"59":{"start":{"line":170,"column":25},"end":{"line":170,"column":67}},"60":{"start":{"line":171,"column":23},"end":{"line":171,"column":56}},"61":{"start":{"line":172,"column":8},"end":{"line":174,"column":9}},"62":{"start":{"line":173,"column":12},"end":{"line":173,"column":26}},"63":{"start":{"line":176,"column":24},"end":{"line":186,"column":37}},"64":{"start":{"line":188,"column":29},"end":{"line":188,"column":98}},"65":{"start":{"line":189,"column":32},"end":{"line":189,"column":110}},"66":{"start":{"line":190,"column":30},"end":{"line":190,"column":96}},"67":{"start":{"line":191,"column":33},"end":{"line":191,"column":108}},"68":{"start":{"line":192,"column":31},"end":{"line":192,"column":102}},"69":{"start":{"line":193,"column":34},"end":{"line":193,"column":114}},"70":{"start":{"line":194,"column":25},"end":{"line":194,"column":80}},"71":{"start":{"line":195,"column":30},"end":{"line":195,"column":92}},"72":{"start":{"line":196,"column":32},"end":{"line":196,"column":96}},"73":{"start":{"line":198,"column":27},"end":{"line":208,"column":10}},"74":{"start":{"line":209,"column":8},"end":{"line":209,"column":44}},"75":{"start":{"line":210,"column":8},"end":{"line":210,"column":26}},"76":{"start":{"line":214,"column":27},"end":{"line":214,"column":54}},"77":{"start":{"line":215,"column":25},"end":{"line":215,"column":64}},"78":{"start":{"line":216,"column":23},"end":{"line":216,"column":56}},"79":{"start":{"line":217,"column":8},"end":{"line":219,"column":9}},"80":{"start":{"line":218,"column":12},"end":{"line":218,"column":26}},"81":{"start":{"line":221,"column":24},"end":{"line":221,"column":34}},"82":{"start":{"line":222,"column":8},"end":{"line":222,"column":49}},"83":{"start":{"line":223,"column":24},"end":{"line":226,"column":10}},"84":{"start":{"line":227,"column":23},"end":{"line":236,"column":15}},"85":{"start":{"line":228,"column":30},"end":{"line":228,"column":60}},"86":{"start":{"line":229,"column":28},"end":{"line":236,"column":14}},"87":{"start":{"line":238,"column":23},"end":{"line":238,"column":53}},"88":{"start":{"line":239,"column":8},"end":{"line":239,"column":40}},"89":{"start":{"line":240,"column":8},"end":{"line":240,"column":22}},"90":{"start":{"line":244,"column":27},"end":{"line":244,"column":54}},"91":{"start":{"line":245,"column":25},"end":{"line":245,"column":61}},"92":{"start":{"line":246,"column":23},"end":{"line":246,"column":59}},"93":{"start":{"line":247,"column":8},"end":{"line":249,"column":9}},"94":{"start":{"line":248,"column":12},"end":{"line":248,"column":26}},"95":{"start":{"line":251,"column":8},"end":{"line":265,"column":9}},"96":{"start":{"line":252,"column":33},"end":{"line":252,"column":150}},"97":{"start":{"line":253,"column":25},"end":{"line":259,"column":15}},"98":{"start":{"line":253,"column":104},"end":{"line":259,"column":14}},"99":{"start":{"line":261,"column":12},"end":{"line":261,"column":58}},"100":{"start":{"line":262,"column":12},"end":{"line":262,"column":24}},"101":{"start":{"line":264,"column":12},"end":{"line":264,"column":22}},"102":{"start":{"line":269,"column":27},"end":{"line":269,"column":54}},"103":{"start":{"line":270,"column":25},"end":{"line":270,"column":64}},"104":{"start":{"line":271,"column":23},"end":{"line":271,"column":106}},"105":{"start":{"line":272,"column":8},"end":{"line":274,"column":9}},"106":{"start":{"line":273,"column":12},"end":{"line":273,"column":26}},"107":{"start":{"line":276,"column":8},"end":{"line":310,"column":9}},"108":{"start":{"line":278,"column":26},"end":{"line":278,"column":127}},"109":{"start":{"line":279,"column":33},"end":{"line":279,"column":90}},"110":{"start":{"line":280,"column":27},"end":{"line":280,"column":94}},"111":{"start":{"line":281,"column":29},"end":{"line":281,"column":100}},"112":{"start":{"line":283,"column":43},"end":{"line":283,"column":45}},"113":{"start":{"line":284,"column":12},"end":{"line":290,"column":13}},"114":{"start":{"line":285,"column":37},"end":{"line":285,"column":147}},"115":{"start":{"line":286,"column":16},"end":{"line":289,"column":43}},"116":{"start":{"line":287,"column":35},"end":{"line":287,"column":70}},"117":{"start":{"line":289,"column":32},"end":{"line":289,"column":41}},"118":{"start":{"line":292,"column":34},"end":{"line":292,"column":36}},"119":{"start":{"line":293,"column":12},"end":{"line":304,"column":13}},"120":{"start":{"line":294,"column":16},"end":{"line":303,"column":17}},"121":{"start":{"line":295,"column":30},"end":{"line":295,"column":86}},"122":{"start":{"line":296,"column":20},"end":{"line":300,"column":23}},"123":{"start":{"line":306,"column":12},"end":{"line":306,"column":67}},"124":{"start":{"line":307,"column":12},"end":{"line":307,"column":33}},"125":{"start":{"line":309,"column":12},"end":{"line":309,"column":22}},"126":{"start":{"line":314,"column":13},"end":{"line":314,"column":47}}},"fnMap":{"0":{"name":"getRecordArray","decl":{"start":{"line":28,"column":9},"end":{"line":28,"column":23}},"loc":{"start":{"line":28,"column":83},"end":{"line":31,"column":1}}},"1":{"name":"(anonymous_2)","decl":{"start":{"line":36,"column":12},"end":{"line":36,"column":23}},"loc":{"start":{"line":36,"column":54},"end":{"line":38,"column":5}}},"2":{"name":"(anonymous_3)","decl":{"start":{"line":40,"column":12},"end":{"line":40,"column":21}},"loc":{"start":{"line":40,"column":36},"end":{"line":50,"column":5}}},"3":{"name":"(anonymous_4)","decl":{"start":{"line":52,"column":12},"end":{"line":52,"column":20}},"loc":{"start":{"line":52,"column":68},"end":{"line":54,"column":5}}},"4":{"name":"(anonymous_5)","decl":{"start":{"line":56,"column":4},"end":{"line":56,"column":9}},"loc":{"start":{"line":56,"column":36},"end":{"line":77,"column":5}}},"5":{"name":"(anonymous_6)","decl":{"start":{"line":67,"column":17},"end":{"line":67,"column":18}},"loc":{"start":{"line":67,"column":53},"end":{"line":72,"column":14}}},"6":{"name":"(anonymous_7)","decl":{"start":{"line":79,"column":4},"end":{"line":79,"column":9}},"loc":{"start":{"line":79,"column":33},"end":{"line":107,"column":5}}},"7":{"name":"(anonymous_8)","decl":{"start":{"line":109,"column":4},"end":{"line":109,"column":9}},"loc":{"start":{"line":109,"column":39},"end":{"line":141,"column":5}}},"8":{"name":"(anonymous_9)","decl":{"start":{"line":143,"column":4},"end":{"line":143,"column":9}},"loc":{"start":{"line":143,"column":43},"end":{"line":166,"column":5}}},"9":{"name":"(anonymous_10)","decl":{"start":{"line":168,"column":4},"end":{"line":168,"column":9}},"loc":{"start":{"line":168,"column":47},"end":{"line":211,"column":5}}},"10":{"name":"(anonymous_11)","decl":{"start":{"line":213,"column":4},"end":{"line":213,"column":9}},"loc":{"start":{"line":213,"column":40},"end":{"line":241,"column":5}}},"11":{"name":"(anonymous_12)","decl":{"start":{"line":228,"column":20},"end":{"line":228,"column":21}},"loc":{"start":{"line":228,"column":30},"end":{"line":228,"column":60}}},"12":{"name":"(anonymous_13)","decl":{"start":{"line":229,"column":17},"end":{"line":229,"column":18}},"loc":{"start":{"line":229,"column":28},"end":{"line":236,"column":14}}},"13":{"name":"(anonymous_14)","decl":{"start":{"line":243,"column":4},"end":{"line":243,"column":9}},"loc":{"start":{"line":243,"column":37},"end":{"line":266,"column":5}}},"14":{"name":"(anonymous_15)","decl":{"start":{"line":253,"column":68},"end":{"line":253,"column":69}},"loc":{"start":{"line":253,"column":104},"end":{"line":259,"column":14}}},"15":{"name":"(anonymous_16)","decl":{"start":{"line":268,"column":4},"end":{"line":268,"column":9}},"loc":{"start":{"line":268,"column":41},"end":{"line":311,"column":5}}},"16":{"name":"(anonymous_17)","decl":{"start":{"line":287,"column":28},"end":{"line":287,"column":29}},"loc":{"start":{"line":287,"column":35},"end":{"line":287,"column":70}}},"17":{"name":"(anonymous_18)","decl":{"start":{"line":289,"column":25},"end":{"line":289,"column":26}},"loc":{"start":{"line":289,"column":32},"end":{"line":289,"column":41}}}},"branchMap":{"0":{"loc":{"start":{"line":30,"column":11},"end":{"line":30,"column":44}},"type":"cond-expr","locations":[{"start":{"line":30,"column":34},"end":{"line":30,"column":39}},{"start":{"line":30,"column":42},"end":{"line":30,"column":44}}]},"1":{"loc":{"start":{"line":42,"column":8},"end":{"line":44,"column":9}},"type":"if","locations":[{"start":{"line":42,"column":8},"end":{"line":44,"column":9}},{"start":{},"end":{}}]},"2":{"loc":{"start":{"line":45,"column":8},"end":{"line":48,"column":9}},"type":"if","locations":[{"start":{"line":45,"column":8},"end":{"line":48,"column":9}},{"start":{},"end":{}}]},"3":{"loc":{"start":{"line":52,"column":47},"end":{"line":52,"column":68}},"type":"default-arg","locations":[{"start":{"line":52,"column":55},"end":{"line":52,"column":68}}]},"4":{"loc":{"start":{"line":60,"column":8},"end":{"line":62,"column":9}},"type":"if","locations":[{"start":{"line":60,"column":8},"end":{"line":62,"column":9}},{"start":{},"end":{}}]},"5":{"loc":{"start":{"line":65,"column":24},"end":{"line":65,"column":44}},"type":"binary-expr","locations":[{"start":{"line":65,"column":24},"end":{"line":65,"column":38}},{"start":{"line":65,"column":42},"end":{"line":65,"column":44}}]},"6":{"loc":{"start":{"line":68,"column":24},"end":{"line":68,"column":77}},"type":"cond-expr","locations":[{"start":{"line":68,"column":58},"end":{"line":68,"column":69}},{"start":{"line":68,"column":72},"end":{"line":68,"column":77}}]},"7":{"loc":{"start":{"line":69,"column":22},"end":{"line":69,"column":139}},"type":"cond-expr","locations":[{"start":{"line":69,"column":59},"end":{"line":69,"column":73}},{"start":{"line":69,"column":77},"end":{"line":69,"column":138}}]},"8":{"loc":{"start":{"line":69,"column":77},"end":{"line":69,"column":138}},"type":"cond-expr","locations":[{"start":{"line":69,"column":113},"end":{"line":69,"column":126}},{"start":{"line":69,"column":129},"end":{"line":69,"column":138}}]},"9":{"loc":{"start":{"line":70,"column":26},"end":{"line":70,"column":83}},"type":"cond-expr","locations":[{"start":{"line":70,"column":62},"end":{"line":70,"column":75}},{"start":{"line":70,"column":78},"end":{"line":70,"column":83}}]},"10":{"loc":{"start":{"line":71,"column":22},"end":{"line":71,"column":82}},"type":"cond-expr","locations":[{"start":{"line":71,"column":58},"end":{"line":71,"column":71}},{"start":{"line":71,"column":74},"end":{"line":71,"column":82}}]},"11":{"loc":{"start":{"line":83,"column":8},"end":{"line":85,"column":9}},"type":"if","locations":[{"start":{"line":83,"column":8},"end":{"line":85,"column":9}},{"start":{},"end":{}}]},"12":{"loc":{"start":{"line":89,"column":20},"end":{"line":89,"column":84}},"type":"cond-expr","locations":[{"start":{"line":89,"column":57},"end":{"line":89,"column":71}},{"start":{"line":89,"column":74},"end":{"line":89,"column":84}}]},"13":{"loc":{"start":{"line":90,"column":23},"end":{"line":90,"column":153}},"type":"cond-expr","locations":[{"start":{"line":90,"column":63},"end":{"line":90,"column":80}},{"start":{"line":90,"column":84},"end":{"line":90,"column":152}}]},"14":{"loc":{"start":{"line":90,"column":84},"end":{"line":90,"column":152}},"type":"cond-expr","locations":[{"start":{"line":90,"column":123},"end":{"line":90,"column":139}},{"start":{"line":90,"column":142},"end":{"line":90,"column":152}}]},"15":{"loc":{"start":{"line":91,"column":32},"end":{"line":91,"column":114}},"type":"cond-expr","locations":[{"start":{"line":91,"column":81},"end":{"line":91,"column":107}},{"start":{"line":91,"column":110},"end":{"line":91,"column":114}}]},"16":{"loc":{"start":{"line":92,"column":40},"end":{"line":92,"column":135}},"type":"cond-expr","locations":[{"start":{"line":92,"column":97},"end":{"line":92,"column":131}},{"start":{"line":92,"column":134},"end":{"line":92,"column":135}}]},"17":{"loc":{"start":{"line":93,"column":22},"end":{"line":93,"column":85}},"type":"cond-expr","locations":[{"start":{"line":93,"column":61},"end":{"line":93,"column":77}},{"start":{"line":93,"column":80},"end":{"line":93,"column":85}}]},"18":{"loc":{"start":{"line":94,"column":26},"end":{"line":94,"column":97}},"type":"cond-expr","locations":[{"start":{"line":94,"column":69},"end":{"line":94,"column":89}},{"start":{"line":94,"column":92},"end":{"line":94,"column":97}}]},"19":{"loc":{"start":{"line":95,"column":30},"end":{"line":95,"column":109}},"type":"cond-expr","locations":[{"start":{"line":95,"column":77},"end":{"line":95,"column":101}},{"start":{"line":95,"column":104},"end":{"line":95,"column":109}}]},"20":{"loc":{"start":{"line":96,"column":23},"end":{"line":96,"column":87}},"type":"cond-expr","locations":[{"start":{"line":96,"column":63},"end":{"line":96,"column":80}},{"start":{"line":96,"column":83},"end":{"line":96,"column":87}}]},"21":{"loc":{"start":{"line":97,"column":30},"end":{"line":97,"column":108}},"type":"cond-expr","locations":[{"start":{"line":97,"column":77},"end":{"line":97,"column":101}},{"start":{"line":97,"column":104},"end":{"line":97,"column":108}}]},"22":{"loc":{"start":{"line":98,"column":29},"end":{"line":98,"column":105}},"type":"cond-expr","locations":[{"start":{"line":98,"column":75},"end":{"line":98,"column":98}},{"start":{"line":98,"column":101},"end":{"line":98,"column":105}}]},"23":{"loc":{"start":{"line":99,"column":24},"end":{"line":99,"column":90}},"type":"cond-expr","locations":[{"start":{"line":99,"column":65},"end":{"line":99,"column":83}},{"start":{"line":99,"column":86},"end":{"line":99,"column":90}}]},"24":{"loc":{"start":{"line":100,"column":25},"end":{"line":100,"column":93}},"type":"cond-expr","locations":[{"start":{"line":100,"column":67},"end":{"line":100,"column":86}},{"start":{"line":100,"column":89},"end":{"line":100,"column":93}}]},"25":{"loc":{"start":{"line":101,"column":27},"end":{"line":101,"column":99}},"type":"cond-expr","locations":[{"start":{"line":101,"column":71},"end":{"line":101,"column":92}},{"start":{"line":101,"column":95},"end":{"line":101,"column":99}}]},"26":{"loc":{"start":{"line":102,"column":25},"end":{"line":102,"column":97}},"type":"cond-expr","locations":[{"start":{"line":102,"column":67},"end":{"line":102,"column":86}},{"start":{"line":102,"column":89},"end":{"line":102,"column":97}}]},"27":{"loc":{"start":{"line":103,"column":23},"end":{"line":103,"column":91}},"type":"cond-expr","locations":[{"start":{"line":103,"column":63},"end":{"line":103,"column":80}},{"start":{"line":103,"column":83},"end":{"line":103,"column":91}}]},"28":{"loc":{"start":{"line":113,"column":8},"end":{"line":115,"column":9}},"type":"if","locations":[{"start":{"line":113,"column":8},"end":{"line":115,"column":9}},{"start":{},"end":{}}]},"29":{"loc":{"start":{"line":126,"column":20},"end":{"line":126,"column":90}},"type":"cond-expr","locations":[{"start":{"line":126,"column":63},"end":{"line":126,"column":82}},{"start":{"line":126,"column":85},"end":{"line":126,"column":90}}]},"30":{"loc":{"start":{"line":127,"column":22},"end":{"line":127,"column":96}},"type":"cond-expr","locations":[{"start":{"line":127,"column":67},"end":{"line":127,"column":88}},{"start":{"line":127,"column":91},"end":{"line":127,"column":96}}]},"31":{"loc":{"start":{"line":128,"column":21},"end":{"line":128,"column":92}},"type":"cond-expr","locations":[{"start":{"line":128,"column":65},"end":{"line":128,"column":85}},{"start":{"line":128,"column":88},"end":{"line":128,"column":92}}]},"32":{"loc":{"start":{"line":129,"column":33},"end":{"line":129,"column":128}},"type":"cond-expr","locations":[{"start":{"line":129,"column":89},"end":{"line":129,"column":121}},{"start":{"line":129,"column":124},"end":{"line":129,"column":128}}]},"33":{"loc":{"start":{"line":130,"column":32},"end":{"line":130,"column":111}},"type":"cond-expr","locations":[{"start":{"line":130,"column":80},"end":{"line":130,"column":104}},{"start":{"line":130,"column":107},"end":{"line":130,"column":111}}]},"34":{"loc":{"start":{"line":131,"column":22},"end":{"line":131,"column":82}},"type":"cond-expr","locations":[{"start":{"line":131,"column":60},"end":{"line":131,"column":74}},{"start":{"line":131,"column":77},"end":{"line":131,"column":82}}]},"35":{"loc":{"start":{"line":132,"column":26},"end":{"line":132,"column":94}},"type":"cond-expr","locations":[{"start":{"line":132,"column":68},"end":{"line":132,"column":86}},{"start":{"line":132,"column":89},"end":{"line":132,"column":94}}]},"36":{"loc":{"start":{"line":133,"column":23},"end":{"line":133,"column":114}},"type":"cond-expr","locations":[{"start":{"line":133,"column":77},"end":{"line":133,"column":107}},{"start":{"line":133,"column":110},"end":{"line":133,"column":114}}]},"37":{"loc":{"start":{"line":134,"column":29},"end":{"line":134,"column":132}},"type":"cond-expr","locations":[{"start":{"line":134,"column":89},"end":{"line":134,"column":125}},{"start":{"line":134,"column":128},"end":{"line":134,"column":132}}]},"38":{"loc":{"start":{"line":135,"column":24},"end":{"line":135,"column":117}},"type":"cond-expr","locations":[{"start":{"line":135,"column":79},"end":{"line":135,"column":110}},{"start":{"line":135,"column":113},"end":{"line":135,"column":117}}]},"39":{"loc":{"start":{"line":136,"column":25},"end":{"line":136,"column":120}},"type":"cond-expr","locations":[{"start":{"line":136,"column":81},"end":{"line":136,"column":113}},{"start":{"line":136,"column":116},"end":{"line":136,"column":120}}]},"40":{"loc":{"start":{"line":137,"column":27},"end":{"line":137,"column":126}},"type":"cond-expr","locations":[{"start":{"line":137,"column":85},"end":{"line":137,"column":119}},{"start":{"line":137,"column":122},"end":{"line":137,"column":126}}]},"41":{"loc":{"start":{"line":147,"column":8},"end":{"line":149,"column":9}},"type":"if","locations":[{"start":{"line":147,"column":8},"end":{"line":149,"column":9}},{"start":{},"end":{}}]},"42":{"loc":{"start":{"line":160,"column":34},"end":{"line":160,"column":60}},"type":"binary-expr","locations":[{"start":{"line":160,"column":34},"end":{"line":160,"column":54}},{"start":{"line":160,"column":58},"end":{"line":160,"column":60}}]},"43":{"loc":{"start":{"line":161,"column":27},"end":{"line":161,"column":46}},"type":"binary-expr","locations":[{"start":{"line":161,"column":27},"end":{"line":161,"column":40}},{"start":{"line":161,"column":44},"end":{"line":161,"column":46}}]},"44":{"loc":{"start":{"line":162,"column":27},"end":{"line":162,"column":46}},"type":"binary-expr","locations":[{"start":{"line":162,"column":27},"end":{"line":162,"column":40}},{"start":{"line":162,"column":44},"end":{"line":162,"column":46}}]},"45":{"loc":{"start":{"line":172,"column":8},"end":{"line":174,"column":9}},"type":"if","locations":[{"start":{"line":172,"column":8},"end":{"line":174,"column":9}},{"start":{},"end":{}}]},"46":{"loc":{"start":{"line":217,"column":8},"end":{"line":219,"column":9}},"type":"if","locations":[{"start":{"line":217,"column":8},"end":{"line":219,"column":9}},{"start":{},"end":{}}]},"47":{"loc":{"start":{"line":231,"column":22},"end":{"line":231,"column":76}},"type":"cond-expr","locations":[{"start":{"line":231,"column":54},"end":{"line":231,"column":63}},{"start":{"line":231,"column":66},"end":{"line":231,"column":76}}]},"48":{"loc":{"start":{"line":232,"column":22},"end":{"line":232,"column":76}},"type":"cond-expr","locations":[{"start":{"line":232,"column":54},"end":{"line":232,"column":63}},{"start":{"line":232,"column":66},"end":{"line":232,"column":76}}]},"49":{"loc":{"start":{"line":233,"column":21},"end":{"line":233,"column":73}},"type":"cond-expr","locations":[{"start":{"line":233,"column":52},"end":{"line":233,"column":60}},{"start":{"line":233,"column":63},"end":{"line":233,"column":73}}]},"50":{"loc":{"start":{"line":235,"column":24},"end":{"line":235,"column":76}},"type":"cond-expr","locations":[{"start":{"line":235,"column":58},"end":{"line":235,"column":69}},{"start":{"line":235,"column":72},"end":{"line":235,"column":76}}]},"51":{"loc":{"start":{"line":247,"column":8},"end":{"line":249,"column":9}},"type":"if","locations":[{"start":{"line":247,"column":8},"end":{"line":249,"column":9}},{"start":{},"end":{}}]},"52":{"loc":{"start":{"line":253,"column":26},"end":{"line":253,"column":49}},"type":"binary-expr","locations":[{"start":{"line":253,"column":26},"end":{"line":253,"column":43}},{"start":{"line":253,"column":47},"end":{"line":253,"column":49}}]},"53":{"loc":{"start":{"line":254,"column":23},"end":{"line":254,"column":79}},"type":"cond-expr","locations":[{"start":{"line":254,"column":56},"end":{"line":254,"column":66}},{"start":{"line":254,"column":69},"end":{"line":254,"column":79}}]},"54":{"loc":{"start":{"line":255,"column":25},"end":{"line":255,"column":98}},"type":"cond-expr","locations":[{"start":{"line":255,"column":60},"end":{"line":255,"column":72}},{"start":{"line":255,"column":75},"end":{"line":255,"column":98}}]},"55":{"loc":{"start":{"line":256,"column":21},"end":{"line":256,"column":68}},"type":"cond-expr","locations":[{"start":{"line":256,"column":53},"end":{"line":256,"column":62}},{"start":{"line":256,"column":65},"end":{"line":256,"column":68}}]},"56":{"loc":{"start":{"line":257,"column":29},"end":{"line":257,"column":111}},"type":"cond-expr","locations":[{"start":{"line":257,"column":68},"end":{"line":257,"column":84}},{"start":{"line":257,"column":87},"end":{"line":257,"column":111}}]},"57":{"loc":{"start":{"line":258,"column":24},"end":{"line":258,"column":87}},"type":"cond-expr","locations":[{"start":{"line":258,"column":61},"end":{"line":258,"column":75}},{"start":{"line":258,"column":78},"end":{"line":258,"column":87}}]},"58":{"loc":{"start":{"line":272,"column":8},"end":{"line":274,"column":9}},"type":"if","locations":[{"start":{"line":272,"column":8},"end":{"line":274,"column":9}},{"start":{},"end":{}}]},"59":{"loc":{"start":{"line":280,"column":27},"end":{"line":280,"column":94}},"type":"cond-expr","locations":[{"start":{"line":280,"column":70},"end":{"line":280,"column":89}},{"start":{"line":280,"column":92},"end":{"line":280,"column":94}}]},"60":{"loc":{"start":{"line":281,"column":29},"end":{"line":281,"column":100}},"type":"cond-expr","locations":[{"start":{"line":281,"column":74},"end":{"line":281,"column":95}},{"start":{"line":281,"column":98},"end":{"line":281,"column":100}}]},"61":{"loc":{"start":{"line":284,"column":12},"end":{"line":290,"column":13}},"type":"if","locations":[{"start":{"line":284,"column":12},"end":{"line":290,"column":13}},{"start":{},"end":{}}]},"62":{"loc":{"start":{"line":286,"column":34},"end":{"line":286,"column":59}},"type":"binary-expr","locations":[{"start":{"line":286,"column":34},"end":{"line":286,"column":53}},{"start":{"line":286,"column":57},"end":{"line":286,"column":59}}]},"63":{"loc":{"start":{"line":287,"column":35},"end":{"line":287,"column":70}},"type":"binary-expr","locations":[{"start":{"line":287,"column":35},"end":{"line":287,"column":43}},{"start":{"line":287,"column":47},"end":{"line":287,"column":70}}]},"64":{"loc":{"start":{"line":297,"column":32},"end":{"line":297,"column":77}},"type":"cond-expr","locations":[{"start":{"line":297,"column":63},"end":{"line":297,"column":71}},{"start":{"line":297,"column":74},"end":{"line":297,"column":77}}]},"65":{"loc":{"start":{"line":298,"column":30},"end":{"line":298,"column":129}},"type":"cond-expr","locations":[{"start":{"line":298,"column":64},"end":{"line":298,"column":75}},{"start":{"line":298,"column":79},"end":{"line":298,"column":128}}]},"66":{"loc":{"start":{"line":298,"column":79},"end":{"line":298,"column":128}},"type":"cond-expr","locations":[{"start":{"line":298,"column":112},"end":{"line":298,"column":122}},{"start":{"line":298,"column":125},"end":{"line":298,"column":128}}]},"67":{"loc":{"start":{"line":299,"column":34},"end":{"line":299,"column":93}},"type":"cond-expr","locations":[{"start":{"line":299,"column":71},"end":{"line":299,"column":85}},{"start":{"line":299,"column":88},"end":{"line":299,"column":93}}]}},"s":{"0":1,"1":1,"2":0,"3":0,"4":1,"5":0,"6":0,"7":0,"8":0,"9":0,"10":0,"11":0,"12":0,"13":0,"14":0,"15":0,"16":0,"17":0,"18":0,"19":0,"20":0,"21":0,"22":0,"23":0,"24":0,"25":0,"26":0,"27":0,"28":0,"29":0,"30":0,"31":0,"32":0,"33":0,"34":0,"35":0,"36":0,"37":0,"38":0,"39":0,"40":0,"41":0,"42":0,"43":0,"44":0,"45":0,"46":0,"47":0,"48":0,"49":0,"50":0,"51":0,"52":0,"53":0,"54":0,"55":0,"56":0,"57":0,"58":0,"59":0,"60":0,"61":0,"62":0,"63":0,"64":0,"65":0,"66":0,"67":0,"68":0,"69":0,"70":0,"71":0,"72":0,"73":0,"74":0,"75":0,"76":0,"77":0,"78":0,"79":0,"80":0,"81":0,"82":0,"83":0,"84":0,"85":0,"86":0,"87":0,"88":0,"89":0,"90":0,"91":0,"92":0,"93":0,"94":0,"95":0,"96":0,"97":0,"98":0,"99":0,"100":0,"101":0,"102":0,"103":0,"104":0,"105":0,"106":0,"107":0,"108":0,"109":0,"110":0,"111":0,"112":0,"113":0,"114":0,"115":0,"116":0,"117":0,"118":0,"119":0,"120":0,"121":0,"122":0,"123":0,"124":0,"125":0,"126":1},"f":{"0":0,"1":0,"2":0,"3":0,"4":0,"5":0,"6":0,"7":0,"8":0,"9":0,"10":0,"11":0,"12":0,"13":0,"14":0,"15":0,"16":0,"17":0},"b":{"0":[0,0],"1":[0,0],"2":[0,0],"3":[0],"4":[0,0],"5":[0,0],"6":[0,0],"7":[0,0],"8":[0,0],"9":[0,0],"10":[0,0],"11":[0,0],"12":[0,0],"13":[0,0],"14":[0,0],"15":[0,0],"16":[0,0],"17":[0,0],"18":[0,0],"19":[0,0],"20":[0,0],"21":[0,0],"22":[0,0],"23":[0,0],"24":[0,0],"25":[0,0],"26":[0,0],"27":[0,0],"28":[0,0],"29":[0,0],"30":[0,0],"31":[0,0],"32":[0,0],"33":[0,0],"34":[0,0],"35":[0,0],"36":[0,0],"37":[0,0],"38":[0,0],"39":[0,0],"40":[0,0],"41":[0,0],"42":[0,0],"43":[0,0],"44":[0,0],"45":[0,0],"46":[0,0],"47":[0,0],"48":[0,0],"49":[0,0],"50":[0,0],"51":[0,0],"52":[0,0],"53":[0,0],"54":[0,0],"55":[0,0],"56":[0,0],"57":[0,0],"58":[0,0],"59":[0,0],"60":[0,0],"61":[0,0],"62":[0,0],"63":[0,0],"64":[0,0],"65":[0,0],"66":[0,0],"67":[0,0]}}
,"C:\\Users\\User\\Desktop\\workspace\\ai_stock_screener\\backend\\src\\utils\\asyncWrapper.ts": {"path":"C:\\Users\\User\\Desktop\\workspace\\ai_stock_screener\\backend\\src\\utils\\asyncWrapper.ts","statementMap":{"0":{"start":{"line":3,"column":28},"end":{"line":7,"column":1}},"1":{"start":{"line":4,"column":4},"end":{"line":6,"column":6}},"2":{"start":{"line":5,"column":8},"end":{"line":5,"column":56}},"3":{"start":{"line":3,"column":13},"end":{"line":3,"column":28}}},"fnMap":{"0":{"name":"(anonymous_0)","decl":{"start":{"line":3,"column":28},"end":{"line":3,"column":29}},"loc":{"start":{"line":3,"column":106},"end":{"line":7,"column":1}}},"1":{"name":"(anonymous_1)","decl":{"start":{"line":4,"column":11},"end":{"line":4,"column":12}},"loc":{"start":{"line":4,"column":63},"end":{"line":6,"column":5}}}},"branchMap":{},"s":{"0":1,"1":20,"2":2,"3":1},"f":{"0":20,"1":2},"b":{}}
,"C:\\Users\\User\\Desktop\\workspace\\ai_stock_screener\\backend\\src\\utils\\clerkSync.ts": {"path":"C:\\Users\\User\\Desktop\\workspace\\ai_stock_screener\\backend\\src\\utils\\clerkSync.ts","statementMap":{"0":{"start":{"line":1,"column":0},"end":{"line":1,"column":51}},"1":{"start":{"line":3,"column":14},"end":{"line":5,"column":2}},"2":{"start":{"line":7,"column":28},"end":{"line":14,"column":1}},"3":{"start":{"line":8,"column":17},"end":{"line":8,"column":50}},"4":{"start":{"line":9,"column":4},"end":{"line":13,"column":6}},"5":{"start":{"line":7,"column":13},"end":{"line":7,"column":28}}},"fnMap":{"0":{"name":"(anonymous_0)","decl":{"start":{"line":7,"column":28},"end":{"line":7,"column":33}},"loc":{"start":{"line":7,"column":83},"end":{"line":14,"column":1}}}},"branchMap":{"0":{"loc":{"start":{"line":4,"column":15},"end":{"line":4,"column":49}},"type":"binary-expr","locations":[{"start":{"line":4,"column":15},"end":{"line":4,"column":43}},{"start":{"line":4,"column":47},"end":{"line":4,"column":49}}]},"1":{"loc":{"start":{"line":11,"column":15},"end":{"line":11,"column":60}},"type":"binary-expr","locations":[{"start":{"line":11,"column":15},"end":{"line":11,"column":51}},{"start":{"line":11,"column":55},"end":{"line":11,"column":60}}]},"2":{"loc":{"start":{"line":12,"column":14},"end":{"line":12,"column":46}},"type":"binary-expr","locations":[{"start":{"line":12,"column":14},"end":{"line":12,"column":28}},{"start":{"line":12,"column":32},"end":{"line":12,"column":36}},{"start":{"line":12,"column":40},"end":{"line":12,"column":46}}]}},"s":{"0":0,"1":0,"2":0,"3":0,"4":0,"5":0},"f":{"0":0},"b":{"0":[0,0],"1":[0,0],"2":[0,0,0]}}
,"C:\\Users\\User\\Desktop\\workspace\\ai_stock_screener\\backend\\src\\utils\\logger.ts": {"path":"C:\\Users\\User\\Desktop\\workspace\\ai_stock_screener\\backend\\src\\utils\\logger.ts","statementMap":{"0":{"start":{"line":5,"column":22},"end":{"line":10,"column":10}},"1":{"start":{"line":12,"column":8},"end":{"line":15,"column":9}},"2":{"start":{"line":13,"column":12},"end":{"line":13,"column":33}},"3":{"start":{"line":14,"column":12},"end":{"line":14,"column":19}},"4":{"start":{"line":17,"column":8},"end":{"line":20,"column":9}},"5":{"start":{"line":18,"column":12},"end":{"line":18,"column":32}},"6":{"start":{"line":19,"column":12},"end":{"line":19,"column":19}},"7":{"start":{"line":22,"column":8},"end":{"line":22,"column":28}},"8":{"start":{"line":26,"column":8},"end":{"line":26,"column":42}},"9":{"start":{"line":30,"column":8},"end":{"line":30,"column":42}},"10":{"start":{"line":34,"column":8},"end":{"line":34,"column":43}},"11":{"start":{"line":38,"column":13},"end":{"line":38,"column":35}}},"fnMap":{"0":{"name":"(anonymous_0)","decl":{"start":{"line":4,"column":12},"end":{"line":4,"column":17}},"loc":{"start":{"line":4,"column":66},"end":{"line":23,"column":5}}},"1":{"name":"(anonymous_1)","decl":{"start":{"line":25,"column":4},"end":{"line":25,"column":8}},"loc":{"start":{"line":25,"column":40},"end":{"line":27,"column":5}}},"2":{"name":"(anonymous_2)","decl":{"start":{"line":29,"column":4},"end":{"line":29,"column":8}},"loc":{"start":{"line":29,"column":40},"end":{"line":31,"column":5}}},"3":{"name":"(anonymous_3)","decl":{"start":{"line":33,"column":4},"end":{"line":33,"column":9}},"loc":{"start":{"line":33,"column":41},"end":{"line":35,"column":5}}}},"branchMap":{"0":{"loc":{"start":{"line":9,"column":16},"end":{"line":9,"column":36}},"type":"cond-expr","locations":[{"start":{"line":9,"column":23},"end":{"line":9,"column":31}},{"start":{"line":9,"column":34},"end":{"line":9,"column":36}}]},"1":{"loc":{"start":{"line":12,"column":8},"end":{"line":15,"column":9}},"type":"if","locations":[{"start":{"line":12,"column":8},"end":{"line":15,"column":9}},{"start":{},"end":{}}]},"2":{"loc":{"start":{"line":17,"column":8},"end":{"line":20,"column":9}},"type":"if","locations":[{"start":{"line":17,"column":8},"end":{"line":20,"column":9}},{"start":{},"end":{}}]}},"s":{"0":0,"1":0,"2":0,"3":0,"4":0,"5":0,"6":0,"7":0,"8":0,"9":0,"10":0,"11":1},"f":{"0":0,"1":0,"2":0,"3":0},"b":{"0":[0,0],"1":[0,0],"2":[0,0]}}
,"C:\\Users\\User\\Desktop\\workspace\\ai_stock_screener\\backend\\src\\validators\\health.validator.ts": {"path":"C:\\Users\\User\\Desktop\\workspace\\ai_stock_screener\\backend\\src\\validators\\health.validator.ts","statementMap":{"0":{"start":{"line":5,"column":35},"end":{"line":13,"column":1}},"1":{"start":{"line":6,"column":24},"end":{"line":6,"column":29}},"2":{"start":{"line":8,"column":4},"end":{"line":12,"column":5}},"3":{"start":{"line":9,"column":22},"end":{"line":9,"column":77}},"4":{"start":{"line":10,"column":9},"end":{"line":10,"column":68}},"5":{"start":{"line":11,"column":8},"end":{"line":11,"column":20}},"6":{"start":{"line":5,"column":13},"end":{"line":5,"column":35}}},"fnMap":{"0":{"name":"(anonymous_0)","decl":{"start":{"line":5,"column":35},"end":{"line":5,"column":36}},"loc":{"start":{"line":5,"column":70},"end":{"line":13,"column":1}}}},"branchMap":{"0":{"loc":{"start":{"line":8,"column":4},"end":{"line":12,"column":5}},"type":"if","locations":[{"start":{"line":8,"column":4},"end":{"line":12,"column":5}},{"start":{},"end":{}}]},"1":{"loc":{"start":{"line":8,"column":8},"end":{"line":8,"column":60}},"type":"binary-expr","locations":[{"start":{"line":8,"column":8},"end":{"line":8,"column":29}},{"start":{"line":8,"column":33},"end":{"line":8,"column":60}}]}},"s":{"0":1,"1":2,"2":2,"3":0,"4":0,"5":0,"6":1},"f":{"0":2},"b":{"0":[0,2],"1":[2,0]}}
}
